#
# There is insufficient memory for the Java Runtime Environment to continue.
# Native memory allocation (malloc) failed to allocate 400016 bytes for Chunk::new
# Possible reasons:
#   The system is out of physical RAM or swap space
#   The process is running with CompressedOops enabled, and the Java Heap may be blocking the growth of the native heap
# Possible solutions:
#   Reduce memory load on the system
#   Increase physical memory or swap space
#   Check if swap backing store is full
#   Decrease Java heap size (-Xmx/-Xms)
#   Decrease number of Java threads
#   Decrease Java thread stack sizes (-Xss)
#   Set larger code cache with -XX:ReservedCodeCacheSize=
#   JVM is running with Unscaled Compressed Oops mode in which the Java heap is
#     placed in the first 4GB address space. The Java Heap base address is the
#     maximum limit for the native heap growth. Please use -XX:HeapBaseMinAddress
#     to set the Java Heap base and to place the Java Heap above 4GB virtual address.
# This output file may be truncated or incomplete.
#
#  Out of Memory Error (arena.cpp:184), pid=23376, tid=920
#
# JRE version: Java(TM) SE Runtime Environment (20.0.2+9) (build 20.0.2+9-78)
# Java VM: Java HotSpot(TM) 64-Bit Server VM (20.0.2+9-78, mixed mode, sharing, tiered, compressed oops, compressed class ptrs, g1 gc, windows-amd64)
# No core dump will be written. Minidumps are not enabled by default on client versions of Windows
#

---------------  S U M M A R Y ------------

Command Line: -agentlib:jdwp=transport=dt_socket,address=127.0.0.1:53024,suspend=y,server=n -javaagent:C:\Users\ADMIN\AppData\Local\JetBrains\IdeaIC2022.3\captureAgent\debugger-agent.jar -Dfile.encoding=UTF-8 -Dsun.stdout.encoding=UTF-8 -Dsun.stderr.encoding=UTF-8 com.example.service.ServiceApplication

Host: 11th Gen Intel(R) Core(TM) i5-11400H @ 2.70GHz, 12 cores, 7G,  Windows 10 , 64 bit Build 19041 (10.0.19041.3636)
Time: Thu Jan 11 11:29:21 2024 SE Asia Standard Time elapsed time: 103.261439 seconds (0d 0h 1m 43s)

---------------  T H R E A D  ---------------

Current thread (0x0000026c2ec45af0):  JavaThread "C2 CompilerThread0" daemon [_thread_in_native, id=920, stack(0x0000007425e00000,0x0000007425f00000)]


Current CompileTask:
C2: 103261 12916   !   4       org.apache.catalina.core.StandardHostValve::invoke (395 bytes)

Stack: [0x0000007425e00000,0x0000007425f00000]
Native frames: (J=compiled Java code, j=interpreted, Vv=VM code, C=native code)
V  [jvm.dll+0x6bc25a]
V  [jvm.dll+0x84971a]
V  [jvm.dll+0x84b315]
V  [jvm.dll+0x84ba13]
V  [jvm.dll+0x280e4f]
V  [jvm.dll+0xc2ab1]
V  [jvm.dll+0xc2dd5]
V  [jvm.dll+0x3bb612]
V  [jvm.dll+0x385b75]
V  [jvm.dll+0x384fea]
V  [jvm.dll+0x24b529]
V  [jvm.dll+0x24a921]
V  [jvm.dll+0x1ce761]
V  [jvm.dll+0x25a0eb]
V  [jvm.dll+0x2587c0]
V  [jvm.dll+0x3f2dd5]
V  [jvm.dll+0x7f5c76]
V  [jvm.dll+0x6baecb]
C  [ucrtbase.dll+0x21bb2]
C  [KERNEL32.DLL+0x17344]
C  [ntdll.dll+0x526b1]


---------------  P R O C E S S  ---------------

Threads class SMR info:
_java_thread_list=0x0000026c75b37d20, length=34, elements={
0x0000026c2ec3a650, 0x0000026c2ec3b3f0, 0x0000026c2ec3e290, 0x0000026c2ec3ff50,
0x0000026c2ec40cc0, 0x0000026c2ec416f0, 0x0000026c2ec45af0, 0x0000026c2ec4e8b0,
0x0000026c2ec04e70, 0x0000026c741d2f00, 0x0000026c741d62c0, 0x0000026c7421d800,
0x0000026c74221550, 0x0000026c77e83150, 0x0000026c77ea6ec0, 0x0000026c768c6590,
0x0000026c77e31970, 0x0000026c77e2fee0, 0x0000026c77e31ec0, 0x0000026c77e2eef0,
0x0000026c77e2f440, 0x0000026c77e30980, 0x0000026c77e30430, 0x0000026c77e30ed0,
0x0000026c78ac34c0, 0x0000026c78ac3a10, 0x0000026c78ac24d0, 0x0000026c78ac54a0,
0x0000026c78ac1f80, 0x0000026c78ac4a00, 0x0000026c78ac2a20, 0x0000026c78ac3f60,
0x0000026c78ac2f70, 0x0000026c7a3fa650
}

Java Threads: ( => current thread )
  0x0000026c2ec3a650 JavaThread "Reference Handler" daemon [_thread_blocked, id=19772, stack(0x0000007425800000,0x0000007425900000)]
  0x0000026c2ec3b3f0 JavaThread "Finalizer" daemon [_thread_blocked, id=4876, stack(0x0000007425900000,0x0000007425a00000)]
  0x0000026c2ec3e290 JavaThread "Signal Dispatcher" daemon [_thread_blocked, id=19764, stack(0x0000007425a00000,0x0000007425b00000)]
  0x0000026c2ec3ff50 JavaThread "Attach Listener" daemon [_thread_blocked, id=22088, stack(0x0000007425b00000,0x0000007425c00000)]
  0x0000026c2ec40cc0 JavaThread "Service Thread" daemon [_thread_blocked, id=3300, stack(0x0000007425c00000,0x0000007425d00000)]
  0x0000026c2ec416f0 JavaThread "Monitor Deflation Thread" daemon [_thread_blocked, id=8424, stack(0x0000007425d00000,0x0000007425e00000)]
=>0x0000026c2ec45af0 JavaThread "C2 CompilerThread0" daemon [_thread_in_native, id=920, stack(0x0000007425e00000,0x0000007425f00000)]
  0x0000026c2ec4e8b0 JavaThread "C1 CompilerThread0" daemon [_thread_blocked, id=19440, stack(0x0000007425f00000,0x0000007426000000)]
  0x0000026c2ec04e70 JavaThread "Common-Cleaner" daemon [_thread_blocked, id=12132, stack(0x0000007426000000,0x0000007426100000)]
  0x0000026c741d2f00 JavaThread "JDWP Transport Listener: dt_socket" daemon [_thread_blocked, id=14036, stack(0x0000007426100000,0x0000007426200000)]
  0x0000026c741d62c0 JavaThread "JDWP Event Helper Thread" daemon [_thread_blocked, id=16868, stack(0x0000007426200000,0x0000007426300000)]
  0x0000026c7421d800 JavaThread "JDWP Command Reader" daemon [_thread_in_native, id=16872, stack(0x0000007426300000,0x0000007426400000)]
  0x0000026c74221550 JavaThread "Notification Thread" daemon [_thread_blocked, id=9688, stack(0x0000007426400000,0x0000007426500000)]
  0x0000026c77e83150 JavaThread "Catalina-utility-1" [_thread_blocked, id=19660, stack(0x0000007427500000,0x0000007427600000)]
  0x0000026c77ea6ec0 JavaThread "Catalina-utility-2" [_thread_blocked, id=1848, stack(0x0000007427600000,0x0000007427700000)]
  0x0000026c768c6590 JavaThread "container-0" [_thread_blocked, id=24484, stack(0x0000007427700000,0x0000007427800000)]
  0x0000026c77e31970 JavaThread "mysql-cj-abandoned-connection-cleanup" daemon [_thread_blocked, id=22544, stack(0x0000007427800000,0x0000007427900000)]
  0x0000026c77e2fee0 JavaThread "HikariPool-1 housekeeper" daemon [_thread_blocked, id=23480, stack(0x0000007427a00000,0x0000007427b00000)]
  0x0000026c77e31ec0 JavaThread "File Watcher" daemon [_thread_blocked, id=24100, stack(0x0000007427c00000,0x0000007427d00000)]
  0x0000026c77e2eef0 JavaThread "Live Reload Server" daemon [_thread_in_native, id=24544, stack(0x0000007427e00000,0x0000007427f00000)]
  0x0000026c77e2f440 JavaThread "http-nio-8080-exec-1" daemon [_thread_blocked, id=23836, stack(0x0000007427d00000,0x0000007427e00000)]
  0x0000026c77e30980 JavaThread "http-nio-8080-exec-2" daemon [_thread_blocked, id=5388, stack(0x0000007427f00000,0x0000007428000000)]
  0x0000026c77e30430 JavaThread "http-nio-8080-exec-3" daemon [_thread_in_native, id=11640, stack(0x0000007428000000,0x0000007428100000)]
  0x0000026c77e30ed0 JavaThread "http-nio-8080-exec-4" daemon [_thread_blocked, id=16844, stack(0x0000007428100000,0x0000007428200000)]
  0x0000026c78ac34c0 JavaThread "http-nio-8080-exec-5" daemon [_thread_blocked, id=19828, stack(0x0000007428200000,0x0000007428300000)]
  0x0000026c78ac3a10 JavaThread "http-nio-8080-exec-6" daemon [_thread_blocked, id=20092, stack(0x0000007428300000,0x0000007428400000)]
  0x0000026c78ac24d0 JavaThread "http-nio-8080-exec-7" daemon [_thread_blocked, id=9460, stack(0x0000007428400000,0x0000007428500000)]
  0x0000026c78ac54a0 JavaThread "http-nio-8080-exec-8" daemon [_thread_blocked, id=16712, stack(0x0000007428500000,0x0000007428600000)]
  0x0000026c78ac1f80 JavaThread "http-nio-8080-exec-9" daemon [_thread_in_native, id=2916, stack(0x0000007428600000,0x0000007428700000)]
  0x0000026c78ac4a00 JavaThread "http-nio-8080-exec-10" daemon [_thread_blocked, id=20664, stack(0x0000007428700000,0x0000007428800000)]
  0x0000026c78ac2a20 JavaThread "http-nio-8080-Poller" daemon [_thread_in_native, id=19032, stack(0x0000007428800000,0x0000007428900000)]
  0x0000026c78ac3f60 JavaThread "http-nio-8080-Acceptor" daemon [_thread_in_native, id=7592, stack(0x0000007428900000,0x0000007428a00000)]
  0x0000026c78ac2f70 JavaThread "DestroyJavaVM" [_thread_blocked, id=22064, stack(0x0000007425100000,0x0000007425200000)]
  0x0000026c7a3fa650 JavaThread "C2 CompilerThread1" daemon [_thread_in_native, id=20696, stack(0x0000007424e00000,0x0000007424f00000)]

Other Threads:
  0x0000026c2ec1a420 VMThread "VM Thread" [stack: 0x0000007425700000,0x0000007425800000] [id=22668]
  0x0000026c742220b0 WatcherThread "VM Periodic Task Thread" [stack: 0x0000007426500000,0x0000007426600000] [id=908]
  0x0000026c11f79f10 WorkerThread "GC Thread#0" [stack: 0x0000007425200000,0x0000007425300000] [id=12004]
  0x0000026c74cc2810 WorkerThread "GC Thread#1" [stack: 0x0000007426600000,0x0000007426700000] [id=7760]
  0x0000026c74d813e0 WorkerThread "GC Thread#2" [stack: 0x0000007426700000,0x0000007426800000] [id=22024]
  0x0000026c74d816b0 WorkerThread "GC Thread#3" [stack: 0x0000007426800000,0x0000007426900000] [id=14700]
  0x0000026c74d82ab0 WorkerThread "GC Thread#4" [stack: 0x0000007426900000,0x0000007426a00000] [id=15920]
  0x0000026c74d81ca0 WorkerThread "GC Thread#5" [stack: 0x0000007426a00000,0x0000007426b00000] [id=21660]
  0x0000026c74d82510 WorkerThread "GC Thread#6" [stack: 0x0000007426b00000,0x0000007426c00000] [id=5512]
  0x0000026c74d82240 WorkerThread "GC Thread#7" [stack: 0x0000007426c00000,0x0000007426d00000] [id=16020]
  0x0000026c74d81f70 WorkerThread "GC Thread#8" [stack: 0x0000007426d00000,0x0000007426e00000] [id=15984]
  0x0000026c74d82d80 WorkerThread "GC Thread#9" [stack: 0x0000007426e00000,0x0000007426f00000] [id=19604]
  0x0000026c11f8a680 ConcurrentGCThread "G1 Main Marker" [stack: 0x0000007425300000,0x0000007425400000] [id=23692]
  0x0000026c11f8b850 WorkerThread "G1 Conc#0" [stack: 0x0000007425400000,0x0000007425500000] [id=7632]
  0x0000026c74d819d0 WorkerThread "G1 Conc#1" [stack: 0x0000007427100000,0x0000007427200000] [id=2256]
  0x0000026c757f90e0 WorkerThread "G1 Conc#2" [stack: 0x0000007427200000,0x0000007427300000] [id=11320]
  0x0000026c2ead60f0 ConcurrentGCThread "G1 Refine#0" [stack: 0x0000007425500000,0x0000007425600000] [id=21556]
  0x0000026c2ead69a0 ConcurrentGCThread "G1 Service" [stack: 0x0000007425600000,0x0000007425700000] [id=18904]

Threads with active compile tasks:
C2 CompilerThread0   103283 12916   !   4       org.apache.catalina.core.StandardHostValve::invoke (395 bytes)
C2 CompilerThread1   103283 12919   !   4       org.apache.catalina.core.StandardWrapperValve::invoke (2381 bytes)

VM state: not at safepoint (normal execution)

VM Mutex/Monitor currently owned by a thread: None

Heap address: 0x0000000084a00000, size: 1974 MB, Compressed Oops mode: 32-bit

CDS archive(s) mapped at: [0x0000026c2f000000-0x0000026c2fc60000-0x0000026c2fc60000), size 12976128, SharedBaseAddress: 0x0000026c2f000000, ArchiveRelocationMode: 1.
Compressed class space mapped at: 0x0000026c30000000-0x0000026c70000000, reserved size: 1073741824
Narrow klass base: 0x0000026c2f000000, Narrow klass shift: 0, Narrow klass range: 0x100000000

GC Precious Log:
 CardTable entry size: 512
 Card Set container configuration: InlinePtr #cards 5 size 8 Array Of Cards #cards 12 size 40 Howl #buckets 4 coarsen threshold 1843 Howl Bitmap #cards 512 size 80 coarsen threshold 460 Card regions per heap region 1 cards per card region 2048
 CPUs: 12 total, 12 available
 Memory: 7893M
 Large Page Support: Disabled
 NUMA Support: Disabled
 Compressed Oops: Enabled (32-bit)
 Heap Region Size: 1M
 Heap Min Capacity: 8M
 Heap Initial Capacity: 124M
 Heap Max Capacity: 1974M
 Pre-touch: Disabled
 Parallel Workers: 10
 Concurrent Workers: 3
 Concurrent Refinement Workers: 10
 Periodic GC: Disabled

Heap:
 garbage-first heap   total 96256K, used 41705K [0x0000000084a00000, 0x0000000100000000)
  region size 1024K, 6 young (6144K), 1 survivors (1024K)
 Metaspace       used 81203K, committed 81984K, reserved 1179648K
  class space    used 10715K, committed 11072K, reserved 1048576K

Heap Regions: E=young(eden), S=young(survivor), O=old, HS=humongous(starts), HC=humongous(continues), CS=collection set, F=free, OA=open archive, CA=closed archive, TAMS=top-at-mark-start, PB=parsable bottom
|   0|0x0000000084a00000, 0x0000000084b00000, 0x0000000084b00000|100%|HS|  |TAMS 0x0000000084a00000| PB 0x0000000084a00000| Complete 
|   1|0x0000000084b00000, 0x0000000084c00000, 0x0000000084c00000|100%| O|  |TAMS 0x0000000084b00000| PB 0x0000000084b00000| Untracked 
|   2|0x0000000084c00000, 0x0000000084d00000, 0x0000000084d00000|100%| O|  |TAMS 0x0000000084c00000| PB 0x0000000084c00000| Untracked 
|   3|0x0000000084d00000, 0x0000000084d00000, 0x0000000084e00000|  0%| F|  |TAMS 0x0000000084d00000| PB 0x0000000084d00000| Untracked 
|   4|0x0000000084e00000, 0x0000000084f00000, 0x0000000084f00000|100%| O|  |TAMS 0x0000000084e00000| PB 0x0000000084e00000| Untracked 
|   5|0x0000000084f00000, 0x0000000085000000, 0x0000000085000000|100%| O|  |TAMS 0x0000000084f00000| PB 0x0000000084f00000| Untracked 
|   6|0x0000000085000000, 0x0000000085100000, 0x0000000085100000|100%| O|  |TAMS 0x0000000085000000| PB 0x0000000085000000| Untracked 
|   7|0x0000000085100000, 0x0000000085200000, 0x0000000085200000|100%| O|  |TAMS 0x0000000085100000| PB 0x0000000085100000| Untracked 
|   8|0x0000000085200000, 0x0000000085300000, 0x0000000085300000|100%| O|  |TAMS 0x0000000085200000| PB 0x0000000085200000| Untracked 
|   9|0x0000000085300000, 0x0000000085400000, 0x0000000085400000|100%| O|  |TAMS 0x0000000085300000| PB 0x0000000085300000| Untracked 
|  10|0x0000000085400000, 0x0000000085500000, 0x0000000085500000|100%| O|  |TAMS 0x0000000085400000| PB 0x0000000085400000| Untracked 
|  11|0x0000000085500000, 0x0000000085600000, 0x0000000085600000|100%| O|  |TAMS 0x0000000085500000| PB 0x0000000085500000| Untracked 
|  12|0x0000000085600000, 0x0000000085700000, 0x0000000085700000|100%| O|  |TAMS 0x0000000085600000| PB 0x0000000085600000| Untracked 
|  13|0x0000000085700000, 0x0000000085800000, 0x0000000085800000|100%| O|  |TAMS 0x0000000085700000| PB 0x0000000085700000| Untracked 
|  14|0x0000000085800000, 0x0000000085900000, 0x0000000085900000|100%| O|  |TAMS 0x0000000085800000| PB 0x0000000085800000| Untracked 
|  15|0x0000000085900000, 0x0000000085a00000, 0x0000000085a00000|100%| O|  |TAMS 0x0000000085900000| PB 0x0000000085900000| Untracked 
|  16|0x0000000085a00000, 0x0000000085b00000, 0x0000000085b00000|100%| O|  |TAMS 0x0000000085a00000| PB 0x0000000085a00000| Untracked 
|  17|0x0000000085b00000, 0x0000000085c00000, 0x0000000085c00000|100%| O|  |TAMS 0x0000000085b00000| PB 0x0000000085b00000| Untracked 
|  18|0x0000000085c00000, 0x0000000085d00000, 0x0000000085d00000|100%| O|  |TAMS 0x0000000085c00000| PB 0x0000000085c00000| Untracked 
|  19|0x0000000085d00000, 0x0000000085e00000, 0x0000000085e00000|100%| O|  |TAMS 0x0000000085d00000| PB 0x0000000085d00000| Untracked 
|  20|0x0000000085e00000, 0x0000000085f00000, 0x0000000085f00000|100%| O|  |TAMS 0x0000000085e00000| PB 0x0000000085e00000| Untracked 
|  21|0x0000000085f00000, 0x0000000086000000, 0x0000000086000000|100%| O|  |TAMS 0x0000000085f00000| PB 0x0000000085f00000| Untracked 
|  22|0x0000000086000000, 0x0000000086100000, 0x0000000086100000|100%| O|  |TAMS 0x0000000086000000| PB 0x0000000086000000| Untracked 
|  23|0x0000000086100000, 0x000000008619a600, 0x0000000086200000| 60%| O|  |TAMS 0x0000000086100000| PB 0x0000000086100000| Untracked 
|  24|0x0000000086200000, 0x0000000086300000, 0x0000000086300000|100%| O|  |TAMS 0x0000000086200000| PB 0x0000000086200000| Untracked 
|  25|0x0000000086300000, 0x0000000086400000, 0x0000000086400000|100%| O|  |TAMS 0x0000000086300000| PB 0x0000000086300000| Untracked 
|  26|0x0000000086400000, 0x0000000086500000, 0x0000000086500000|100%| O|  |TAMS 0x0000000086400000| PB 0x0000000086400000| Untracked 
|  27|0x0000000086500000, 0x0000000086600000, 0x0000000086600000|100%| O|  |TAMS 0x0000000086500000| PB 0x0000000086500000| Untracked 
|  28|0x0000000086600000, 0x0000000086700000, 0x0000000086700000|100%| O|  |TAMS 0x0000000086600000| PB 0x0000000086600000| Untracked 
|  29|0x0000000086700000, 0x0000000086800000, 0x0000000086800000|100%| O|  |TAMS 0x0000000086700000| PB 0x0000000086700000| Untracked 
|  30|0x0000000086800000, 0x0000000086900000, 0x0000000086900000|100%| O|  |TAMS 0x0000000086800000| PB 0x0000000086800000| Untracked 
|  31|0x0000000086900000, 0x0000000086a00000, 0x0000000086a00000|100%| O|  |TAMS 0x0000000086900000| PB 0x0000000086900000| Untracked 
|  32|0x0000000086a00000, 0x0000000086b00000, 0x0000000086b00000|100%| O|  |TAMS 0x0000000086a00000| PB 0x0000000086a00000| Untracked 
|  33|0x0000000086b00000, 0x0000000086c00000, 0x0000000086c00000|100%| O|  |TAMS 0x0000000086b00000| PB 0x0000000086b00000| Untracked 
|  34|0x0000000086c00000, 0x0000000086d00000, 0x0000000086d00000|100%| O|  |TAMS 0x0000000086c00000| PB 0x0000000086c00000| Untracked 
|  35|0x0000000086d00000, 0x0000000086e00000, 0x0000000086e00000|100%| O|  |TAMS 0x0000000086d00000| PB 0x0000000086d00000| Untracked 
|  36|0x0000000086e00000, 0x0000000086f00000, 0x0000000086f00000|100%| O|  |TAMS 0x0000000086e00000| PB 0x0000000086e00000| Untracked 
|  37|0x0000000086f00000, 0x0000000087000000, 0x0000000087000000|100%| O|  |TAMS 0x0000000086f00000| PB 0x0000000086f00000| Untracked 
|  38|0x0000000087000000, 0x0000000087000000, 0x0000000087100000|  0%| F|  |TAMS 0x0000000087000000| PB 0x0000000087000000| Untracked 
|  39|0x0000000087100000, 0x0000000087100000, 0x0000000087200000|  0%| F|  |TAMS 0x0000000087100000| PB 0x0000000087100000| Untracked 
|  40|0x0000000087200000, 0x0000000087200000, 0x0000000087300000|  0%| F|  |TAMS 0x0000000087200000| PB 0x0000000087200000| Untracked 
|  41|0x0000000087300000, 0x0000000087300000, 0x0000000087400000|  0%| F|  |TAMS 0x0000000087300000| PB 0x0000000087300000| Untracked 
|  42|0x0000000087400000, 0x0000000087400000, 0x0000000087500000|  0%| F|  |TAMS 0x0000000087400000| PB 0x0000000087400000| Untracked 
|  43|0x0000000087500000, 0x0000000087520040, 0x0000000087600000| 12%| S|CS|TAMS 0x0000000087500000| PB 0x0000000087500000| Complete 
|  44|0x0000000087600000, 0x0000000087600000, 0x0000000087700000|  0%| F|  |TAMS 0x0000000087600000| PB 0x0000000087600000| Untracked 
|  45|0x0000000087700000, 0x0000000087700000, 0x0000000087800000|  0%| F|  |TAMS 0x0000000087700000| PB 0x0000000087700000| Untracked 
|  46|0x0000000087800000, 0x0000000087800000, 0x0000000087900000|  0%| F|  |TAMS 0x0000000087800000| PB 0x0000000087800000| Untracked 
|  47|0x0000000087900000, 0x0000000087900000, 0x0000000087a00000|  0%| F|  |TAMS 0x0000000087900000| PB 0x0000000087900000| Untracked 
|  48|0x0000000087a00000, 0x0000000087a00000, 0x0000000087b00000|  0%| F|  |TAMS 0x0000000087a00000| PB 0x0000000087a00000| Untracked 
|  49|0x0000000087b00000, 0x0000000087b00000, 0x0000000087c00000|  0%| F|  |TAMS 0x0000000087b00000| PB 0x0000000087b00000| Untracked 
|  50|0x0000000087c00000, 0x0000000087c00000, 0x0000000087d00000|  0%| F|  |TAMS 0x0000000087c00000| PB 0x0000000087c00000| Untracked 
|  51|0x0000000087d00000, 0x0000000087d00000, 0x0000000087e00000|  0%| F|  |TAMS 0x0000000087d00000| PB 0x0000000087d00000| Untracked 
|  52|0x0000000087e00000, 0x0000000087e00000, 0x0000000087f00000|  0%| F|  |TAMS 0x0000000087e00000| PB 0x0000000087e00000| Untracked 
|  53|0x0000000087f00000, 0x0000000087f00000, 0x0000000088000000|  0%| F|  |TAMS 0x0000000087f00000| PB 0x0000000087f00000| Untracked 
|  54|0x0000000088000000, 0x0000000088000000, 0x0000000088100000|  0%| F|  |TAMS 0x0000000088000000| PB 0x0000000088000000| Untracked 
|  55|0x0000000088100000, 0x0000000088100000, 0x0000000088200000|  0%| F|  |TAMS 0x0000000088100000| PB 0x0000000088100000| Untracked 
|  56|0x0000000088200000, 0x0000000088200000, 0x0000000088300000|  0%| F|  |TAMS 0x0000000088200000| PB 0x0000000088200000| Untracked 
|  57|0x0000000088300000, 0x0000000088300000, 0x0000000088400000|  0%| F|  |TAMS 0x0000000088300000| PB 0x0000000088300000| Untracked 
|  58|0x0000000088400000, 0x0000000088400000, 0x0000000088500000|  0%| F|  |TAMS 0x0000000088400000| PB 0x0000000088400000| Untracked 
|  59|0x0000000088500000, 0x0000000088500000, 0x0000000088600000|  0%| F|  |TAMS 0x0000000088500000| PB 0x0000000088500000| Untracked 
|  60|0x0000000088600000, 0x0000000088600000, 0x0000000088700000|  0%| F|  |TAMS 0x0000000088600000| PB 0x0000000088600000| Untracked 
|  61|0x0000000088700000, 0x0000000088700000, 0x0000000088800000|  0%| F|  |TAMS 0x0000000088700000| PB 0x0000000088700000| Untracked 
|  62|0x0000000088800000, 0x0000000088800000, 0x0000000088900000|  0%| F|  |TAMS 0x0000000088800000| PB 0x0000000088800000| Untracked 
|  63|0x0000000088900000, 0x0000000088900000, 0x0000000088a00000|  0%| F|  |TAMS 0x0000000088900000| PB 0x0000000088900000| Untracked 
|  64|0x0000000088a00000, 0x0000000088a00000, 0x0000000088b00000|  0%| F|  |TAMS 0x0000000088a00000| PB 0x0000000088a00000| Untracked 
|  65|0x0000000088b00000, 0x0000000088b00000, 0x0000000088c00000|  0%| F|  |TAMS 0x0000000088b00000| PB 0x0000000088b00000| Untracked 
|  66|0x0000000088c00000, 0x0000000088c00000, 0x0000000088d00000|  0%| F|  |TAMS 0x0000000088c00000| PB 0x0000000088c00000| Untracked 
|  67|0x0000000088d00000, 0x0000000088d00000, 0x0000000088e00000|  0%| F|  |TAMS 0x0000000088d00000| PB 0x0000000088d00000| Untracked 
|  68|0x0000000088e00000, 0x0000000088e00000, 0x0000000088f00000|  0%| F|  |TAMS 0x0000000088e00000| PB 0x0000000088e00000| Untracked 
|  69|0x0000000088f00000, 0x0000000088f00000, 0x0000000089000000|  0%| F|  |TAMS 0x0000000088f00000| PB 0x0000000088f00000| Untracked 
|  70|0x0000000089000000, 0x0000000089000000, 0x0000000089100000|  0%| F|  |TAMS 0x0000000089000000| PB 0x0000000089000000| Untracked 
|  71|0x0000000089100000, 0x0000000089100000, 0x0000000089200000|  0%| F|  |TAMS 0x0000000089100000| PB 0x0000000089100000| Untracked 
|  72|0x0000000089200000, 0x0000000089200000, 0x0000000089300000|  0%| F|  |TAMS 0x0000000089200000| PB 0x0000000089200000| Untracked 
|  73|0x0000000089300000, 0x0000000089300000, 0x0000000089400000|  0%| F|  |TAMS 0x0000000089300000| PB 0x0000000089300000| Untracked 
|  74|0x0000000089400000, 0x0000000089400000, 0x0000000089500000|  0%| F|  |TAMS 0x0000000089400000| PB 0x0000000089400000| Untracked 
|  75|0x0000000089500000, 0x0000000089500000, 0x0000000089600000|  0%| F|  |TAMS 0x0000000089500000| PB 0x0000000089500000| Untracked 
|  76|0x0000000089600000, 0x0000000089600000, 0x0000000089700000|  0%| F|  |TAMS 0x0000000089600000| PB 0x0000000089600000| Untracked 
|  77|0x0000000089700000, 0x0000000089700000, 0x0000000089800000|  0%| F|  |TAMS 0x0000000089700000| PB 0x0000000089700000| Untracked 
|  78|0x0000000089800000, 0x0000000089800000, 0x0000000089900000|  0%| F|  |TAMS 0x0000000089800000| PB 0x0000000089800000| Untracked 
|  79|0x0000000089900000, 0x0000000089900000, 0x0000000089a00000|  0%| F|  |TAMS 0x0000000089900000| PB 0x0000000089900000| Untracked 
|  80|0x0000000089a00000, 0x0000000089a00000, 0x0000000089b00000|  0%| F|  |TAMS 0x0000000089a00000| PB 0x0000000089a00000| Untracked 
|  81|0x0000000089b00000, 0x0000000089b00000, 0x0000000089c00000|  0%| F|  |TAMS 0x0000000089b00000| PB 0x0000000089b00000| Untracked 
|  82|0x0000000089c00000, 0x0000000089c00000, 0x0000000089d00000|  0%| F|  |TAMS 0x0000000089c00000| PB 0x0000000089c00000| Untracked 
|  83|0x0000000089d00000, 0x0000000089d00000, 0x0000000089e00000|  0%| F|  |TAMS 0x0000000089d00000| PB 0x0000000089d00000| Untracked 
|  84|0x0000000089e00000, 0x0000000089e00000, 0x0000000089f00000|  0%| F|  |TAMS 0x0000000089e00000| PB 0x0000000089e00000| Untracked 
|  85|0x0000000089f00000, 0x0000000089f00000, 0x000000008a000000|  0%| F|  |TAMS 0x0000000089f00000| PB 0x0000000089f00000| Untracked 
|  86|0x000000008a000000, 0x000000008a000000, 0x000000008a100000|  0%| F|  |TAMS 0x000000008a000000| PB 0x000000008a000000| Untracked 
|  87|0x000000008a100000, 0x000000008a100000, 0x000000008a200000|  0%| F|  |TAMS 0x000000008a100000| PB 0x000000008a100000| Untracked 
|  88|0x000000008a200000, 0x000000008a2d6c78, 0x000000008a300000| 83%| E|  |TAMS 0x000000008a200000| PB 0x000000008a200000| Complete 
|  89|0x000000008a300000, 0x000000008a400000, 0x000000008a400000|100%| E|CS|TAMS 0x000000008a300000| PB 0x000000008a300000| Complete 
|  90|0x000000008a400000, 0x000000008a500000, 0x000000008a500000|100%| E|CS|TAMS 0x000000008a400000| PB 0x000000008a400000| Complete 
| 123|0x000000008c500000, 0x000000008c600000, 0x000000008c600000|100%| E|  |TAMS 0x000000008c500000| PB 0x000000008c500000| Complete 
|1972|0x00000000ffe00000, 0x00000000fff00000, 0x00000000fff00000|100%| E|CS|TAMS 0x00000000ffe00000| PB 0x00000000ffe00000| Complete 
|1973|0x00000000fff00000, 0x0000000100000000, 0x0000000100000000|100%| O|  |TAMS 0x00000000fff00000| PB 0x00000000fff00000| Untracked 

Card table byte_map: [0x0000026c29930000,0x0000026c29d10000] _byte_map_base: 0x0000026c2950b000

Marking Bits: (CMBitMap*) 0x0000026c11f7a540
 Bits: [0x0000026c2a0f0000, 0x0000026c2bfc8000)

Polling page: 0x0000026c0feb0000

Metaspace:

Usage:
  Non-class:     68.84 MB used.
      Class:     10.46 MB used.
       Both:     79.30 MB used.

Virtual space:
  Non-class space:      128.00 MB reserved,      69.25 MB ( 54%) committed,  2 nodes.
      Class space:        1.00 GB reserved,      10.81 MB (  1%) committed,  1 nodes.
             Both:        1.12 GB reserved,      80.06 MB (  7%) committed. 

Chunk freelists:
   Non-Class:  2.77 MB
       Class:  1.21 MB
        Both:  3.98 MB

MaxMetaspaceSize: unlimited
CompressedClassSpaceSize: 1.00 GB
Initial GC threshold: 21.00 MB
Current GC threshold: 133.25 MB
CDS: on
MetaspaceReclaimPolicy: balanced
 - commit_granule_bytes: 65536.
 - commit_granule_words: 8192.
 - virtual_space_node_default_size: 8388608.
 - enlarge_chunks_in_place: 1.
 - new_chunks_are_fully_committed: 0.
 - uncommit_free_chunks: 1.
 - use_allocation_guard: 0.


Internal statistics:

num_allocs_failed_limit: 12.
num_arena_births: 1182.
num_arena_deaths: 4.
num_vsnodes_births: 3.
num_vsnodes_deaths: 0.
num_space_committed: 1281.
num_space_uncommitted: 0.
num_chunks_returned_to_freelist: 18.
num_chunks_taken_from_freelist: 4260.
num_chunk_merges: 12.
num_chunk_splits: 3010.
num_chunks_enlarged: 2293.
num_inconsistent_stats: 0.

CodeHeap 'non-profiled nmethods': size=120000Kb used=6467Kb max_used=6545Kb free=113532Kb
 bounds [0x0000026c21ac0000, 0x0000026c221a0000, 0x0000026c28ff0000]
CodeHeap 'profiled nmethods': size=120000Kb used=1450Kb max_used=21405Kb free=118549Kb
 bounds [0x0000026c19ff0000, 0x0000026c1b510000, 0x0000026c21520000]
CodeHeap 'non-nmethods': size=5760Kb used=2014Kb max_used=2096Kb free=3746Kb
 bounds [0x0000026c21520000, 0x0000026c21790000, 0x0000026c21ac0000]
 total_blobs=2699 nmethods=1959 adapters=649
 compilation: enabled
              stopped_count=0, restarted_count=0
 full_count=0

Compilation events (20 events):
Event: 102.396 Thread 0x0000026c2ec45af0 12908       4       com.fasterxml.jackson.databind.ser.std.NumberSerializers$IntegerSerializer::serialize (12 bytes)
Event: 102.400 Thread 0x0000026c2ec45af0 nmethod 12908 0x0000026c220a3610 code [0x0000026c220a37c0, 0x0000026c220a3e10]
Event: 102.400 Thread 0x0000026c2ec45af0 12909       4       org.apache.catalina.core.ApplicationHttpRequest::getAttributeNames (9 bytes)
Event: 102.401 Thread 0x0000026c2ec45af0 nmethod 12909 0x0000026c21b73d10 code [0x0000026c21b73e80, 0x0000026c21b73fa0]
Event: 102.439 Thread 0x0000026c2ec45af0 12910       4       org.springframework.web.servlet.mvc.HttpRequestHandlerAdapter::handle (13 bytes)
Event: 102.439 Thread 0x0000026c2ec45af0 nmethod 12910 0x0000026c21cb2390 code [0x0000026c21cb2500, 0x0000026c21cb2600]
Event: 102.439 Thread 0x0000026c2ec45af0 12911       4       org.springframework.http.converter.xml.Jaxb2RootElementHttpMessageConverter::canWrite (23 bytes)
Event: 102.440 Thread 0x0000026c2ec45af0 nmethod 12911 0x0000026c21b68510 code [0x0000026c21b68680, 0x0000026c21b68760]
Event: 102.689 Thread 0x0000026c2ec4e8b0 12912       1       java.net.InetSocketAddress$InetSocketAddressHolder::getAddress (5 bytes)
Event: 102.689 Thread 0x0000026c2ec4e8b0 nmethod 12912 0x0000026c21b6b790 code [0x0000026c21b6b900, 0x0000026c21b6b9c8]
Event: 102.792 Thread 0x0000026c2ec4e8b0 12913   !   3       java.util.concurrent.locks.LockSupport::parkNanos (56 bytes)
Event: 102.793 Thread 0x0000026c2ec4e8b0 nmethod 12913 0x0000026c1b428f10 code [0x0000026c1b429100, 0x0000026c1b429540]
Event: 102.857 Thread 0x0000026c2ec4e8b0 12914       3       sun.nio.ch.SocketChannelImpl::ensureOpen (16 bytes)
Event: 102.857 Thread 0x0000026c2ec4e8b0 nmethod 12914 0x0000026c1b3aef10 code [0x0000026c1b3af0c0, 0x0000026c1b3af3a8]
Event: 103.242 Thread 0x0000026c2ec45af0 12915       4       org.apache.catalina.authenticator.AuthenticatorBase::invoke (768 bytes)
Event: 103.246 Thread 0x0000026c2ec45af0 nmethod 12915 0x0000026c220cef10 code [0x0000026c220cf100, 0x0000026c220cf660]
Event: 103.246 Thread 0x0000026c2ec45af0 12916   !   4       org.apache.catalina.core.StandardHostValve::invoke (395 bytes)
Event: 103.246 Thread 0x0000026c7a3fa650 12917   !   4       org.apache.catalina.connector.Request::getUserPrincipal (106 bytes)
Event: 103.247 Thread 0x0000026c7a3fa650 nmethod 12917 0x0000026c21b7c090 code [0x0000026c21b7c200, 0x0000026c21b7c2a8]
Event: 103.247 Thread 0x0000026c7a3fa650 12919   !   4       org.apache.catalina.core.StandardWrapperValve::invoke (2381 bytes)

GC Heap History (20 events):
Event: 100.639 GC heap before
{Heap before GC invocations=78 (full 0):
 garbage-first heap   total 96256K, used 86738K [0x0000000084a00000, 0x0000000100000000)
  region size 1024K, 49 young (50176K), 1 survivors (1024K)
 Metaspace       used 81202K, committed 81984K, reserved 1179648K
  class space    used 10715K, committed 11072K, reserved 1048576K
}
Event: 100.640 GC heap after
{Heap after GC invocations=79 (full 0):
 garbage-first heap   total 96256K, used 38545K [0x0000000084a00000, 0x0000000100000000)
  region size 1024K, 1 young (1024K), 1 survivors (1024K)
 Metaspace       used 81202K, committed 81984K, reserved 1179648K
  class space    used 10715K, committed 11072K, reserved 1048576K
}
Event: 100.939 GC heap before
{Heap before GC invocations=79 (full 0):
 garbage-first heap   total 96256K, used 86673K [0x0000000084a00000, 0x0000000100000000)
  region size 1024K, 49 young (50176K), 1 survivors (1024K)
 Metaspace       used 81203K, committed 81984K, reserved 1179648K
  class space    used 10715K, committed 11072K, reserved 1048576K
}
Event: 100.939 GC heap after
{Heap after GC invocations=80 (full 0):
 garbage-first heap   total 96256K, used 38634K [0x0000000084a00000, 0x0000000100000000)
  region size 1024K, 1 young (1024K), 1 survivors (1024K)
 Metaspace       used 81203K, committed 81984K, reserved 1179648K
  class space    used 10715K, committed 11072K, reserved 1048576K
}
Event: 101.184 GC heap before
{Heap before GC invocations=81 (full 0):
 garbage-first heap   total 96256K, used 86762K [0x0000000084a00000, 0x0000000100000000)
  region size 1024K, 49 young (50176K), 1 survivors (1024K)
 Metaspace       used 81203K, committed 81984K, reserved 1179648K
  class space    used 10715K, committed 11072K, reserved 1048576K
}
Event: 101.185 GC heap after
{Heap after GC invocations=82 (full 0):
 garbage-first heap   total 96256K, used 38656K [0x0000000084a00000, 0x0000000100000000)
  region size 1024K, 1 young (1024K), 1 survivors (1024K)
 Metaspace       used 81203K, committed 81984K, reserved 1179648K
  class space    used 10715K, committed 11072K, reserved 1048576K
}
Event: 101.442 GC heap before
{Heap before GC invocations=82 (full 0):
 garbage-first heap   total 96256K, used 86784K [0x0000000084a00000, 0x0000000100000000)
  region size 1024K, 49 young (50176K), 1 survivors (1024K)
 Metaspace       used 81203K, committed 81984K, reserved 1179648K
  class space    used 10715K, committed 11072K, reserved 1048576K
}
Event: 101.443 GC heap after
{Heap after GC invocations=83 (full 0):
 garbage-first heap   total 96256K, used 38679K [0x0000000084a00000, 0x0000000100000000)
  region size 1024K, 1 young (1024K), 1 survivors (1024K)
 Metaspace       used 81203K, committed 81984K, reserved 1179648K
  class space    used 10715K, committed 11072K, reserved 1048576K
}
Event: 101.680 GC heap before
{Heap before GC invocations=84 (full 0):
 garbage-first heap   total 96256K, used 86807K [0x0000000084a00000, 0x0000000100000000)
  region size 1024K, 49 young (50176K), 1 survivors (1024K)
 Metaspace       used 81203K, committed 81984K, reserved 1179648K
  class space    used 10715K, committed 11072K, reserved 1048576K
}
Event: 101.680 GC heap after
{Heap after GC invocations=85 (full 0):
 garbage-first heap   total 96256K, used 38635K [0x0000000084a00000, 0x0000000100000000)
  region size 1024K, 1 young (1024K), 1 survivors (1024K)
 Metaspace       used 81203K, committed 81984K, reserved 1179648K
  class space    used 10715K, committed 11072K, reserved 1048576K
}
Event: 101.977 GC heap before
{Heap before GC invocations=85 (full 0):
 garbage-first heap   total 96256K, used 86763K [0x0000000084a00000, 0x0000000100000000)
  region size 1024K, 49 young (50176K), 1 survivors (1024K)
 Metaspace       used 81203K, committed 81984K, reserved 1179648K
  class space    used 10715K, committed 11072K, reserved 1048576K
}
Event: 101.978 GC heap after
{Heap after GC invocations=86 (full 0):
 garbage-first heap   total 96256K, used 38636K [0x0000000084a00000, 0x0000000100000000)
  region size 1024K, 1 young (1024K), 1 survivors (1024K)
 Metaspace       used 81203K, committed 81984K, reserved 1179648K
  class space    used 10715K, committed 11072K, reserved 1048576K
}
Event: 102.229 GC heap before
{Heap before GC invocations=87 (full 0):
 garbage-first heap   total 96256K, used 86764K [0x0000000084a00000, 0x0000000100000000)
  region size 1024K, 49 young (50176K), 1 survivors (1024K)
 Metaspace       used 81203K, committed 81984K, reserved 1179648K
  class space    used 10715K, committed 11072K, reserved 1048576K
}
Event: 102.230 GC heap after
{Heap after GC invocations=88 (full 0):
 garbage-first heap   total 96256K, used 38640K [0x0000000084a00000, 0x0000000100000000)
  region size 1024K, 1 young (1024K), 1 survivors (1024K)
 Metaspace       used 81203K, committed 81984K, reserved 1179648K
  class space    used 10715K, committed 11072K, reserved 1048576K
}
Event: 102.519 GC heap before
{Heap before GC invocations=88 (full 0):
 garbage-first heap   total 96256K, used 86768K [0x0000000084a00000, 0x0000000100000000)
  region size 1024K, 49 young (50176K), 1 survivors (1024K)
 Metaspace       used 81203K, committed 81984K, reserved 1179648K
  class space    used 10715K, committed 11072K, reserved 1048576K
}
Event: 102.520 GC heap after
{Heap after GC invocations=89 (full 0):
 garbage-first heap   total 96256K, used 38697K [0x0000000084a00000, 0x0000000100000000)
  region size 1024K, 1 young (1024K), 1 survivors (1024K)
 Metaspace       used 81203K, committed 81984K, reserved 1179648K
  class space    used 10715K, committed 11072K, reserved 1048576K
}
Event: 102.761 GC heap before
{Heap before GC invocations=90 (full 0):
 garbage-first heap   total 96256K, used 86825K [0x0000000084a00000, 0x0000000100000000)
  region size 1024K, 49 young (50176K), 1 survivors (1024K)
 Metaspace       used 81203K, committed 81984K, reserved 1179648K
  class space    used 10715K, committed 11072K, reserved 1048576K
}
Event: 102.761 GC heap after
{Heap after GC invocations=91 (full 0):
 garbage-first heap   total 96256K, used 38652K [0x0000000084a00000, 0x0000000100000000)
  region size 1024K, 1 young (1024K), 1 survivors (1024K)
 Metaspace       used 81203K, committed 81984K, reserved 1179648K
  class space    used 10715K, committed 11072K, reserved 1048576K
}
Event: 103.061 GC heap before
{Heap before GC invocations=91 (full 0):
 garbage-first heap   total 96256K, used 86780K [0x0000000084a00000, 0x0000000100000000)
  region size 1024K, 49 young (50176K), 1 survivors (1024K)
 Metaspace       used 81203K, committed 81984K, reserved 1179648K
  class space    used 10715K, committed 11072K, reserved 1048576K
}
Event: 103.062 GC heap after
{Heap after GC invocations=92 (full 0):
 garbage-first heap   total 96256K, used 38669K [0x0000000084a00000, 0x0000000100000000)
  region size 1024K, 1 young (1024K), 1 survivors (1024K)
 Metaspace       used 81203K, committed 81984K, reserved 1179648K
  class space    used 10715K, committed 11072K, reserved 1048576K
}

Dll operation events (13 events):
Event: 0.015 Loaded shared library C:\Program Files\Java\jdk-20\bin\java.dll
Event: 0.016 Loaded shared library C:\Program Files\Java\jdk-20\bin\zip.dll
Event: 0.038 Loaded shared library C:\Program Files\Java\jdk-20\bin\jsvml.dll
Event: 0.599 Loaded shared library C:\Program Files\Java\jdk-20\bin\instrument.dll
Event: 0.641 Loaded shared library C:\Program Files\Java\jdk-20\bin\net.dll
Event: 0.643 Loaded shared library C:\Program Files\Java\jdk-20\bin\nio.dll
Event: 0.656 Loaded shared library C:\Program Files\Java\jdk-20\bin\zip.dll
Event: 0.891 Loaded shared library C:\Program Files\Java\jdk-20\bin\jimage.dll
Event: 1.170 Loaded shared library C:\Program Files\Java\jdk-20\bin\management.dll
Event: 1.172 Loaded shared library C:\Program Files\Java\jdk-20\bin\management_ext.dll
Event: 3.835 Loaded shared library C:\Program Files\Java\jdk-20\bin\sunmscapi.dll
Event: 4.515 Loaded shared library C:\Program Files\Java\jdk-20\bin\verify.dll
Event: 4.770 Loaded shared library C:\Program Files\Java\jdk-20\bin\extnet.dll

Deoptimization events (20 events):
Event: 95.992 Thread 0x0000026c78ac2a20 Uncommon trap: trap_request=0xffffffc6 fr.pc=0x0000026c220d4d48 relative=0x0000000000000888
Event: 95.992 Thread 0x0000026c78ac2a20 Uncommon trap: reason=bimorphic_or_optimized_type_check action=maybe_recompile pc=0x0000026c220d4d48 method=java.util.HashMap.removeNode(ILjava/lang/Object;Ljava/lang/Object;ZZ)Ljava/util/HashMap$Node; @ 143 c2
Event: 95.992 Thread 0x0000026c78ac2a20 DEOPT PACKING pc=0x0000026c220d4d48 sp=0x00000074288fef00
Event: 95.992 Thread 0x0000026c78ac2a20 DEOPT UNPACKING pc=0x0000026c2153d2a2 sp=0x00000074288fee48 mode 2
Event: 100.097 Thread 0x0000026c78ac34c0 Uncommon trap: trap_request=0xffffffbe fr.pc=0x0000026c21be152c relative=0x000000000000050c
Event: 100.097 Thread 0x0000026c78ac34c0 Uncommon trap: reason=profile_predicate action=maybe_recompile pc=0x0000026c21be152c method=java.util.concurrent.ConcurrentHashMap$Traverser.advance()Ljava/util/concurrent/ConcurrentHashMap$Node; @ 15 c2
Event: 100.097 Thread 0x0000026c78ac34c0 DEOPT PACKING pc=0x0000026c21be152c sp=0x00000074282fc3c0
Event: 100.097 Thread 0x0000026c78ac34c0 DEOPT UNPACKING pc=0x0000026c2153d2a2 sp=0x00000074282fc150 mode 2
Event: 100.098 Thread 0x0000026c78ac54a0 Uncommon trap: trap_request=0xffffffbe fr.pc=0x0000026c21be152c relative=0x000000000000050c
Event: 100.098 Thread 0x0000026c78ac54a0 Uncommon trap: reason=profile_predicate action=maybe_recompile pc=0x0000026c21be152c method=java.util.concurrent.ConcurrentHashMap$Traverser.advance()Ljava/util/concurrent/ConcurrentHashMap$Node; @ 15 c2
Event: 100.098 Thread 0x0000026c78ac54a0 DEOPT PACKING pc=0x0000026c21be152c sp=0x00000074285fc160
Event: 100.098 Thread 0x0000026c78ac54a0 DEOPT UNPACKING pc=0x0000026c2153d2a2 sp=0x00000074285fbef0 mode 2
Event: 100.100 Thread 0x0000026c78ac3a10 Uncommon trap: trap_request=0xffffffbe fr.pc=0x0000026c21be152c relative=0x000000000000050c
Event: 100.100 Thread 0x0000026c78ac3a10 Uncommon trap: reason=profile_predicate action=maybe_recompile pc=0x0000026c21be152c method=java.util.concurrent.ConcurrentHashMap$Traverser.advance()Ljava/util/concurrent/ConcurrentHashMap$Node; @ 15 c2
Event: 100.100 Thread 0x0000026c78ac3a10 DEOPT PACKING pc=0x0000026c21be152c sp=0x00000074283fc280
Event: 100.100 Thread 0x0000026c78ac3a10 DEOPT UNPACKING pc=0x0000026c2153d2a2 sp=0x00000074283fc010 mode 2
Event: 100.100 Thread 0x0000026c77e30ed0 Uncommon trap: trap_request=0xffffffbe fr.pc=0x0000026c21be152c relative=0x000000000000050c
Event: 100.100 Thread 0x0000026c77e30ed0 Uncommon trap: reason=profile_predicate action=maybe_recompile pc=0x0000026c21be152c method=java.util.concurrent.ConcurrentHashMap$Traverser.advance()Ljava/util/concurrent/ConcurrentHashMap$Node; @ 15 c2
Event: 100.100 Thread 0x0000026c77e30ed0 DEOPT PACKING pc=0x0000026c21be152c sp=0x00000074281fc580
Event: 100.100 Thread 0x0000026c77e30ed0 DEOPT UNPACKING pc=0x0000026c2153d2a2 sp=0x00000074281fc310 mode 2

Classes loaded (20 events):
Event: 87.288 Loading class org/springframework/http/server/observation/ServerRequestObservationContext
Event: 87.288 Loading class org/springframework/http/server/observation/ServerRequestObservationContext done
Event: 87.288 Loading class org/springframework/http/server/observation/ServerRequestObservationContext
Event: 87.288 Loading class org/springframework/http/server/observation/ServerRequestObservationContext done
Event: 87.292 Loading class org/springframework/core/convert/TypeDescriptor
Event: 87.292 Loading class org/springframework/core/convert/TypeDescriptor done
Event: 90.859 Loading class com/fasterxml/jackson/core/json/DupDetector
Event: 90.859 Loading class com/fasterxml/jackson/core/json/DupDetector done
Event: 91.863 Loading class sun/util/locale/LocaleExtensions
Event: 91.864 Loading class sun/util/locale/LocaleExtensions done
Event: 92.296 Loading class org/apache/catalina/webresources/WarResourceSet
Event: 92.296 Loading class org/apache/catalina/webresources/WarResourceSet done
Event: 92.297 Loading class org/apache/catalina/webresources/AbstractSingleArchiveResourceSet
Event: 92.297 Loading class org/apache/catalina/webresources/AbstractSingleArchiveResourceSet done
Event: 92.298 Loading class org/apache/catalina/webresources/AbstractArchiveResourceSet
Event: 92.298 Loading class org/apache/catalina/webresources/AbstractArchiveResourceSet done
Event: 98.235 Loading class io/jsonwebtoken/SigningKeyResolver
Event: 98.235 Loading class io/jsonwebtoken/SigningKeyResolver done
Event: 100.492 Loading class org/apache/tomcat/util/net/SSLSupport
Event: 100.492 Loading class org/apache/tomcat/util/net/SSLSupport done

Classes unloaded (2 events):
Event: 88.577 Thread 0x0000026c2ec1a420 Unloading class 0x0000026c30a50000 'java/lang/invoke/LambdaForm$DMH+0x0000026c30a50000'
Event: 92.285 Thread 0x0000026c2ec1a420 Unloading class 0x0000026c30ac8000 'java/lang/invoke/LambdaForm$DMH+0x0000026c30ac8000'

Classes redefined (0 events):
No events

Internal exceptions (20 events):
Event: 57.144 Thread 0x0000026c77e30980 Implicit null exception at 0x0000026c21c26550 to 0x0000026c21c26b10
Event: 57.231 Thread 0x0000026c77e2f440 Exception <a 'java/lang/NoSuchMethodError'{0x00000000879fca70}: 'void java.lang.invoke.DirectMethodHandle$Holder.invokeSpecialIFC(java.lang.Object, java.lang.Object, int, java.lang.Object, java.lang.Object, java.lang.Object, java.lang.Object)'> (0x00000000879fca70) 
thrown [s\open\src\hotspot\share\interpreter\linkResolver.cpp, line 773]
Event: 57.231 Thread 0x0000026c77e30980 Exception <a 'java/lang/NoSuchMethodError'{0x00000000879e1040}: 'void java.lang.invoke.DirectMethodHandle$Holder.invokeSpecialIFC(java.lang.Object, java.lang.Object, int, java.lang.Object, java.lang.Object, java.lang.Object, java.lang.Object)'> (0x00000000879e1040) 
thrown [s\open\src\hotspot\share\interpreter\linkResolver.cpp, line 773]
Event: 57.314 Thread 0x0000026c77e30980 Exception <a 'java/lang/NoSuchMethodError'{0x000000008949ce10}: 'void java.lang.invoke.Invokers$Holder.invokeExact_MT(java.lang.Object, java.lang.Object, int, java.lang.Object)'> (0x000000008949ce10) 
thrown [s\open\src\hotspot\share\interpreter\linkResolver.cpp, line 773]
Event: 60.774 Thread 0x0000026c78ac24d0 Exception <a 'java/lang/NoSuchMethodError'{0x0000000088d0de58}: 'java.lang.Object java.lang.invoke.DirectMethodHandle$Holder.invokeInterface(java.lang.Object, java.lang.Object, java.lang.Object, java.lang.Object, java.lang.Object)'> (0x0000000088d0de58) 
thrown [s\open\src\hotspot\share\interpreter\linkResolver.cpp, line 773]
Event: 60.776 Thread 0x0000026c78ac54a0 Exception <a 'java/lang/NoSuchMethodError'{0x0000000088ee6010}: 'int java.lang.invoke.Invokers$Holder.invokeExact_MT(java.lang.Object, java.lang.Object, java.lang.Object)'> (0x0000000088ee6010) 
thrown [s\open\src\hotspot\share\interpreter\linkResolver.cpp, line 773]
Event: 71.325 Thread 0x0000026c78ac34c0 Implicit null exception at 0x0000026c2201b73e to 0x0000026c2201b765
Event: 71.350 Thread 0x0000026c77e2f440 Exception <a 'java/lang/NoSuchMethodError'{0x000000008887ebf8}: 'double java.lang.invoke.DelegatingMethodHandle$Holder.reinvoke_L(java.lang.Object, java.lang.Object)'> (0x000000008887ebf8) 
thrown [s\open\src\hotspot\share\interpreter\linkResolver.cpp, line 773]
Event: 71.351 Thread 0x0000026c77e2f440 Exception <a 'java/lang/NoSuchMethodError'{0x00000000888e0150}: 'void java.lang.invoke.DelegatingMethodHandle$Holder.reinvoke_L(java.lang.Object, java.lang.Object, double)'> (0x00000000888e0150) 
thrown [s\open\src\hotspot\share\interpreter\linkResolver.cpp, line 773]
Event: 71.365 Thread 0x0000026c77e2f440 Exception <a 'java/lang/NoSuchMethodError'{0x000000008879cd00}: 'double java.lang.invoke.Invokers$Holder.invokeExact_MT(java.lang.Object, java.lang.Object, java.lang.Object)'> (0x000000008879cd00) 
thrown [s\open\src\hotspot\share\interpreter\linkResolver.cpp, line 773]
Event: 71.380 Thread 0x0000026c78ac34c0 Exception <a 'java/lang/NoSuchMethodError'{0x00000000886f5028}: 'void java.lang.invoke.DirectMethodHandle$Holder.invokeSpecial(java.lang.Object, java.lang.Object, java.lang.Object, java.lang.Object, java.lang.Object, java.lang.Object, java.lang.Object, java.lang.Object, java.lang.Object)'> (0x00000000886f5028) 
thrown [s\open\src\hotspot\share\interpreter\linkResolver.cpp, line 773]
Event: 71.382 Thread 0x0000026c78ac34c0 Exception <a 'java/lang/NoSuchMethodError'{0x00000000885144e0}: 'int java.lang.invoke.DirectMethodHandle$Holder.invokeStatic(java.lang.Object, java.lang.Object, int, int)'> (0x00000000885144e0) 
thrown [s\open\src\hotspot\share\interpreter\linkResolver.cpp, line 773]
Event: 71.386 Thread 0x0000026c77e2f440 Exception <a 'java/lang/NoSuchMethodError'{0x000000008853eac8}: 'double java.lang.invoke.DirectMethodHandle$Holder.invokeVirtual(java.lang.Object, java.lang.Object)'> (0x000000008853eac8) 
thrown [s\open\src\hotspot\share\interpreter\linkResolver.cpp, line 773]
Event: 71.415 Thread 0x0000026c78ac3a10 Exception <a 'java/lang/NoSuchMethodError'{0x0000000088495590}: 'void java.lang.invoke.DirectMethodHandle$Holder.invokeSpecial(java.lang.Object, java.lang.Object, java.lang.Object, java.lang.Object, java.lang.Object, java.lang.Object, java.lang.Object, java.lang.Object)'> (0x0000000088495590) 
thrown [s\open\src\hotspot\share\interpreter\linkResolver.cpp, line 773]
Event: 87.286 Thread 0x0000026c78ac54a0 Exception <a 'java/lang/NoSuchMethodError'{0x0000000087d81018}: 'java.lang.Object java.lang.invoke.DirectMethodHandle$Holder.invokeStatic(java.lang.Object, int, int)'> (0x0000000087d81018) 
thrown [s\open\src\hotspot\share\interpreter\linkResolver.cpp, line 773]
Event: 87.286 Thread 0x0000026c78ac4a00 Exception <a 'java/lang/NoSuchMethodError'{0x0000000087d89670}: 'java.lang.Object java.lang.invoke.DirectMethodHandle$Holder.invokeStatic(java.lang.Object, int, int)'> (0x0000000087d89670) 
thrown [s\open\src\hotspot\share\interpreter\linkResolver.cpp, line 773]
Event: 100.097 Thread 0x0000026c78ac34c0 Implicit null exception at 0x0000026c21be1115 to 0x0000026c21be14fc
Event: 100.098 Thread 0x0000026c78ac54a0 Implicit null exception at 0x0000026c21be1115 to 0x0000026c21be14fc
Event: 100.100 Thread 0x0000026c78ac3a10 Implicit null exception at 0x0000026c21be1115 to 0x0000026c21be14fc
Event: 100.100 Thread 0x0000026c77e30ed0 Implicit null exception at 0x0000026c21be1115 to 0x0000026c21be14fc

VM Operations (20 events):
Event: 102.001 Executing VM operation: G1PauseRemark
Event: 102.002 Executing VM operation: G1PauseRemark done
Event: 102.009 Executing VM operation: G1PauseCleanup
Event: 102.009 Executing VM operation: G1PauseCleanup done
Event: 102.229 Executing VM operation: G1CollectForAllocation
Event: 102.230 Executing VM operation: G1CollectForAllocation done
Event: 102.519 Executing VM operation: G1CollectForAllocation
Event: 102.520 Executing VM operation: G1CollectForAllocation done
Event: 102.544 Executing VM operation: G1PauseRemark
Event: 102.545 Executing VM operation: G1PauseRemark done
Event: 102.551 Executing VM operation: G1PauseCleanup
Event: 102.551 Executing VM operation: G1PauseCleanup done
Event: 102.760 Executing VM operation: G1CollectForAllocation
Event: 102.762 Executing VM operation: G1CollectForAllocation done
Event: 103.061 Executing VM operation: G1CollectForAllocation
Event: 103.062 Executing VM operation: G1CollectForAllocation done
Event: 103.087 Executing VM operation: G1PauseRemark
Event: 103.088 Executing VM operation: G1PauseRemark done
Event: 103.094 Executing VM operation: G1PauseCleanup
Event: 103.094 Executing VM operation: G1PauseCleanup done

Events (20 events):
Event: 102.544 Thread 0x0000026c2ec1a420 flushing nmethod 0x0000026c1b35fc10
Event: 102.544 Thread 0x0000026c2ec1a420 flushing nmethod 0x0000026c1ab51590
Event: 102.544 Thread 0x0000026c2ec1a420 flushing nmethod 0x0000026c1a921910
Event: 102.545 Thread 0x0000026c2ec1a420 flushing nmethod 0x0000026c1a31c510
Event: 102.545 Thread 0x0000026c2ec1a420 flushing nmethod 0x0000026c1a045a90
Event: 102.545 Thread 0x0000026c2ec1a420 flushing nmethod 0x0000026c1a13c410
Event: 102.545 Thread 0x0000026c2ec1a420 flushing nmethod 0x0000026c1aded410
Event: 102.545 Thread 0x0000026c2ec1a420 flushing nmethod 0x0000026c1a0eae10
Event: 103.088 Thread 0x0000026c2ec1a420 flushing nmethod 0x0000026c1b474390
Event: 103.088 Thread 0x0000026c2ec1a420 flushing nmethod 0x0000026c1b421a10
Event: 103.088 Thread 0x0000026c2ec1a420 flushing nmethod 0x0000026c1b4ad810
Event: 103.088 Thread 0x0000026c2ec1a420 flushing nmethod 0x0000026c1b311290
Event: 103.088 Thread 0x0000026c2ec1a420 flushing nmethod 0x0000026c1b30bd90
Event: 103.088 Thread 0x0000026c2ec1a420 flushing nmethod 0x0000026c1ad8cb90
Event: 103.088 Thread 0x0000026c2ec1a420 flushing nmethod 0x0000026c1b391e90
Event: 103.088 Thread 0x0000026c2ec1a420 flushing nmethod 0x0000026c1b27eb90
Event: 103.088 Thread 0x0000026c2ec1a420 flushing nmethod 0x0000026c1b23ec10
Event: 103.088 Thread 0x0000026c2ec1a420 flushing nmethod 0x0000026c1ab87d90
Event: 103.088 Thread 0x0000026c2ec1a420 flushing nmethod 0x0000026c1a25e910
Event: 103.246 Thread 0x0000026c7a3fa650 Thread added: 0x0000026c7a3fa650


Dynamic libraries:
0x00007ff780d40000 - 0x00007ff780d50000 	C:\Program Files\Java\jdk-20\bin\java.exe
0x00007fffd0870000 - 0x00007fffd0a68000 	C:\Windows\SYSTEM32\ntdll.dll
0x00007fffcfa60000 - 0x00007fffcfb1d000 	C:\Windows\System32\KERNEL32.DLL
0x00007fffce1b0000 - 0x00007fffce4a6000 	C:\Windows\System32\KERNELBASE.dll
0x00007fffce550000 - 0x00007fffce650000 	C:\Windows\System32\ucrtbase.dll
0x00007fff87ae0000 - 0x00007fff87afb000 	C:\Program Files\Java\jdk-20\bin\VCRUNTIME140.dll
0x00007fff86f90000 - 0x00007fff86fa9000 	C:\Program Files\Java\jdk-20\bin\jli.dll
0x00007fffcf730000 - 0x00007fffcf7df000 	C:\Windows\System32\ADVAPI32.dll
0x00007fffce8d0000 - 0x00007fffce96e000 	C:\Windows\System32\msvcrt.dll
0x00007fffcf670000 - 0x00007fffcf70c000 	C:\Windows\System32\sechost.dll
0x00007fffceab0000 - 0x00007fffcebd6000 	C:\Windows\System32\RPCRT4.dll
0x00007fffcf020000 - 0x00007fffcf1be000 	C:\Windows\System32\USER32.dll
0x00007fffce030000 - 0x00007fffce052000 	C:\Windows\System32\win32u.dll
0x00007fffb2e30000 - 0x00007fffb30ca000 	C:\Windows\WinSxS\amd64_microsoft.windows.common-controls_6595b64144ccf1df_6.0.19041.3636_none_60b6a03d71f818d5\COMCTL32.dll
0x00007fffd0270000 - 0x00007fffd029c000 	C:\Windows\System32\GDI32.dll
0x00007fffce7b0000 - 0x00007fffce8ca000 	C:\Windows\System32\gdi32full.dll
0x00007fffce4b0000 - 0x00007fffce54d000 	C:\Windows\System32\msvcp_win.dll
0x00007fffc3a40000 - 0x00007fffc3a4a000 	C:\Windows\SYSTEM32\VERSION.dll
0x00007fffd02b0000 - 0x00007fffd02e0000 	C:\Windows\System32\IMM32.DLL
0x00007fff8dc80000 - 0x00007fff8dc8c000 	C:\Program Files\Java\jdk-20\bin\vcruntime140_1.dll
0x00007fff6f2a0000 - 0x00007fff6f32e000 	C:\Program Files\Java\jdk-20\bin\msvcp140.dll
0x00007fff44c70000 - 0x00007fff45908000 	C:\Program Files\Java\jdk-20\bin\server\jvm.dll
0x00007fffb2a80000 - 0x00007fffb2a89000 	C:\Windows\SYSTEM32\WSOCK32.dll
0x00007fffba220000 - 0x00007fffba247000 	C:\Windows\SYSTEM32\WINMM.dll
0x00007fffcefb0000 - 0x00007fffcf01b000 	C:\Windows\System32\WS2_32.dll
0x00007fffcc7f0000 - 0x00007fffcc802000 	C:\Windows\SYSTEM32\kernel.appcore.dll
0x00007fff8c790000 - 0x00007fff8c79a000 	C:\Program Files\Java\jdk-20\bin\jimage.dll
0x00007fffcbd20000 - 0x00007fffcbf04000 	C:\Windows\SYSTEM32\DBGHELP.DLL
0x00007fffaff00000 - 0x00007fffaff34000 	C:\Windows\SYSTEM32\dbgcore.DLL
0x00007fffce0b0000 - 0x00007fffce132000 	C:\Windows\System32\bcryptPrimitives.dll
0x00007fffc0de0000 - 0x00007fffc0e1c000 	C:\Program Files\Java\jdk-20\bin\jdwp.dll
0x00007fffc6d10000 - 0x00007fffc6d1e000 	C:\Program Files\Java\jdk-20\bin\instrument.dll
0x00007fff79710000 - 0x00007fff79736000 	C:\Program Files\Java\jdk-20\bin\java.dll
0x00007fff79590000 - 0x00007fff795a8000 	C:\Program Files\Java\jdk-20\bin\zip.dll
0x00007fff6dcf0000 - 0x00007fff6ddc7000 	C:\Program Files\Java\jdk-20\bin\jsvml.dll
0x00007fffcfb20000 - 0x00007fffd0265000 	C:\Windows\System32\SHELL32.dll
0x00007fffcbf10000 - 0x00007fffcc6ab000 	C:\Windows\SYSTEM32\windows.storage.dll
0x00007fffcec50000 - 0x00007fffcefa4000 	C:\Windows\System32\combase.dll
0x00007fffcd990000 - 0x00007fffcd9bd000 	C:\Windows\SYSTEM32\Wldp.dll
0x00007fffcf220000 - 0x00007fffcf2cd000 	C:\Windows\System32\SHCORE.dll
0x00007fffcf1c0000 - 0x00007fffcf215000 	C:\Windows\System32\shlwapi.dll
0x00007fffcde80000 - 0x00007fffcdea5000 	C:\Windows\SYSTEM32\profapi.dll
0x00007fffc6cf0000 - 0x00007fffc6cfc000 	C:\Program Files\Java\jdk-20\bin\dt_socket.dll
0x00007fffcd390000 - 0x00007fffcd3cb000 	C:\Windows\SYSTEM32\IPHLPAPI.DLL
0x00007fffcd6f0000 - 0x00007fffcd75a000 	C:\Windows\system32\mswsock.dll
0x00007fff7e200000 - 0x00007fff7e213000 	C:\Program Files\Java\jdk-20\bin\net.dll
0x00007fffc29a0000 - 0x00007fffc2aaa000 	C:\Windows\SYSTEM32\WINHTTP.dll
0x00007fff7bf80000 - 0x00007fff7bf96000 	C:\Program Files\Java\jdk-20\bin\nio.dll
0x00007fffc6dd0000 - 0x00007fffc6dda000 	C:\Program Files\Java\jdk-20\bin\management.dll
0x00007fffc6d50000 - 0x00007fffc6d5b000 	C:\Program Files\Java\jdk-20\bin\management_ext.dll
0x00007fffcec40000 - 0x00007fffcec48000 	C:\Windows\System32\PSAPI.DLL
0x00007fffcd8e0000 - 0x00007fffcd8f8000 	C:\Windows\SYSTEM32\CRYPTSP.dll
0x00007fffccfb0000 - 0x00007fffccfe4000 	C:\Windows\system32\rsaenh.dll
0x00007fffce000000 - 0x00007fffce027000 	C:\Windows\System32\bcrypt.dll
0x00007fffcde40000 - 0x00007fffcde6e000 	C:\Windows\SYSTEM32\USERENV.dll
0x00007fffcd900000 - 0x00007fffcd90c000 	C:\Windows\SYSTEM32\CRYPTBASE.dll
0x00007fffce970000 - 0x00007fffce978000 	C:\Windows\System32\NSI.dll
0x00007fffc30e0000 - 0x00007fffc30f7000 	C:\Windows\SYSTEM32\dhcpcsvc6.DLL
0x00007fffc32b0000 - 0x00007fffc32cd000 	C:\Windows\SYSTEM32\dhcpcsvc.DLL
0x00007fffcd3e0000 - 0x00007fffcd4aa000 	C:\Windows\SYSTEM32\DNSAPI.dll
0x00007fffc6d30000 - 0x00007fffc6d3e000 	C:\Program Files\Java\jdk-20\bin\sunmscapi.dll
0x00007fffce650000 - 0x00007fffce7ad000 	C:\Windows\System32\CRYPT32.dll
0x00007fffcda00000 - 0x00007fffcda27000 	C:\Windows\SYSTEM32\ncrypt.dll
0x00007fffcd9c0000 - 0x00007fffcd9fb000 	C:\Windows\SYSTEM32\NTASN1.dll
0x00007fff85e30000 - 0x00007fff85e40000 	C:\Program Files\Java\jdk-20\bin\verify.dll
0x00007fffb3670000 - 0x00007fffb367a000 	C:\Windows\System32\rasadhlp.dll
0x00007fffb4610000 - 0x00007fffb4690000 	C:\Windows\System32\fwpuclnt.dll
0x00007fff8c090000 - 0x00007fff8c097000 	C:\Program Files\Java\jdk-20\bin\extnet.dll
0x00007fff8de20000 - 0x00007fff8de27000 	C:\Windows\system32\wshunix.dll

dbghelp: loaded successfully - version: 4.0.5 - missing functions: none
symbol engine: initialized successfully - sym options: 0x614 - pdb path: .;C:\Program Files\Java\jdk-20\bin;C:\Windows\SYSTEM32;C:\Windows\WinSxS\amd64_microsoft.windows.common-controls_6595b64144ccf1df_6.0.19041.3636_none_60b6a03d71f818d5;C:\Program Files\Java\jdk-20\bin\server

VM Arguments:
jvm_args: -agentlib:jdwp=transport=dt_socket,address=127.0.0.1:53024,suspend=y,server=n -javaagent:C:\Users\ADMIN\AppData\Local\JetBrains\IdeaIC2022.3\captureAgent\debugger-agent.jar -Dfile.encoding=UTF-8 -Dsun.stdout.encoding=UTF-8 -Dsun.stderr.encoding=UTF-8 
java_command: com.example.service.ServiceApplication
java_class_path (initial): C:\Users\ADMIN\Desktop\lol\service\target\classes;C:\Users\ADMIN\.m2\repository\org\springframework\boot\spring-boot-starter-data-jpa\3.1.4\spring-boot-starter-data-jpa-3.1.4.jar;C:\Users\ADMIN\.m2\repository\org\springframework\boot\spring-boot-starter-aop\3.1.4\spring-boot-starter-aop-3.1.4.jar;C:\Users\ADMIN\.m2\repository\org\aspectj\aspectjweaver\1.9.20\aspectjweaver-1.9.20.jar;C:\Users\ADMIN\.m2\repository\org\springframework\boot\spring-boot-starter-jdbc\3.1.4\spring-boot-starter-jdbc-3.1.4.jar;C:\Users\ADMIN\.m2\repository\com\zaxxer\HikariCP\5.0.1\HikariCP-5.0.1.jar;C:\Users\ADMIN\.m2\repository\org\springframework\spring-jdbc\6.0.12\spring-jdbc-6.0.12.jar;C:\Users\ADMIN\.m2\repository\org\hibernate\orm\hibernate-core\6.2.9.Final\hibernate-core-6.2.9.Final.jar;C:\Users\ADMIN\.m2\repository\jakarta\persistence\jakarta.persistence-api\3.1.0\jakarta.persistence-api-3.1.0.jar;C:\Users\ADMIN\.m2\repository\jakarta\transaction\jakarta.transaction-api\2.0.1\jakarta.transaction-api-2.0.1.jar;C:\Users\ADMIN\.m2\repository\org\jboss\logging\jboss-logging\3.5.3.Final\jboss-logging-3.5.3.Final.jar;C:\Users\ADMIN\.m2\repository\org\hibernate\common\hibernate-commons-annotations\6.0.6.Final\hibernate-commons-annotations-6.0.6.Final.jar;C:\Users\ADMIN\.m2\repository\io\smallrye\jandex\3.0.5\jandex-3.0.5.jar;C:\Users\ADMIN\.m2\repository\com\fasterxml\classmate\1.5.1\classmate-1.5.1.jar;C:\Users\ADMIN\.m2\repository\net\bytebuddy\byte-buddy\1.14.8\byte-buddy-1.14.8.jar;C:\Users\ADMIN\.m2\repository\org\glassfish\jaxb\jaxb-runtime\4.0.3\jaxb-runtime-4.0.3.jar;C:\Users\ADMIN\.m2\repository\org\glassfish\jaxb\jaxb-core\4.0.3\jaxb-core-4.0.3.jar;C:\Users\ADMIN\.m2\repository\org\eclipse\angus\angus-activation\2.0.1\angus-activation-2.0.1.jar;C:\Users\ADMIN\.m2\repository\org\glassfish\jaxb\txw2\4.0.3\txw2-4.0.3.jar;C:\Users\ADMIN\.m2\repository\com\sun\istack\istack-commons-runtime\4.1.2\istack-commons-runtime-4.1.2.jar;C:\Users\ADMIN\.m2\repository\jakarta\inject\jakarta.inject-api\2.0.1\jakarta.inject-api-2.0.1.jar;C:\Users\ADMIN\.m2\repository\org\antlr\antlr4-runtime\4.10.1\antlr4-runtime-4.10.1.jar;C:\Users\ADMIN\.m2\repository\org\springframework\data\spring-data-jpa\3.1.4\spring-data-jpa-3.1.4.jar;C:\Users\ADMIN\.m2\repository\org\springframework\data\spring-data-commons\3.1.4\spring-data-commons-3.1.4.jar;C:\Users\ADMIN\.m2\repository\org\springframework\spring-orm\6.0.12\spring-orm-6.0.12.jar;C:\Users\ADMIN\.m2\repository\org\springframework\spring-context\6.0.12\spring-context-6.0.12.jar;C:\Users\ADMIN\.m2\repository\org\springframework\spring-tx\6.0.12\spring-tx-6.0.12.jar;C:\Users\ADMIN\.m2\repository\org\springframework\spring-beans\6.0.12\spring-beans-6.0.12.jar;C:\Users\ADMIN\.m2\repository\jakarta\annotation\jakarta.annotation-api\2.1.1\jakarta.annotation-api-2.1.1.jar;C:\Users\ADMIN\.m2\repository\org\slf4j\slf4j-api\2.0.9\slf4j-api-2.0.9.jar;C:\Users\ADMIN\.m2\repository\org\springframework\spring-aspects\6.0.12\spring-aspects-6.0.12.jar;C:\Users\ADMIN\.m2\repository\org\springframework\boot\spring-boot-starter-security\3.1.4\spring-boot-starter-security-3.1.4.jar;C:\Users\ADMIN\.m2\repository\org\springframework\boot\spring-boot-starter\3.1.4\spring-boot-starter-3.1.4.jar;C:\Users\ADMIN\.m2\repository\org\springframework\boot\spring-boot-starter-logging\3.1.4\spring-boot-starter-logging-3.1.4.jar;C:\Users\ADMIN\.m2\repository\ch\qos\logback\logback-classic\1.4.11\logback-classic-1.4.11.jar;C:\Users\ADMIN\.m2\repository\ch\qos\logback\logback-core\1.4.11\logback-core-1.4.11.jar;C:\Users\ADMIN\.m2\repository\org\apache\logging\log4j\log4j-to-slf4j\2.20.0\log4j-to-slf4j-2.20.0.jar;C:\Users\ADMIN\.m2\repository\org\apache\logging\log4j\log4j-api\2.20.0\log4j-api-2.20.0.jar;C:\Users\ADMIN\.m2\repository\org\slf4j\jul-to-slf4j\2.0.9\jul-to-slf4j-2.0.9.jar;C:\Users\ADMIN\.m2\repository\org\yaml\snakeyaml\1.33\snakeyaml-1.33.jar;C:\Users\ADMIN\.m2\repository\org\springframework\spring-aop\6.0.12\spring-aop-6.0.12.jar;C:\Users\ADMIN\.m2\repository\org\springframework\security\spring-security-config\6.1.4\spring-security-config-6.1.4.jar;C:\Users\ADMIN\.m2\repository\org\springframework\security\spring-security-web\6.1.4\spring-security-web-6.1.4.jar;C:\Users\ADMIN\.m2\repository\org\springframework\spring-expression\6.0.12\spring-expression-6.0.12.jar;C:\Users\ADMIN\.m2\repository\org\springframework\boot\spring-boot-starter-validation\3.1.4\spring-boot-starter-validation-3.1.4.jar;C:\Users\ADMIN\.m2\repository\org\apache\tomcat\embed\tomcat-embed-el\10.1.13\tomcat-embed-el-10.1.13.jar;C:\Users\ADMIN\.m2\repository\org\hibernate\validator\hibernate-validator\8.0.1.Final\hibernate-validator-8.0.1.Final.jar;C:\Users\ADMIN\.m2\repository\jakarta\validation\jakarta.validation-api\3.0.2\jakarta.validation-api-3.0.2.jar;C:\Users\ADMIN\.m2\repository\org\springframework\boot\spring-boot-starter-web\3.1.4\spring-boot-starter-web-3.1.4.jar;C:\Users\ADMIN\.m2\repository\org\springframework\boot\spring-boot-starter-json\3.1.4\spring-boot-starter-json-3.1.4.jar;C:\Users\ADMIN\.m2\repository\com\fasterxml\jackson\datatype\jackson-datatype-jdk8\2.15.2\jackson-datatype-jdk8-2.15.2.jar;C:\Users\ADMIN\.m2\repository\com\fasterxml\jackson\datatype\jackson-datatype-jsr310\2.15.2\jackson-datatype-jsr310-2.15.2.jar;C:\Users\ADMIN\.m2\repository\com\fasterxml\jackson\module\jackson-module-parameter-names\2.15.2\jackson-module-parameter-names-2.15.2.jar;C:\Users\ADMIN\.m2\repository\org\springframework\boot\spring-boot-starter-tomcat\3.1.4\spring-boot-starter-tomcat-3.1.4.jar;C:\Users\ADMIN\.m2\repository\org\apache\tomcat\embed\tomcat-embed-core\10.1.13\tomcat-embed-core-10.1.13.jar;C:\Users\ADMIN\.m2\repository\org\apache\tomcat\embed\tomcat-embed-websocket\10.1.13\tomcat-embed-websocket-10.1.13.jar;C:\Users\ADMIN\.m2\repository\org\springframework\spring-web\6.0.12\spring-web-6.0.12.jar;C:\Users\ADMIN\.m2\repository\io\micrometer\micrometer-observation\1.11.4\micrometer-observation-1.11.4.jar;C:\Users\ADMIN\.m2\repository\io\micrometer\micrometer-commons\1.11.4\micrometer-commons-1.11.4.jar;C:\Users\ADMIN\.m2\repository\org\springframework\spring-webmvc\6.0.12\spring-webmvc-6.0.12.jar;C:\Users\ADMIN\.m2\repository\org\springframework\boot\spring-boot-devtools\3.1.4\spring-boot-devtools-3.1.4.jar;C:\Users\ADMIN\.m2\repository\org\springframework\boot\spring-boot\3.1.4\spring-boot-3.1.4.jar;C:\Users\ADMIN\.m2\repository\org\springframework\boot\spring-boot-autoconfigure\3.1.4\spring-boot-autoconfigure-3.1.4.jar;C:\Users\ADMIN\.m2\repository\com\mysql\mysql-connector-j\8.0.33\mysql-connector-j-8.0.33.jar;C:\Users\ADMIN\.m2\repository\jakarta\xml\bind\jakarta.xml.bind-api\4.0.1\jakarta.xml.bind-api-4.0.1.jar;C:\Users\ADMIN\.m2\repository\jakarta\activation\jakarta.activation-api\2.1.2\jakarta.activation-api-2.1.2.jar;C:\Users\ADMIN\.m2\repository\org\springframework\spring-core\6.0.12\spring-core-6.0.12.jar;C:\Users\ADMIN\.m2\repository\org\springframework\spring-jcl\6.0.12\spring-jcl-6.0.12.jar;C:\Users\ADMIN\.m2\repository\org\springframework\security\spring-security-core\6.1.4\spring-security-core-6.1.4.jar;C:\Users\ADMIN\.m2\repository\org\springframework\security\spring-security-crypto\6.1.4\spring-security-crypto-6.1.4.jar;C:\Users\ADMIN\.m2\repository\io\jsonwebtoken\jjwt-api\0.11.1\jjwt-api-0.11.1.jar;C:\Users\ADMIN\.m2\repository\io\jsonwebtoken\jjwt-impl\0.11.1\jjwt-impl-0.11.1.jar;C:\Users\ADMIN\.m2\repository\io\jsonwebtoken\jjwt-jackson\0.11.1\jjwt-jackson-0.11.1.jar;C:\Users\ADMIN\.m2\repository\com\fasterxml\jackson\core\jackson-databind\2.15.2\jackson-databind-2.15.2.jar;C:\Users\ADMIN\.m2\repository\com\fasterxml\jackson\core\jackson-annotations\2.15.2\jackson-annotations-2.15.2.jar;C:\Users\ADMIN\.m2\repository\com\fasterxml\jackson\core\jackson-core\2.15.2\jackson-core-2.15.2.jar;C:\Users\ADMIN\.m2\repository\org\modelmapper\modelmapper\3.1.1\modelmapper-3.1.1.jar;C:\Users\ADMIN\.m2\repository\org\mapstruct\mapstruct\1.5.5.Final\mapstruct-1.5.5.Final.jar;C:\Program Files\JetBrains\IntelliJ IDEA Community Edition 2022.3.1\lib\idea_rt.jar
Launcher Type: SUN_STANDARD

[Global flags]
     intx CICompilerCount                          = 4                                         {product} {ergonomic}
     uint ConcGCThreads                            = 3                                         {product} {ergonomic}
     uint G1ConcRefinementThreads                  = 10                                        {product} {ergonomic}
   size_t G1HeapRegionSize                         = 1048576                                   {product} {ergonomic}
    uintx GCDrainStackTargetSize                   = 64                                        {product} {ergonomic}
   size_t InitialHeapSize                          = 130023424                                 {product} {ergonomic}
   size_t MarkStackSize                            = 4194304                                   {product} {ergonomic}
   size_t MaxHeapSize                              = 2069889024                                {product} {ergonomic}
   size_t MaxNewSize                               = 1241513984                                {product} {ergonomic}
   size_t MinHeapDeltaBytes                        = 1048576                                   {product} {ergonomic}
   size_t MinHeapSize                              = 8388608                                   {product} {ergonomic}
    uintx NonNMethodCodeHeapSize                   = 5839372                                {pd product} {ergonomic}
    uintx NonProfiledCodeHeapSize                  = 122909434                              {pd product} {ergonomic}
    uintx ProfiledCodeHeapSize                     = 122909434                              {pd product} {ergonomic}
    uintx ReservedCodeCacheSize                    = 251658240                              {pd product} {ergonomic}
     bool SegmentedCodeCache                       = true                                      {product} {ergonomic}
   size_t SoftMaxHeapSize                          = 2069889024                             {manageable} {ergonomic}
     bool UseCompressedClassPointers               = true                           {product lp64_product} {ergonomic}
     bool UseCompressedOops                        = true                           {product lp64_product} {ergonomic}
     bool UseG1GC                                  = true                                      {product} {ergonomic}
     bool UseLargePagesIndividualAllocation        = false                                  {pd product} {ergonomic}

Logging:
Log output configuration:
 #0: stdout all=warning uptime,level,tags foldmultilines=false
 #1: stderr all=off uptime,level,tags foldmultilines=false

Environment Variables:
JAVA_HOME=C:\Program Files\Java\jdk-18.0.1
PATH=C:\Program Files\Common Files\Oracle\Java\javapath;C:\Windows\system32;C:\Windows;C:\Windows\System32\Wbem;C:\Windows\System32\WindowsPowerShell\v1.0\;C:\Windows\System32\OpenSSH\;C:\Program Files (x86)\NVIDIA Corporation\PhysX\Common;C:\Program Files\NVIDIA Corporation\NVIDIA NvDLISR;C:\Program Files\nodejs\;C:\Program Files\Microsoft SQL Server\Client SDK\ODBC\170\Tools\Binn\;C:\Program Files (x86)\Microsoft SQL Server\150\Tools\Binn\;C:\Program Files\Microsoft SQL Server\150\Tools\Binn\;C:\Program Files\Microsoft SQL Server\150\DTS\Binn\;C:\CMS\php;C:\composer;C:\Program Files\apache-maven-3.8.6\bin;%JAVA_HOME%\bin;C:\Users\ADMIN\AppData\Local\Microsoft\WindowsApps;C:\Users\ADMIN\AppData\Local\Programs\Microsoft VS Code\bin;C:\Users\ADMIN\AppData\Roaming\npm;C:\Users\ADMIN\AppData\Local\GitHubDesktop\bin;C:\Users\ADMIN\AppData\Roaming\Composer\vendor\bin
USERNAME=ADMIN
OS=Windows_NT
PROCESSOR_IDENTIFIER=Intel64 Family 6 Model 141 Stepping 1, GenuineIntel
TMP=C:\Users\ADMIN\AppData\Local\Temp
TEMP=C:\Users\ADMIN\AppData\Local\Temp




---------------  S Y S T E M  ---------------

OS:
 Windows 10 , 64 bit Build 19041 (10.0.19041.3636)
OS uptime: 1 days 15:04 hours

CPU: total 12 (initial active 12) (6 cores per cpu, 2 threads per core) family 6 model 141 stepping 1 microcode 0x26, cx8, cmov, fxsr, ht, mmx, 3dnowpref, sse, sse2, sse3, ssse3, sse4.1, sse4.2, popcnt, lzcnt, tsc, tscinvbit, avx, avx2, aes, erms, clmul, bmi1, bmi2, adx, avx512f, avx512dq, avx512cd, avx512bw, avx512vl, sha, fma, vzeroupper, avx512_vpopcntdq, avx512_vpclmulqdq, avx512_vaes, avx512_vnni, clflush, clflushopt, clwb, avx512_vbmi2, avx512_vbmi, rdtscp, rdpid, fsrm, gfni, avx512_bitalg, f16c, pku, cet_ibt, cet_ss, avx512_ifma

Memory: 4k page, system-wide physical 7893M (522M free)
TotalPageFile size 32469M (AvailPageFile size 4M)
current process WorkingSet (physical memory assigned to process): 309M, peak: 380M
current process commit charge ("private bytes"): 350M, peak: 422M

vm_info: Java HotSpot(TM) 64-Bit Server VM (20.0.2+9-78) for windows-amd64 JRE (20.0.2+9-78), built on 2023-06-14T10:08:48Z by "mach5one" with MS VC++ 17.1 (VS2022)

END.
