#
# There is insufficient memory for the Java Runtime Environment to continue.
# Native memory allocation (malloc) failed to allocate 902192 bytes for Chunk::new
# Possible reasons:
#   The system is out of physical RAM or swap space
#   The process is running with CompressedOops enabled, and the Java Heap may be blocking the growth of the native heap
# Possible solutions:
#   Reduce memory load on the system
#   Increase physical memory or swap space
#   Check if swap backing store is full
#   Decrease Java heap size (-Xmx/-Xms)
#   Decrease number of Java threads
#   Decrease Java thread stack sizes (-Xss)
#   Set larger code cache with -XX:ReservedCodeCacheSize=
#   JVM is running with Unscaled Compressed Oops mode in which the Java heap is
#     placed in the first 4GB address space. The Java Heap base address is the
#     maximum limit for the native heap growth. Please use -XX:HeapBaseMinAddress
#     to set the Java Heap base and to place the Java Heap above 4GB virtual address.
# This output file may be truncated or incomplete.
#
#  Out of Memory Error (arena.cpp:184), pid=23028, tid=22672
#
# JRE version: Java(TM) SE Runtime Environment (20.0.2+9) (build 20.0.2+9-78)
# Java VM: Java HotSpot(TM) 64-Bit Server VM (20.0.2+9-78, mixed mode, sharing, tiered, compressed oops, compressed class ptrs, g1 gc, windows-amd64)
# No core dump will be written. Minidumps are not enabled by default on client versions of Windows
#

---------------  S U M M A R Y ------------

Command Line: -agentlib:jdwp=transport=dt_socket,address=127.0.0.1:52755,suspend=y,server=n -javaagent:C:\Users\ADMIN\AppData\Local\JetBrains\IdeaIC2022.3\captureAgent\debugger-agent.jar -Dfile.encoding=UTF-8 -Dsun.stdout.encoding=UTF-8 -Dsun.stderr.encoding=UTF-8 com.example.service.ServiceApplication

Host: 11th Gen Intel(R) Core(TM) i5-11400H @ 2.70GHz, 12 cores, 7G,  Windows 10 , 64 bit Build 19041 (10.0.19041.3636)
Time: Thu Jan 11 11:27:20 2024 SE Asia Standard Time elapsed time: 48.419486 seconds (0d 0h 0m 48s)

---------------  T H R E A D  ---------------

Current thread (0x000002bcab25caa0):  JavaThread "C2 CompilerThread0" daemon [_thread_in_native, id=22672, stack(0x000000efd9f00000,0x000000efda000000)]


Current CompileTask:
C2:  48419 12110       4       org.springframework.core.annotation.AnnotationsScanner::getDeclaredAnnotations (166 bytes)

Stack: [0x000000efd9f00000,0x000000efda000000]
Native frames: (J=compiled Java code, j=interpreted, Vv=VM code, C=native code)
V  [jvm.dll+0x6bc25a]
V  [jvm.dll+0x84971a]
V  [jvm.dll+0x84b315]
V  [jvm.dll+0x84ba13]
V  [jvm.dll+0x280e4f]
V  [jvm.dll+0xc2ab1]
V  [jvm.dll+0xc2dd5]
V  [jvm.dll+0x3bb64c]
V  [jvm.dll+0x385b75]
V  [jvm.dll+0x384fea]
V  [jvm.dll+0x24b529]
V  [jvm.dll+0x24a921]
V  [jvm.dll+0x1ce761]
V  [jvm.dll+0x25a0eb]
V  [jvm.dll+0x2587c0]
V  [jvm.dll+0x3f2dd5]
V  [jvm.dll+0x7f5c76]
V  [jvm.dll+0x6baecb]
C  [ucrtbase.dll+0x21bb2]
C  [KERNEL32.DLL+0x17344]
C  [ntdll.dll+0x526b1]


---------------  P R O C E S S  ---------------

Threads class SMR info:
_java_thread_list=0x000002bcf878c120, length=33, elements={
0x000002bcab24e490, 0x000002bcab24f090, 0x000002bcab252ff0, 0x000002bcab254bc0,
0x000002bcab255ca0, 0x000002bcab256d80, 0x000002bcab25caa0, 0x000002bcab261be0,
0x000002bcab216e60, 0x000002bcf05ca5d0, 0x000002bcf070c080, 0x000002bcf070c6a0,
0x000002bcf06708c0, 0x000002bcf4237760, 0x000002bcf40aeab0, 0x000002bcf41267e0,
0x000002bcf4023fe0, 0x000002bcf4024530, 0x000002bcf4023a90, 0x000002bcf72ec4f0,
0x000002bcf72ebfa0, 0x000002bcf72efa10, 0x000002bcf72ef4c0, 0x000002bcf72e8a80,
0x000002bcf72eef70, 0x000002bcf72e8fd0, 0x000002bcf72ea510, 0x000002bcf72e7fe0,
0x000002bcf72eaa60, 0x000002bcf72e9fc0, 0x000002bcf72ee4d0, 0x000002bcf72ecf90,
0x000002bcf72ed4e0
}

Java Threads: ( => current thread )
  0x000002bcab24e490 JavaThread "Reference Handler" daemon [_thread_blocked, id=16400, stack(0x000000efd9900000,0x000000efd9a00000)]
  0x000002bcab24f090 JavaThread "Finalizer" daemon [_thread_blocked, id=5880, stack(0x000000efd9a00000,0x000000efd9b00000)]
  0x000002bcab252ff0 JavaThread "Signal Dispatcher" daemon [_thread_blocked, id=21476, stack(0x000000efd9b00000,0x000000efd9c00000)]
  0x000002bcab254bc0 JavaThread "Attach Listener" daemon [_thread_blocked, id=22168, stack(0x000000efd9c00000,0x000000efd9d00000)]
  0x000002bcab255ca0 JavaThread "Service Thread" daemon [_thread_blocked, id=9356, stack(0x000000efd9d00000,0x000000efd9e00000)]
  0x000002bcab256d80 JavaThread "Monitor Deflation Thread" daemon [_thread_blocked, id=7600, stack(0x000000efd9e00000,0x000000efd9f00000)]
=>0x000002bcab25caa0 JavaThread "C2 CompilerThread0" daemon [_thread_in_native, id=22672, stack(0x000000efd9f00000,0x000000efda000000)]
  0x000002bcab261be0 JavaThread "C1 CompilerThread0" daemon [_thread_blocked, id=21900, stack(0x000000efda000000,0x000000efda100000)]
  0x000002bcab216e60 JavaThread "Common-Cleaner" daemon [_thread_blocked, id=17172, stack(0x000000efda100000,0x000000efda200000)]
  0x000002bcf05ca5d0 JavaThread "JDWP Transport Listener: dt_socket" daemon [_thread_blocked, id=11896, stack(0x000000efda200000,0x000000efda300000)]
  0x000002bcf070c080 JavaThread "JDWP Event Helper Thread" daemon [_thread_blocked, id=21344, stack(0x000000efda300000,0x000000efda400000)]
  0x000002bcf070c6a0 JavaThread "JDWP Command Reader" daemon [_thread_in_native, id=16688, stack(0x000000efda400000,0x000000efda500000)]
  0x000002bcf06708c0 JavaThread "Notification Thread" daemon [_thread_blocked, id=14136, stack(0x000000efda500000,0x000000efda600000)]
  0x000002bcf4237760 JavaThread "Catalina-utility-1" [_thread_blocked, id=16796, stack(0x000000efdb500000,0x000000efdb600000)]
  0x000002bcf40aeab0 JavaThread "Catalina-utility-2" [_thread_blocked, id=22208, stack(0x000000efdb600000,0x000000efdb700000)]
  0x000002bcf41267e0 JavaThread "container-0" [_thread_blocked, id=156, stack(0x000000efdb700000,0x000000efdb800000)]
  0x000002bcf4023fe0 JavaThread "mysql-cj-abandoned-connection-cleanup" daemon [_thread_blocked, id=22884, stack(0x000000efdb800000,0x000000efdb900000)]
  0x000002bcf4024530 JavaThread "HikariPool-1 housekeeper" daemon [_thread_blocked, id=21032, stack(0x000000efdba00000,0x000000efdbb00000)]
  0x000002bcf4023a90 JavaThread "File Watcher" daemon [_thread_blocked, id=22716, stack(0x000000efdbc00000,0x000000efdbd00000)]
  0x000002bcf72ec4f0 JavaThread "Live Reload Server" daemon [_thread_in_native, id=9836, stack(0x000000efdbe00000,0x000000efdbf00000)]
  0x000002bcf72ebfa0 JavaThread "http-nio-8080-exec-1" daemon [_thread_blocked, id=4944, stack(0x000000efdbd00000,0x000000efdbe00000)]
  0x000002bcf72efa10 JavaThread "http-nio-8080-exec-2" daemon [_thread_blocked, id=16544, stack(0x000000efdbf00000,0x000000efdc000000)]
  0x000002bcf72ef4c0 JavaThread "http-nio-8080-exec-3" daemon [_thread_in_Java, id=21180, stack(0x000000efdc000000,0x000000efdc100000)]
  0x000002bcf72e8a80 JavaThread "http-nio-8080-exec-4" daemon [_thread_blocked, id=7208, stack(0x000000efdc100000,0x000000efdc200000)]
  0x000002bcf72eef70 JavaThread "http-nio-8080-exec-5" daemon [_thread_blocked, id=16188, stack(0x000000efdc200000,0x000000efdc300000)]
  0x000002bcf72e8fd0 JavaThread "http-nio-8080-exec-6" daemon [_thread_blocked, id=20892, stack(0x000000efdc300000,0x000000efdc400000)]
  0x000002bcf72ea510 JavaThread "http-nio-8080-exec-7" daemon [_thread_in_Java, id=12440, stack(0x000000efdc400000,0x000000efdc500000)]
  0x000002bcf72e7fe0 JavaThread "http-nio-8080-exec-8" daemon [_thread_blocked, id=3956, stack(0x000000efdc500000,0x000000efdc600000)]
  0x000002bcf72eaa60 JavaThread "http-nio-8080-exec-9" daemon [_thread_blocked, id=4172, stack(0x000000efdc600000,0x000000efdc700000)]
  0x000002bcf72e9fc0 JavaThread "http-nio-8080-exec-10" daemon [_thread_blocked, id=17024, stack(0x000000efdc700000,0x000000efdc800000)]
  0x000002bcf72ee4d0 JavaThread "http-nio-8080-Poller" daemon [_thread_in_native, id=21548, stack(0x000000efdc900000,0x000000efdca00000)]
  0x000002bcf72ecf90 JavaThread "http-nio-8080-Acceptor" daemon [_thread_in_native, id=20496, stack(0x000000efdca00000,0x000000efdcb00000)]
  0x000002bcf72ed4e0 JavaThread "DestroyJavaVM" [_thread_blocked, id=13084, stack(0x000000efd9200000,0x000000efd9300000)]

Other Threads:
  0x000002bcab22c9d0 VMThread "VM Thread" [stack: 0x000000efd9800000,0x000000efd9900000] [id=7652]
  0x000002bcf05eb800 WatcherThread "VM Periodic Task Thread" [stack: 0x000000efda600000,0x000000efda700000] [id=8608]
  0x000002bc8e59aed0 WorkerThread "GC Thread#0" [stack: 0x000000efd9300000,0x000000efd9400000] [id=20316]
  0x000002bcab22b8f0 WorkerThread "GC Thread#1" [stack: 0x000000efda800000,0x000000efda900000] [id=17416]
  0x000002bcab22be90 WorkerThread "GC Thread#2" [stack: 0x000000efda900000,0x000000efdaa00000] [id=23524]
  0x000002bcab22c160 WorkerThread "GC Thread#3" [stack: 0x000000efdaa00000,0x000000efdab00000] [id=8020]
  0x000002bcab22b350 WorkerThread "GC Thread#4" [stack: 0x000000efdab00000,0x000000efdac00000] [id=20320]
  0x000002bcab22bbc0 WorkerThread "GC Thread#5" [stack: 0x000000efdac00000,0x000000efdad00000] [id=11272]
  0x000002bcab22c430 WorkerThread "GC Thread#6" [stack: 0x000000efdad00000,0x000000efdae00000] [id=21776]
  0x000002bcab22c700 WorkerThread "GC Thread#7" [stack: 0x000000efdae00000,0x000000efdaf00000] [id=21612]
  0x000002bcab22cca0 WorkerThread "GC Thread#8" [stack: 0x000000efdaf00000,0x000000efdb000000] [id=23952]
  0x000002bcab22cf70 WorkerThread "GC Thread#9" [stack: 0x000000efdb000000,0x000000efdb100000] [id=21004]
  0x000002bc8e5ab550 ConcurrentGCThread "G1 Main Marker" [stack: 0x000000efd9400000,0x000000efd9500000] [id=2060]
  0x000002bc8e5ac7d0 WorkerThread "G1 Conc#0" [stack: 0x000000efd9500000,0x000000efd9600000] [id=22392]
  0x000002bcf12ca720 WorkerThread "G1 Conc#1" [stack: 0x000000efdb300000,0x000000efdb400000] [id=10392]
  0x000002bcf12c7750 WorkerThread "G1 Conc#2" [stack: 0x000000efdb400000,0x000000efdb500000] [id=5864]
  0x000002bc8e5fe750 ConcurrentGCThread "G1 Refine#0" [stack: 0x000000efd9600000,0x000000efd9700000] [id=2288]
  0x000002bcab0ebff0 ConcurrentGCThread "G1 Service" [stack: 0x000000efd9700000,0x000000efd9800000] [id=23788]

Threads with active compile tasks:
C2 CompilerThread0    48458 12110       4       org.springframework.core.annotation.AnnotationsScanner::getDeclaredAnnotations (166 bytes)

VM state: not at safepoint (normal execution)

VM Mutex/Monitor currently owned by a thread: None

Heap address: 0x0000000084a00000, size: 1974 MB, Compressed Oops mode: 32-bit

CDS archive(s) mapped at: [0x000002bcab400000-0x000002bcac060000-0x000002bcac060000), size 12976128, SharedBaseAddress: 0x000002bcab400000, ArchiveRelocationMode: 1.
Compressed class space mapped at: 0x000002bcac400000-0x000002bcec400000, reserved size: 1073741824
Narrow klass base: 0x000002bcab400000, Narrow klass shift: 0, Narrow klass range: 0x100000000

GC Precious Log:
 CardTable entry size: 512
 Card Set container configuration: InlinePtr #cards 5 size 8 Array Of Cards #cards 12 size 40 Howl #buckets 4 coarsen threshold 1843 Howl Bitmap #cards 512 size 80 coarsen threshold 460 Card regions per heap region 1 cards per card region 2048
 CPUs: 12 total, 12 available
 Memory: 7893M
 Large Page Support: Disabled
 NUMA Support: Disabled
 Compressed Oops: Enabled (32-bit)
 Heap Region Size: 1M
 Heap Min Capacity: 8M
 Heap Initial Capacity: 124M
 Heap Max Capacity: 1974M
 Pre-touch: Disabled
 Parallel Workers: 10
 Concurrent Workers: 3
 Concurrent Refinement Workers: 10
 Periodic GC: Disabled

Heap:
 garbage-first heap   total 103424K, used 44267K [0x0000000084a00000, 0x0000000100000000)
  region size 1024K, 9 young (9216K), 1 survivors (1024K)
 Metaspace       used 79649K, committed 80448K, reserved 1179648K
  class space    used 10530K, committed 10880K, reserved 1048576K

Heap Regions: E=young(eden), S=young(survivor), O=old, HS=humongous(starts), HC=humongous(continues), CS=collection set, F=free, OA=open archive, CA=closed archive, TAMS=top-at-mark-start, PB=parsable bottom
|   0|0x0000000084a00000, 0x0000000084b00000, 0x0000000084b00000|100%|HS|  |TAMS 0x0000000084a00000| PB 0x0000000084a00000| Complete 
|   1|0x0000000084b00000, 0x0000000084c00000, 0x0000000084c00000|100%| O|  |TAMS 0x0000000084b00000| PB 0x0000000084b00000| Untracked 
|   2|0x0000000084c00000, 0x0000000084d00000, 0x0000000084d00000|100%| O|  |TAMS 0x0000000084c00000| PB 0x0000000084c00000| Untracked 
|   3|0x0000000084d00000, 0x0000000084d0b200, 0x0000000084e00000|  4%| O|  |TAMS 0x0000000084d00000| PB 0x0000000084d00000| Untracked 
|   4|0x0000000084e00000, 0x0000000084e00000, 0x0000000084f00000|  0%| F|  |TAMS 0x0000000084e00000| PB 0x0000000084e00000| Untracked 
|   5|0x0000000084f00000, 0x0000000085000000, 0x0000000085000000|100%| O|  |TAMS 0x0000000084f00000| PB 0x0000000084f00000| Untracked 
|   6|0x0000000085000000, 0x0000000085100000, 0x0000000085100000|100%| O|  |TAMS 0x0000000085000000| PB 0x0000000085000000| Untracked 
|   7|0x0000000085100000, 0x0000000085200000, 0x0000000085200000|100%| O|  |TAMS 0x0000000085100000| PB 0x0000000085100000| Untracked 
|   8|0x0000000085200000, 0x0000000085300000, 0x0000000085300000|100%| O|  |TAMS 0x0000000085200000| PB 0x0000000085200000| Untracked 
|   9|0x0000000085300000, 0x0000000085400000, 0x0000000085400000|100%| O|  |TAMS 0x0000000085300000| PB 0x0000000085300000| Untracked 
|  10|0x0000000085400000, 0x0000000085500000, 0x0000000085500000|100%| O|  |TAMS 0x0000000085400000| PB 0x0000000085400000| Untracked 
|  11|0x0000000085500000, 0x0000000085600000, 0x0000000085600000|100%| O|  |TAMS 0x0000000085500000| PB 0x0000000085500000| Untracked 
|  12|0x0000000085600000, 0x0000000085700000, 0x0000000085700000|100%| O|  |TAMS 0x0000000085600000| PB 0x0000000085600000| Untracked 
|  13|0x0000000085700000, 0x0000000085800000, 0x0000000085800000|100%| O|  |TAMS 0x0000000085700000| PB 0x0000000085700000| Untracked 
|  14|0x0000000085800000, 0x0000000085900000, 0x0000000085900000|100%| O|  |TAMS 0x0000000085800000| PB 0x0000000085800000| Untracked 
|  15|0x0000000085900000, 0x0000000085a00000, 0x0000000085a00000|100%| O|  |TAMS 0x0000000085900000| PB 0x0000000085900000| Untracked 
|  16|0x0000000085a00000, 0x0000000085b00000, 0x0000000085b00000|100%| O|  |TAMS 0x0000000085a00000| PB 0x0000000085a00000| Untracked 
|  17|0x0000000085b00000, 0x0000000085c00000, 0x0000000085c00000|100%| O|  |TAMS 0x0000000085b00000| PB 0x0000000085b00000| Untracked 
|  18|0x0000000085c00000, 0x0000000085d00000, 0x0000000085d00000|100%| O|  |TAMS 0x0000000085c00000| PB 0x0000000085c00000| Untracked 
|  19|0x0000000085d00000, 0x0000000085e00000, 0x0000000085e00000|100%| O|  |TAMS 0x0000000085d00000| PB 0x0000000085d00000| Untracked 
|  20|0x0000000085e00000, 0x0000000085f00000, 0x0000000085f00000|100%| O|  |TAMS 0x0000000085e00000| PB 0x0000000085e00000| Untracked 
|  21|0x0000000085f00000, 0x0000000086000000, 0x0000000086000000|100%| O|  |TAMS 0x0000000085f00000| PB 0x0000000085f00000| Untracked 
|  22|0x0000000086000000, 0x0000000086100000, 0x0000000086100000|100%| O|  |TAMS 0x0000000086000000| PB 0x0000000086000000| Untracked 
|  23|0x0000000086100000, 0x0000000086200000, 0x0000000086200000|100%| O|  |TAMS 0x0000000086100000| PB 0x0000000086100000| Untracked 
|  24|0x0000000086200000, 0x0000000086300000, 0x0000000086300000|100%| O|  |TAMS 0x0000000086200000| PB 0x0000000086200000| Untracked 
|  25|0x0000000086300000, 0x0000000086400000, 0x0000000086400000|100%| O|  |TAMS 0x0000000086300000| PB 0x0000000086300000| Untracked 
|  26|0x0000000086400000, 0x0000000086500000, 0x0000000086500000|100%| O|  |TAMS 0x0000000086400000| PB 0x0000000086400000| Untracked 
|  27|0x0000000086500000, 0x0000000086600000, 0x0000000086600000|100%| O|  |TAMS 0x0000000086500000| PB 0x0000000086500000| Untracked 
|  28|0x0000000086600000, 0x0000000086700000, 0x0000000086700000|100%| O|  |TAMS 0x0000000086600000| PB 0x0000000086600000| Untracked 
|  29|0x0000000086700000, 0x0000000086800000, 0x0000000086800000|100%| O|  |TAMS 0x0000000086700000| PB 0x0000000086700000| Untracked 
|  30|0x0000000086800000, 0x0000000086900000, 0x0000000086900000|100%| O|  |TAMS 0x0000000086800000| PB 0x0000000086800000| Untracked 
|  31|0x0000000086900000, 0x0000000086a00000, 0x0000000086a00000|100%| O|  |TAMS 0x0000000086900000| PB 0x0000000086900000| Untracked 
|  32|0x0000000086a00000, 0x0000000086b00000, 0x0000000086b00000|100%| O|  |TAMS 0x0000000086a00000| PB 0x0000000086a00000| Untracked 
|  33|0x0000000086b00000, 0x0000000086c00000, 0x0000000086c00000|100%| O|  |TAMS 0x0000000086b00000| PB 0x0000000086b00000| Untracked 
|  34|0x0000000086c00000, 0x0000000086d00000, 0x0000000086d00000|100%| O|  |TAMS 0x0000000086c00000| PB 0x0000000086c00000| Untracked 
|  35|0x0000000086d00000, 0x0000000086e00000, 0x0000000086e00000|100%| O|  |TAMS 0x0000000086d00000| PB 0x0000000086d00000| Untracked 
|  36|0x0000000086e00000, 0x0000000086f00000, 0x0000000086f00000|100%| O|  |TAMS 0x0000000086e00000| PB 0x0000000086e00000| Untracked 
|  37|0x0000000086f00000, 0x0000000087000000, 0x0000000087000000|100%| O|  |TAMS 0x0000000086f00000| PB 0x0000000086f00000| Untracked 
|  38|0x0000000087000000, 0x0000000087000000, 0x0000000087100000|  0%| F|  |TAMS 0x0000000087000000| PB 0x0000000087000000| Untracked 
|  39|0x0000000087100000, 0x0000000087100000, 0x0000000087200000|  0%| F|  |TAMS 0x0000000087100000| PB 0x0000000087100000| Untracked 
|  40|0x0000000087200000, 0x0000000087200000, 0x0000000087300000|  0%| F|  |TAMS 0x0000000087200000| PB 0x0000000087200000| Untracked 
|  41|0x0000000087300000, 0x0000000087300000, 0x0000000087400000|  0%| F|  |TAMS 0x0000000087300000| PB 0x0000000087300000| Untracked 
|  42|0x0000000087400000, 0x000000008742fc78, 0x0000000087500000| 18%| S|CS|TAMS 0x0000000087400000| PB 0x0000000087400000| Complete 
|  43|0x0000000087500000, 0x0000000087500000, 0x0000000087600000|  0%| F|  |TAMS 0x0000000087500000| PB 0x0000000087500000| Untracked 
|  44|0x0000000087600000, 0x0000000087600000, 0x0000000087700000|  0%| F|  |TAMS 0x0000000087600000| PB 0x0000000087600000| Untracked 
|  45|0x0000000087700000, 0x0000000087700000, 0x0000000087800000|  0%| F|  |TAMS 0x0000000087700000| PB 0x0000000087700000| Untracked 
|  46|0x0000000087800000, 0x0000000087800000, 0x0000000087900000|  0%| F|  |TAMS 0x0000000087800000| PB 0x0000000087800000| Untracked 
|  47|0x0000000087900000, 0x0000000087900000, 0x0000000087a00000|  0%| F|  |TAMS 0x0000000087900000| PB 0x0000000087900000| Untracked 
|  48|0x0000000087a00000, 0x0000000087a00000, 0x0000000087b00000|  0%| F|  |TAMS 0x0000000087a00000| PB 0x0000000087a00000| Untracked 
|  49|0x0000000087b00000, 0x0000000087b00000, 0x0000000087c00000|  0%| F|  |TAMS 0x0000000087b00000| PB 0x0000000087b00000| Untracked 
|  50|0x0000000087c00000, 0x0000000087c00000, 0x0000000087d00000|  0%| F|  |TAMS 0x0000000087c00000| PB 0x0000000087c00000| Untracked 
|  51|0x0000000087d00000, 0x0000000087d00000, 0x0000000087e00000|  0%| F|  |TAMS 0x0000000087d00000| PB 0x0000000087d00000| Untracked 
|  52|0x0000000087e00000, 0x0000000087e00000, 0x0000000087f00000|  0%| F|  |TAMS 0x0000000087e00000| PB 0x0000000087e00000| Untracked 
|  53|0x0000000087f00000, 0x0000000087f00000, 0x0000000088000000|  0%| F|  |TAMS 0x0000000087f00000| PB 0x0000000087f00000| Untracked 
|  54|0x0000000088000000, 0x0000000088000000, 0x0000000088100000|  0%| F|  |TAMS 0x0000000088000000| PB 0x0000000088000000| Untracked 
|  55|0x0000000088100000, 0x0000000088100000, 0x0000000088200000|  0%| F|  |TAMS 0x0000000088100000| PB 0x0000000088100000| Untracked 
|  56|0x0000000088200000, 0x0000000088200000, 0x0000000088300000|  0%| F|  |TAMS 0x0000000088200000| PB 0x0000000088200000| Untracked 
|  57|0x0000000088300000, 0x0000000088300000, 0x0000000088400000|  0%| F|  |TAMS 0x0000000088300000| PB 0x0000000088300000| Untracked 
|  58|0x0000000088400000, 0x0000000088400000, 0x0000000088500000|  0%| F|  |TAMS 0x0000000088400000| PB 0x0000000088400000| Untracked 
|  59|0x0000000088500000, 0x0000000088500000, 0x0000000088600000|  0%| F|  |TAMS 0x0000000088500000| PB 0x0000000088500000| Untracked 
|  60|0x0000000088600000, 0x0000000088600000, 0x0000000088700000|  0%| F|  |TAMS 0x0000000088600000| PB 0x0000000088600000| Untracked 
|  61|0x0000000088700000, 0x0000000088700000, 0x0000000088800000|  0%| F|  |TAMS 0x0000000088700000| PB 0x0000000088700000| Untracked 
|  62|0x0000000088800000, 0x0000000088800000, 0x0000000088900000|  0%| F|  |TAMS 0x0000000088800000| PB 0x0000000088800000| Untracked 
|  63|0x0000000088900000, 0x0000000088900000, 0x0000000088a00000|  0%| F|  |TAMS 0x0000000088900000| PB 0x0000000088900000| Untracked 
|  64|0x0000000088a00000, 0x0000000088a00000, 0x0000000088b00000|  0%| F|  |TAMS 0x0000000088a00000| PB 0x0000000088a00000| Untracked 
|  65|0x0000000088b00000, 0x0000000088b00000, 0x0000000088c00000|  0%| F|  |TAMS 0x0000000088b00000| PB 0x0000000088b00000| Untracked 
|  66|0x0000000088c00000, 0x0000000088c00000, 0x0000000088d00000|  0%| F|  |TAMS 0x0000000088c00000| PB 0x0000000088c00000| Untracked 
|  67|0x0000000088d00000, 0x0000000088d00000, 0x0000000088e00000|  0%| F|  |TAMS 0x0000000088d00000| PB 0x0000000088d00000| Untracked 
|  68|0x0000000088e00000, 0x0000000088e00000, 0x0000000088f00000|  0%| F|  |TAMS 0x0000000088e00000| PB 0x0000000088e00000| Untracked 
|  69|0x0000000088f00000, 0x0000000088f00000, 0x0000000089000000|  0%| F|  |TAMS 0x0000000088f00000| PB 0x0000000088f00000| Untracked 
|  70|0x0000000089000000, 0x0000000089000000, 0x0000000089100000|  0%| F|  |TAMS 0x0000000089000000| PB 0x0000000089000000| Untracked 
|  71|0x0000000089100000, 0x0000000089100000, 0x0000000089200000|  0%| F|  |TAMS 0x0000000089100000| PB 0x0000000089100000| Untracked 
|  72|0x0000000089200000, 0x0000000089200000, 0x0000000089300000|  0%| F|  |TAMS 0x0000000089200000| PB 0x0000000089200000| Untracked 
|  73|0x0000000089300000, 0x0000000089300000, 0x0000000089400000|  0%| F|  |TAMS 0x0000000089300000| PB 0x0000000089300000| Untracked 
|  74|0x0000000089400000, 0x0000000089400000, 0x0000000089500000|  0%| F|  |TAMS 0x0000000089400000| PB 0x0000000089400000| Untracked 
|  75|0x0000000089500000, 0x0000000089500000, 0x0000000089600000|  0%| F|  |TAMS 0x0000000089500000| PB 0x0000000089500000| Untracked 
|  76|0x0000000089600000, 0x0000000089600000, 0x0000000089700000|  0%| F|  |TAMS 0x0000000089600000| PB 0x0000000089600000| Untracked 
|  77|0x0000000089700000, 0x0000000089700000, 0x0000000089800000|  0%| F|  |TAMS 0x0000000089700000| PB 0x0000000089700000| Untracked 
|  78|0x0000000089800000, 0x0000000089800000, 0x0000000089900000|  0%| F|  |TAMS 0x0000000089800000| PB 0x0000000089800000| Untracked 
|  79|0x0000000089900000, 0x0000000089900000, 0x0000000089a00000|  0%| F|  |TAMS 0x0000000089900000| PB 0x0000000089900000| Untracked 
|  80|0x0000000089a00000, 0x0000000089a00000, 0x0000000089b00000|  0%| F|  |TAMS 0x0000000089a00000| PB 0x0000000089a00000| Untracked 
|  81|0x0000000089b00000, 0x0000000089b00000, 0x0000000089c00000|  0%| F|  |TAMS 0x0000000089b00000| PB 0x0000000089b00000| Untracked 
|  82|0x0000000089c00000, 0x0000000089c00000, 0x0000000089d00000|  0%| F|  |TAMS 0x0000000089c00000| PB 0x0000000089c00000| Untracked 
|  83|0x0000000089d00000, 0x0000000089d00000, 0x0000000089e00000|  0%| F|  |TAMS 0x0000000089d00000| PB 0x0000000089d00000| Untracked 
|  84|0x0000000089e00000, 0x0000000089e00000, 0x0000000089f00000|  0%| F|  |TAMS 0x0000000089e00000| PB 0x0000000089e00000| Untracked 
|  85|0x0000000089f00000, 0x0000000089f00000, 0x000000008a000000|  0%| F|  |TAMS 0x0000000089f00000| PB 0x0000000089f00000| Untracked 
|  86|0x000000008a000000, 0x000000008a000000, 0x000000008a100000|  0%| F|  |TAMS 0x000000008a000000| PB 0x000000008a000000| Untracked 
|  87|0x000000008a100000, 0x000000008a100000, 0x000000008a200000|  0%| F|  |TAMS 0x000000008a100000| PB 0x000000008a100000| Untracked 
|  88|0x000000008a200000, 0x000000008a200000, 0x000000008a300000|  0%| F|  |TAMS 0x000000008a200000| PB 0x000000008a200000| Untracked 
|  89|0x000000008a300000, 0x000000008a300000, 0x000000008a400000|  0%| F|  |TAMS 0x000000008a300000| PB 0x000000008a300000| Untracked 
|  90|0x000000008a400000, 0x000000008a400000, 0x000000008a500000|  0%| F|  |TAMS 0x000000008a400000| PB 0x000000008a400000| Untracked 
|  91|0x000000008a500000, 0x000000008a500000, 0x000000008a600000|  0%| F|  |TAMS 0x000000008a500000| PB 0x000000008a500000| Untracked 
|  92|0x000000008a600000, 0x000000008a6ca9c0, 0x000000008a700000| 79%| E|  |TAMS 0x000000008a600000| PB 0x000000008a600000| Complete 
|  93|0x000000008a700000, 0x000000008a800000, 0x000000008a800000|100%| E|CS|TAMS 0x000000008a700000| PB 0x000000008a700000| Complete 
|  94|0x000000008a800000, 0x000000008a900000, 0x000000008a900000|100%| E|CS|TAMS 0x000000008a800000| PB 0x000000008a800000| Complete 
|  95|0x000000008a900000, 0x000000008aa00000, 0x000000008aa00000|100%| E|CS|TAMS 0x000000008a900000| PB 0x000000008a900000| Complete 
|  96|0x000000008aa00000, 0x000000008ab00000, 0x000000008ab00000|100%| E|  |TAMS 0x000000008aa00000| PB 0x000000008aa00000| Complete 
|  97|0x000000008ab00000, 0x000000008ac00000, 0x000000008ac00000|100%| E|CS|TAMS 0x000000008ab00000| PB 0x000000008ab00000| Complete 
| 123|0x000000008c500000, 0x000000008c600000, 0x000000008c600000|100%| E|CS|TAMS 0x000000008c500000| PB 0x000000008c500000| Complete 
|1972|0x00000000ffe00000, 0x00000000fff00000, 0x00000000fff00000|100%| E|CS|TAMS 0x00000000ffe00000| PB 0x00000000ffe00000| Complete 
|1973|0x00000000fff00000, 0x0000000100000000, 0x0000000100000000|100%| O|  |TAMS 0x00000000fff00000| PB 0x00000000fff00000| Untracked 

Card table byte_map: [0x000002bca5f40000,0x000002bca6320000] _byte_map_base: 0x000002bca5b1b000

Marking Bits: (CMBitMap*) 0x000002bc8e59b410
 Bits: [0x000002bca6700000, 0x000002bca85d8000)

Polling page: 0x000002bc8c2d0000

Metaspace:

Usage:
  Non-class:     67.50 MB used.
      Class:     10.28 MB used.
       Both:     77.78 MB used.

Virtual space:
  Non-class space:      128.00 MB reserved,      67.94 MB ( 53%) committed,  2 nodes.
      Class space:        1.00 GB reserved,      10.62 MB (  1%) committed,  1 nodes.
             Both:        1.12 GB reserved,      78.56 MB (  7%) committed. 

Chunk freelists:
   Non-Class:  3.79 MB
       Class:  1.19 MB
        Both:  4.98 MB

MaxMetaspaceSize: unlimited
CompressedClassSpaceSize: 1.00 GB
Initial GC threshold: 21.00 MB
Current GC threshold: 130.88 MB
CDS: on
MetaspaceReclaimPolicy: balanced
 - commit_granule_bytes: 65536.
 - commit_granule_words: 8192.
 - virtual_space_node_default_size: 8388608.
 - enlarge_chunks_in_place: 1.
 - new_chunks_are_fully_committed: 0.
 - uncommit_free_chunks: 1.
 - use_allocation_guard: 0.


Internal statistics:

num_allocs_failed_limit: 9.
num_arena_births: 1132.
num_arena_deaths: 10.
num_vsnodes_births: 3.
num_vsnodes_deaths: 0.
num_space_committed: 1257.
num_space_uncommitted: 0.
num_chunks_returned_to_freelist: 24.
num_chunks_taken_from_freelist: 4094.
num_chunk_merges: 15.
num_chunk_splits: 2919.
num_chunks_enlarged: 2249.
num_inconsistent_stats: 0.

CodeHeap 'non-profiled nmethods': size=120000Kb used=10494Kb max_used=10512Kb free=109505Kb
 bounds [0x000002bc9e0e0000, 0x000002bc9eb30000, 0x000002bca5610000]
CodeHeap 'profiled nmethods': size=120000Kb used=16222Kb max_used=20505Kb free=103777Kb
 bounds [0x000002bc96610000, 0x000002bc97a20000, 0x000002bc9db40000]
CodeHeap 'non-nmethods': size=5760Kb used=2008Kb max_used=2087Kb free=3751Kb
 bounds [0x000002bc9db40000, 0x000002bc9ddb0000, 0x000002bc9e0e0000]
 total_blobs=10177 nmethods=9441 adapters=645
 compilation: enabled
              stopped_count=0, restarted_count=0
 full_count=0

Compilation events (20 events):
Event: 48.070 Thread 0x000002bcab25caa0 nmethod 12094 0x000002bc9eb20610 code [0x000002bc9eb20780, 0x000002bc9eb208a8]
Event: 48.077 Thread 0x000002bcab25caa0 12101       4       org.apache.catalina.webresources.CachedResource::getContent (40 bytes)
Event: 48.078 Thread 0x000002bcab25caa0 nmethod 12101 0x000002bc9eb20a10 code [0x000002bc9eb20b80, 0x000002bc9eb20d10]
Event: 48.078 Thread 0x000002bcab25caa0 12102       4       org.springframework.web.method.support.ModelAndViewContainer::addAllAttributes (11 bytes)
Event: 48.079 Thread 0x000002bcab25caa0 nmethod 12102 0x000002bc9eb20e90 code [0x000002bc9eb21000, 0x000002bc9eb21110]
Event: 48.094 Thread 0x000002bcab25caa0 12103       4       com.fasterxml.jackson.databind.ser.std.DateTimeSerializerBase::_asTimestamp (69 bytes)
Event: 48.095 Thread 0x000002bcab25caa0 nmethod 12103 0x000002bc9eb21290 code [0x000002bc9eb21400, 0x000002bc9eb21510]
Event: 48.100 Thread 0x000002bcab25caa0 12104       4       java.lang.invoke.LambdaForm$DMH/0x000002bcace8a000::newInvokeSpecial (27 bytes)
Event: 48.103 Thread 0x000002bcab25caa0 nmethod 12104 0x000002bc9eb21690 code [0x000002bc9eb21840, 0x000002bc9eb21e88]
Event: 48.106 Thread 0x000002bcab25caa0 12105       4       org.springframework.security.web.header.HeaderWriterFilter::doFilterInternal (25 bytes)
Event: 48.106 Thread 0x000002bcab25caa0 nmethod 12105 0x000002bc9eb22110 code [0x000002bc9eb22280, 0x000002bc9eb22368]
Event: 48.141 Thread 0x000002bcab25caa0 12106       4       org.apache.catalina.connector.Response::sendError (62 bytes)
Event: 48.145 Thread 0x000002bcab25caa0 nmethod 12106 0x000002bc9eb22410 code [0x000002bc9eb225a0, 0x000002bc9eb22978]
Event: 48.151 Thread 0x000002bcab25caa0 12107       4       com.fasterxml.jackson.databind.type.TypeBindings$AsKey::equals (111 bytes)
Event: 48.153 Thread 0x000002bcab25caa0 nmethod 12107 0x000002bc9eb22e10 code [0x000002bc9eb22fa0, 0x000002bc9eb23260]
Event: 48.158 Thread 0x000002bcab25caa0 12108       4       org.apache.coyote.http11.Http11OutputBuffer::endHeaders (16 bytes)
Event: 48.159 Thread 0x000002bcab25caa0 nmethod 12108 0x000002bc9eb23590 code [0x000002bc9eb23700, 0x000002bc9eb238a8]
Event: 48.165 Thread 0x000002bcab25caa0 12109       4       org.apache.catalina.webresources.Cache::noCache (49 bytes)
Event: 48.169 Thread 0x000002bcab25caa0 nmethod 12109 0x000002bc9eb23a90 code [0x000002bc9eb23c00, 0x000002bc9eb23e78]
Event: 48.381 Thread 0x000002bcab25caa0 12110       4       org.springframework.core.annotation.AnnotationsScanner::getDeclaredAnnotations (166 bytes)

GC Heap History (20 events):
Event: 42.818 GC heap before
{Heap before GC invocations=54 (full 0):
 garbage-first heap   total 103424K, used 94588K [0x0000000084a00000, 0x0000000100000000)
  region size 1024K, 57 young (58368K), 1 survivors (1024K)
 Metaspace       used 79647K, committed 80448K, reserved 1179648K
  class space    used 10530K, committed 10880K, reserved 1048576K
}
Event: 42.819 GC heap after
{Heap after GC invocations=55 (full 0):
 garbage-first heap   total 103424K, used 38403K [0x0000000084a00000, 0x0000000100000000)
  region size 1024K, 1 young (1024K), 1 survivors (1024K)
 Metaspace       used 79647K, committed 80448K, reserved 1179648K
  class space    used 10530K, committed 10880K, reserved 1048576K
}
Event: 43.422 GC heap before
{Heap before GC invocations=56 (full 0):
 garbage-first heap   total 103424K, used 93699K [0x0000000084a00000, 0x0000000100000000)
  region size 1024K, 56 young (57344K), 1 survivors (1024K)
 Metaspace       used 79648K, committed 80448K, reserved 1179648K
  class space    used 10530K, committed 10880K, reserved 1048576K
}
Event: 43.424 GC heap after
{Heap after GC invocations=57 (full 0):
 garbage-first heap   total 103424K, used 38390K [0x0000000084a00000, 0x0000000100000000)
  region size 1024K, 1 young (1024K), 1 survivors (1024K)
 Metaspace       used 79648K, committed 80448K, reserved 1179648K
  class space    used 10530K, committed 10880K, reserved 1048576K
}
Event: 44.215 GC heap before
{Heap before GC invocations=57 (full 0):
 garbage-first heap   total 103424K, used 93686K [0x0000000084a00000, 0x0000000100000000)
  region size 1024K, 56 young (57344K), 1 survivors (1024K)
 Metaspace       used 79648K, committed 80448K, reserved 1179648K
  class space    used 10530K, committed 10880K, reserved 1048576K
}
Event: 44.217 GC heap after
{Heap after GC invocations=58 (full 0):
 garbage-first heap   total 103424K, used 38232K [0x0000000084a00000, 0x0000000100000000)
  region size 1024K, 1 young (1024K), 1 survivors (1024K)
 Metaspace       used 79648K, committed 80448K, reserved 1179648K
  class space    used 10530K, committed 10880K, reserved 1048576K
}
Event: 44.611 GC heap before
{Heap before GC invocations=58 (full 0):
 garbage-first heap   total 103424K, used 93528K [0x0000000084a00000, 0x0000000100000000)
  region size 1024K, 56 young (57344K), 1 survivors (1024K)
 Metaspace       used 79648K, committed 80448K, reserved 1179648K
  class space    used 10530K, committed 10880K, reserved 1048576K
}
Event: 44.612 GC heap after
{Heap after GC invocations=59 (full 0):
 garbage-first heap   total 103424K, used 38259K [0x0000000084a00000, 0x0000000100000000)
  region size 1024K, 1 young (1024K), 1 survivors (1024K)
 Metaspace       used 79648K, committed 80448K, reserved 1179648K
  class space    used 10530K, committed 10880K, reserved 1048576K
}
Event: 45.105 GC heap before
{Heap before GC invocations=60 (full 0):
 garbage-first heap   total 103424K, used 93555K [0x0000000084a00000, 0x0000000100000000)
  region size 1024K, 56 young (57344K), 1 survivors (1024K)
 Metaspace       used 79648K, committed 80448K, reserved 1179648K
  class space    used 10530K, committed 10880K, reserved 1048576K
}
Event: 45.106 GC heap after
{Heap after GC invocations=61 (full 0):
 garbage-first heap   total 103424K, used 38317K [0x0000000084a00000, 0x0000000100000000)
  region size 1024K, 1 young (1024K), 1 survivors (1024K)
 Metaspace       used 79648K, committed 80448K, reserved 1179648K
  class space    used 10530K, committed 10880K, reserved 1048576K
}
Event: 45.535 GC heap before
{Heap before GC invocations=61 (full 0):
 garbage-first heap   total 103424K, used 93613K [0x0000000084a00000, 0x0000000100000000)
  region size 1024K, 56 young (57344K), 1 survivors (1024K)
 Metaspace       used 79648K, committed 80448K, reserved 1179648K
  class space    used 10530K, committed 10880K, reserved 1048576K
}
Event: 45.540 GC heap after
{Heap after GC invocations=62 (full 0):
 garbage-first heap   total 103424K, used 38222K [0x0000000084a00000, 0x0000000100000000)
  region size 1024K, 1 young (1024K), 1 survivors (1024K)
 Metaspace       used 79648K, committed 80448K, reserved 1179648K
  class space    used 10530K, committed 10880K, reserved 1048576K
}
Event: 45.977 GC heap before
{Heap before GC invocations=62 (full 0):
 garbage-first heap   total 103424K, used 93518K [0x0000000084a00000, 0x0000000100000000)
  region size 1024K, 56 young (57344K), 1 survivors (1024K)
 Metaspace       used 79648K, committed 80448K, reserved 1179648K
  class space    used 10530K, committed 10880K, reserved 1048576K
}
Event: 45.978 GC heap after
{Heap after GC invocations=63 (full 0):
 garbage-first heap   total 103424K, used 38236K [0x0000000084a00000, 0x0000000100000000)
  region size 1024K, 1 young (1024K), 1 survivors (1024K)
 Metaspace       used 79648K, committed 80448K, reserved 1179648K
  class space    used 10530K, committed 10880K, reserved 1048576K
}
Event: 46.397 GC heap before
{Heap before GC invocations=64 (full 0):
 garbage-first heap   total 103424K, used 93532K [0x0000000084a00000, 0x0000000100000000)
  region size 1024K, 56 young (57344K), 1 survivors (1024K)
 Metaspace       used 79648K, committed 80448K, reserved 1179648K
  class space    used 10530K, committed 10880K, reserved 1048576K
}
Event: 46.397 GC heap after
{Heap after GC invocations=65 (full 0):
 garbage-first heap   total 103424K, used 38237K [0x0000000084a00000, 0x0000000100000000)
  region size 1024K, 1 young (1024K), 1 survivors (1024K)
 Metaspace       used 79648K, committed 80448K, reserved 1179648K
  class space    used 10530K, committed 10880K, reserved 1048576K
}
Event: 47.766 GC heap before
{Heap before GC invocations=65 (full 0):
 garbage-first heap   total 103424K, used 93533K [0x0000000084a00000, 0x0000000100000000)
  region size 1024K, 56 young (57344K), 1 survivors (1024K)
 Metaspace       used 79648K, committed 80448K, reserved 1179648K
  class space    used 10530K, committed 10880K, reserved 1048576K
}
Event: 47.780 GC heap after
{Heap after GC invocations=66 (full 0):
 garbage-first heap   total 103424K, used 38135K [0x0000000084a00000, 0x0000000100000000)
  region size 1024K, 1 young (1024K), 1 survivors (1024K)
 Metaspace       used 79648K, committed 80448K, reserved 1179648K
  class space    used 10530K, committed 10880K, reserved 1048576K
}
Event: 48.350 GC heap before
{Heap before GC invocations=66 (full 0):
 garbage-first heap   total 103424K, used 94455K [0x0000000084a00000, 0x0000000100000000)
  region size 1024K, 57 young (58368K), 1 survivors (1024K)
 Metaspace       used 79649K, committed 80448K, reserved 1179648K
  class space    used 10530K, committed 10880K, reserved 1048576K
}
Event: 48.351 GC heap after
{Heap after GC invocations=67 (full 0):
 garbage-first heap   total 103424K, used 38123K [0x0000000084a00000, 0x0000000100000000)
  region size 1024K, 1 young (1024K), 1 survivors (1024K)
 Metaspace       used 79649K, committed 80448K, reserved 1179648K
  class space    used 10530K, committed 10880K, reserved 1048576K
}

Dll operation events (13 events):
Event: 0.016 Loaded shared library C:\Program Files\Java\jdk-20\bin\java.dll
Event: 0.018 Loaded shared library C:\Program Files\Java\jdk-20\bin\zip.dll
Event: 0.037 Loaded shared library C:\Program Files\Java\jdk-20\bin\jsvml.dll
Event: 0.261 Loaded shared library C:\Program Files\Java\jdk-20\bin\instrument.dll
Event: 0.305 Loaded shared library C:\Program Files\Java\jdk-20\bin\net.dll
Event: 0.306 Loaded shared library C:\Program Files\Java\jdk-20\bin\nio.dll
Event: 0.319 Loaded shared library C:\Program Files\Java\jdk-20\bin\zip.dll
Event: 0.644 Loaded shared library C:\Program Files\Java\jdk-20\bin\jimage.dll
Event: 1.080 Loaded shared library C:\Program Files\Java\jdk-20\bin\management.dll
Event: 1.083 Loaded shared library C:\Program Files\Java\jdk-20\bin\management_ext.dll
Event: 3.879 Loaded shared library C:\Program Files\Java\jdk-20\bin\sunmscapi.dll
Event: 4.556 Loaded shared library C:\Program Files\Java\jdk-20\bin\verify.dll
Event: 4.876 Loaded shared library C:\Program Files\Java\jdk-20\bin\extnet.dll

Deoptimization events (20 events):
Event: 45.049 Thread 0x000002bcf72eaa60 DEOPT PACKING pc=0x000002bc96bae114 sp=0x000000efdc6f7af0
Event: 45.049 Thread 0x000002bcf72eaa60 DEOPT UNPACKING pc=0x000002bc9dbae462 sp=0x000000efdc6f70a0 mode 1
Event: 45.049 Thread 0x000002bcf72eaa60 DEOPT PACKING pc=0x000002bc96aca4ec sp=0x000000efdc6f7c60
Event: 45.049 Thread 0x000002bcf72eaa60 DEOPT UNPACKING pc=0x000002bc9dbae462 sp=0x000000efdc6f7200 mode 1
Event: 45.751 Thread 0x000002bcf72eef70 Uncommon trap: trap_request=0xffffffbe fr.pc=0x000002bc9eac35f4 relative=0x0000000000001354
Event: 45.751 Thread 0x000002bcf72efa10 Uncommon trap: trap_request=0xffffffbe fr.pc=0x000002bc9eac35f4 relative=0x0000000000001354
Event: 45.751 Thread 0x000002bcf72eef70 Uncommon trap: reason=profile_predicate action=maybe_recompile pc=0x000002bc9eac35f4 method=java.util.concurrent.ConcurrentHashMap$Traverser.advance()Ljava/util/concurrent/ConcurrentHashMap$Node; @ 15 c2
Event: 45.751 Thread 0x000002bcf72efa10 Uncommon trap: reason=profile_predicate action=maybe_recompile pc=0x000002bc9eac35f4 method=java.util.concurrent.ConcurrentHashMap$Traverser.advance()Ljava/util/concurrent/ConcurrentHashMap$Node; @ 15 c2
Event: 45.751 Thread 0x000002bcf72eef70 DEOPT PACKING pc=0x000002bc9eac35f4 sp=0x000000efdc2fc150
Event: 45.751 Thread 0x000002bcf72efa10 DEOPT PACKING pc=0x000002bc9eac35f4 sp=0x000000efdbffc450
Event: 45.751 Thread 0x000002bcf72efa10 DEOPT UNPACKING pc=0x000002bc9db5d2a2 sp=0x000000efdbffc1a8 mode 2
Event: 45.751 Thread 0x000002bcf72eef70 DEOPT UNPACKING pc=0x000002bc9db5d2a2 sp=0x000000efdc2fbea8 mode 2
Event: 45.754 Thread 0x000002bcf72e7fe0 Uncommon trap: trap_request=0xffffffbe fr.pc=0x000002bc9eac35f4 relative=0x0000000000001354
Event: 45.754 Thread 0x000002bcf72ea510 Uncommon trap: trap_request=0xffffffbe fr.pc=0x000002bc9eac35f4 relative=0x0000000000001354
Event: 45.754 Thread 0x000002bcf72e7fe0 Uncommon trap: reason=profile_predicate action=maybe_recompile pc=0x000002bc9eac35f4 method=java.util.concurrent.ConcurrentHashMap$Traverser.advance()Ljava/util/concurrent/ConcurrentHashMap$Node; @ 15 c2
Event: 45.754 Thread 0x000002bcf72ea510 Uncommon trap: reason=profile_predicate action=maybe_recompile pc=0x000002bc9eac35f4 method=java.util.concurrent.ConcurrentHashMap$Traverser.advance()Ljava/util/concurrent/ConcurrentHashMap$Node; @ 15 c2
Event: 45.754 Thread 0x000002bcf72e7fe0 DEOPT PACKING pc=0x000002bc9eac35f4 sp=0x000000efdc5fc4d0
Event: 45.754 Thread 0x000002bcf72ea510 DEOPT PACKING pc=0x000002bc9eac35f4 sp=0x000000efdc4fc1d0
Event: 45.754 Thread 0x000002bcf72e7fe0 DEOPT UNPACKING pc=0x000002bc9db5d2a2 sp=0x000000efdc5fc228 mode 2
Event: 45.754 Thread 0x000002bcf72ea510 DEOPT UNPACKING pc=0x000002bc9db5d2a2 sp=0x000000efdc4fbf28 mode 2

Classes loaded (20 events):
Event: 12.191 Loading class org/hibernate/engine/spi/SharedSessionContractImplementor
Event: 12.191 Loading class org/hibernate/engine/spi/SharedSessionContractImplementor done
Event: 12.191 Loading class org/hibernate/engine/spi/SharedSessionContractImplementor
Event: 12.191 Loading class org/hibernate/engine/spi/SharedSessionContractImplementor done
Event: 12.192 Loading class org/hibernate/internal/util/collections/IdentityMap$IdentityKey
Event: 12.192 Loading class org/hibernate/internal/util/collections/IdentityMap$IdentityKey done
Event: 14.072 Loading class org/apache/catalina/webresources/CachedResource
Event: 14.072 Loading class org/apache/catalina/webresources/CachedResource done
Event: 14.075 Loading class org/apache/tomcat/PeriodicEventListener
Event: 14.075 Loading class org/apache/tomcat/PeriodicEventListener done
Event: 14.900 Loading class org/apache/catalina/webresources/WarResourceSet
Event: 14.900 Loading class org/apache/catalina/webresources/WarResourceSet done
Event: 14.900 Loading class org/apache/catalina/webresources/AbstractSingleArchiveResourceSet
Event: 14.900 Loading class org/apache/catalina/webresources/AbstractSingleArchiveResourceSet done
Event: 14.901 Loading class org/apache/catalina/webresources/AbstractArchiveResourceSet
Event: 14.901 Loading class org/apache/catalina/webresources/AbstractArchiveResourceSet done
Event: 15.250 Loading class com/fasterxml/jackson/core/json/DupDetector
Event: 15.250 Loading class com/fasterxml/jackson/core/json/DupDetector done
Event: 16.644 Loading class sun/util/locale/LocaleExtensions
Event: 16.645 Loading class sun/util/locale/LocaleExtensions done

Classes unloaded (5 events):
Event: 17.631 Thread 0x000002bcab22c9d0 Unloading class 0x000002bcace5d400 'java/lang/invoke/LambdaForm$DMH+0x000002bcace5d400'
Event: 17.631 Thread 0x000002bcab22c9d0 Unloading class 0x000002bcace5d000 'java/lang/invoke/LambdaForm$DMH+0x000002bcace5d000'
Event: 17.631 Thread 0x000002bcab22c9d0 Unloading class 0x000002bcace5cc00 'java/lang/invoke/LambdaForm$DMH+0x000002bcace5cc00'
Event: 17.631 Thread 0x000002bcab22c9d0 Unloading class 0x000002bcace5c800 'java/lang/invoke/LambdaForm$DMH+0x000002bcace5c800'
Event: 17.631 Thread 0x000002bcab22c9d0 Unloading class 0x000002bcace5c400 'java/lang/invoke/LambdaForm$DMH+0x000002bcace5c400'

Classes redefined (0 events):
No events

Internal exceptions (20 events):
Event: 9.173 Thread 0x000002bcf0a98ce0 Exception <a 'java/lang/NoSuchMethodError'{0x000000008823d5f0}: 'void java.lang.invoke.DirectMethodHandle$Holder.invokeVirtual(java.lang.Object, java.lang.Object, long)'> (0x000000008823d5f0) 
thrown [s\open\src\hotspot\share\interpreter\linkResolver.cpp, line 773]
Event: 9.256 Thread 0x000002bcf0a98ce0 Exception <a 'java/lang/NoSuchMethodError'{0x0000000087fde1e8}: 'int java.lang.invoke.DirectMethodHandle$Holder.invokeStaticInit(java.lang.Object, java.lang.Object, java.lang.Object, java.lang.Object)'> (0x0000000087fde1e8) 
thrown [s\open\src\hotspot\share\interpreter\linkResolver.cpp, line 773]
Event: 9.299 Thread 0x000002bcf0a98ce0 Implicit null exception at 0x000002bc9e21efc8 to 0x000002bc9e21f240
Event: 9.458 Thread 0x000002bcf0a98ce0 Exception <a 'java/lang/NoSuchMethodError'{0x000000008784c238}: 'java.lang.Object java.lang.invoke.DirectMethodHandle$Holder.newInvokeSpecial(java.lang.Object, java.lang.Object, int, java.lang.Object, java.lang.Object)'> (0x000000008784c238) 
thrown [s\open\src\hotspot\share\interpreter\linkResolver.cpp, line 773]
Event: 9.459 Thread 0x000002bcf0a98ce0 Exception <a 'java/lang/NoSuchMethodError'{0x0000000087856d08}: 'java.lang.Object java.lang.invoke.DirectMethodHandle$Holder.invokeSpecial(java.lang.Object, java.lang.Object, int, java.lang.Object, int, java.lang.Object)'> (0x0000000087856d08) 
thrown [s\open\src\hotspot\share\interpreter\linkResolver.cpp, line 773]
Event: 9.459 Thread 0x000002bcf0a98ce0 Exception <a 'java/lang/NoSuchMethodError'{0x000000008785ea48}: 'java.lang.Object java.lang.invoke.DirectMethodHandle$Holder.newInvokeSpecial(java.lang.Object, java.lang.Object, int, java.lang.Object, int)'> (0x000000008785ea48) 
thrown [s\open\src\hotspot\share\interpreter\linkResolver.cpp, line 773]
Event: 9.459 Thread 0x000002bcf0a98ce0 Exception <a 'java/lang/NoSuchMethodError'{0x00000000878628b8}: 'java.lang.Object java.lang.invoke.DirectMethodHandle$Holder.invokeSpecial(java.lang.Object, java.lang.Object, java.lang.Object, int, java.lang.Object, int)'> (0x00000000878628b8) 
thrown [s\open\src\hotspot\share\interpreter\linkResolver.cpp, line 773]
Event: 9.686 Thread 0x000002bcf72ef4c0 Exception <a 'java/lang/NoSuchMethodError'{0x00000000874d8f80}: 'java.lang.Object java.lang.invoke.DirectMethodHandle$Holder.invokeSpecial(java.lang.Object, java.lang.Object, java.lang.Object, java.lang.Object, java.lang.Object, long)'> (0x00000000874d8f80) 
thrown [s\open\src\hotspot\share\interpreter\linkResolver.cpp, line 773]
Event: 9.686 Thread 0x000002bcf72ef4c0 Exception <a 'java/lang/NoSuchMethodError'{0x00000000874dc740}: 'java.lang.Object java.lang.invoke.Invokers$Holder.linkToTargetMethod(java.lang.Object, java.lang.Object, java.lang.Object, long, java.lang.Object)'> (0x00000000874dc740) 
thrown [s\open\src\hotspot\share\interpreter\linkResolver.cpp, line 773]
Event: 9.871 Thread 0x000002bcf72ef4c0 Exception <a 'java/lang/NoSuchMethodError'{0x0000000088192af0}: 'java.lang.Object java.lang.invoke.DirectMethodHandle$Holder.invokeStatic(java.lang.Object, int, int)'> (0x0000000088192af0) 
thrown [s\open\src\hotspot\share\interpreter\linkResolver.cpp, line 773]
Event: 9.871 Thread 0x000002bcf72efa10 Exception <a 'java/lang/NoSuchMethodError'{0x00000000881f85a0}: 'java.lang.Object java.lang.invoke.DirectMethodHandle$Holder.invokeStatic(java.lang.Object, int, int)'> (0x00000000881f85a0) 
thrown [s\open\src\hotspot\share\interpreter\linkResolver.cpp, line 773]
Event: 9.871 Thread 0x000002bcf72e8fd0 Exception <a 'java/lang/NoSuchMethodError'{0x0000000088001448}: 'java.lang.Object java.lang.invoke.DirectMethodHandle$Holder.invokeStatic(java.lang.Object, int, int)'> (0x0000000088001448) 
thrown [s\open\src\hotspot\share\interpreter\linkResolver.cpp, line 773]
Event: 9.871 Thread 0x000002bcf72eef70 Exception <a 'java/lang/NoSuchMethodError'{0x00000000881c8d98}: 'java.lang.Object java.lang.invoke.DirectMethodHandle$Holder.invokeStatic(java.lang.Object, int, int)'> (0x00000000881c8d98) 
thrown [s\open\src\hotspot\share\interpreter\linkResolver.cpp, line 773]
Event: 9.871 Thread 0x000002bcf72e8a80 Exception <a 'java/lang/NoSuchMethodError'{0x00000000881b7560}: 'java.lang.Object java.lang.invoke.DirectMethodHandle$Holder.invokeStatic(java.lang.Object, int, int)'> (0x00000000881b7560) 
thrown [s\open\src\hotspot\share\interpreter\linkResolver.cpp, line 773]
Event: 9.871 Thread 0x000002bcf72ebfa0 Exception <a 'java/lang/NoSuchMethodError'{0x00000000881a5890}: 'java.lang.Object java.lang.invoke.DirectMethodHandle$Holder.invokeStatic(java.lang.Object, int, int)'> (0x00000000881a5890) 
thrown [s\open\src\hotspot\share\interpreter\linkResolver.cpp, line 773]
Event: 11.937 Thread 0x000002bcf72e8fd0 Exception <a 'java/lang/NoSuchMethodError'{0x0000000087b62500}: 'void java.lang.invoke.DirectMethodHandle$Holder.invokeSpecialIFC(java.lang.Object, java.lang.Object, int, java.lang.Object, java.lang.Object, java.lang.Object, java.lang.Object)'> (0x0000000087b62500) 
thrown [s\open\src\hotspot\share\interpreter\linkResolver.cpp, line 773]
Event: 45.751 Thread 0x000002bcf72eef70 Implicit null exception at 0x000002bc9eac232e to 0x000002bc9eac35b4
Event: 45.751 Thread 0x000002bcf72efa10 Implicit null exception at 0x000002bc9eac232e to 0x000002bc9eac35b4
Event: 45.754 Thread 0x000002bcf72e7fe0 Implicit null exception at 0x000002bc9eac232e to 0x000002bc9eac35b4
Event: 45.754 Thread 0x000002bcf72ea510 Implicit null exception at 0x000002bc9eac232e to 0x000002bc9eac35b4

VM Operations (20 events):
Event: 45.105 Executing VM operation: G1CollectForAllocation
Event: 45.106 Executing VM operation: G1CollectForAllocation done
Event: 45.535 Executing VM operation: G1CollectForAllocation
Event: 45.540 Executing VM operation: G1CollectForAllocation done
Event: 45.977 Executing VM operation: G1CollectForAllocation
Event: 45.978 Executing VM operation: G1CollectForAllocation done
Event: 45.998 Executing VM operation: G1PauseRemark
Event: 46.001 Executing VM operation: G1PauseRemark done
Event: 46.011 Executing VM operation: G1PauseCleanup
Event: 46.011 Executing VM operation: G1PauseCleanup done
Event: 46.397 Executing VM operation: G1CollectForAllocation
Event: 46.397 Executing VM operation: G1CollectForAllocation done
Event: 47.766 Executing VM operation: G1CollectForAllocation
Event: 47.780 Executing VM operation: G1CollectForAllocation done
Event: 48.350 Executing VM operation: G1CollectForAllocation
Event: 48.351 Executing VM operation: G1CollectForAllocation done
Event: 48.372 Executing VM operation: G1PauseRemark
Event: 48.376 Executing VM operation: G1PauseRemark done
Event: 48.381 Executing VM operation: G1PauseCleanup
Event: 48.382 Executing VM operation: G1PauseCleanup done

Events (20 events):
Event: 48.375 Thread 0x000002bcab22c9d0 flushing nmethod 0x000002bc9776a010
Event: 48.375 Thread 0x000002bcab22c9d0 flushing nmethod 0x000002bc9775cf10
Event: 48.375 Thread 0x000002bcab22c9d0 flushing nmethod 0x000002bc97779f10
Event: 48.375 Thread 0x000002bcab22c9d0 flushing nmethod 0x000002bc97779290
Event: 48.375 Thread 0x000002bcab22c9d0 flushing nmethod 0x000002bc97778c90
Event: 48.375 Thread 0x000002bcab22c9d0 flushing nmethod 0x000002bc9769ac10
Event: 48.375 Thread 0x000002bcab22c9d0 flushing nmethod 0x000002bc9769a790
Event: 48.375 Thread 0x000002bcab22c9d0 flushing nmethod 0x000002bc976bae10
Event: 48.375 Thread 0x000002bcab22c9d0 flushing nmethod 0x000002bc96f9c910
Event: 48.375 Thread 0x000002bcab22c9d0 flushing nmethod 0x000002bc96d3a890
Event: 48.375 Thread 0x000002bcab22c9d0 flushing nmethod 0x000002bc96af6090
Event: 48.375 Thread 0x000002bcab22c9d0 flushing nmethod 0x000002bc96aee210
Event: 48.375 Thread 0x000002bcab22c9d0 flushing nmethod 0x000002bc96ac2310
Event: 48.375 Thread 0x000002bcab22c9d0 flushing nmethod 0x000002bc96a17110
Event: 48.375 Thread 0x000002bcab22c9d0 flushing nmethod 0x000002bc967d9710
Event: 48.375 Thread 0x000002bcab22c9d0 flushing nmethod 0x000002bc969f4f10
Event: 48.375 Thread 0x000002bcab22c9d0 flushing nmethod 0x000002bc96968710
Event: 48.375 Thread 0x000002bcab22c9d0 flushing nmethod 0x000002bc968de010
Event: 48.375 Thread 0x000002bcab22c9d0 flushing nmethod 0x000002bc968cad90
Event: 48.375 Thread 0x000002bcab22c9d0 flushing nmethod 0x000002bc9eac2010


Dynamic libraries:
0x00007ff780d40000 - 0x00007ff780d50000 	C:\Program Files\Java\jdk-20\bin\java.exe
0x00007fffd0870000 - 0x00007fffd0a68000 	C:\Windows\SYSTEM32\ntdll.dll
0x00007fffcfa60000 - 0x00007fffcfb1d000 	C:\Windows\System32\KERNEL32.DLL
0x00007fffce1b0000 - 0x00007fffce4a6000 	C:\Windows\System32\KERNELBASE.dll
0x00007fffce550000 - 0x00007fffce650000 	C:\Windows\System32\ucrtbase.dll
0x00007fff86f90000 - 0x00007fff86fa9000 	C:\Program Files\Java\jdk-20\bin\jli.dll
0x00007fff87ae0000 - 0x00007fff87afb000 	C:\Program Files\Java\jdk-20\bin\VCRUNTIME140.dll
0x00007fffcf730000 - 0x00007fffcf7df000 	C:\Windows\System32\ADVAPI32.dll
0x00007fffce8d0000 - 0x00007fffce96e000 	C:\Windows\System32\msvcrt.dll
0x00007fffcf670000 - 0x00007fffcf70c000 	C:\Windows\System32\sechost.dll
0x00007fffceab0000 - 0x00007fffcebd6000 	C:\Windows\System32\RPCRT4.dll
0x00007fffcf020000 - 0x00007fffcf1be000 	C:\Windows\System32\USER32.dll
0x00007fffce030000 - 0x00007fffce052000 	C:\Windows\System32\win32u.dll
0x00007fffd0270000 - 0x00007fffd029c000 	C:\Windows\System32\GDI32.dll
0x00007fffce7b0000 - 0x00007fffce8ca000 	C:\Windows\System32\gdi32full.dll
0x00007fffb2e30000 - 0x00007fffb30ca000 	C:\Windows\WinSxS\amd64_microsoft.windows.common-controls_6595b64144ccf1df_6.0.19041.3636_none_60b6a03d71f818d5\COMCTL32.dll
0x00007fffce4b0000 - 0x00007fffce54d000 	C:\Windows\System32\msvcp_win.dll
0x00007fffc3a40000 - 0x00007fffc3a4a000 	C:\Windows\SYSTEM32\VERSION.dll
0x00007fffd02b0000 - 0x00007fffd02e0000 	C:\Windows\System32\IMM32.DLL
0x00007fff8dc80000 - 0x00007fff8dc8c000 	C:\Program Files\Java\jdk-20\bin\vcruntime140_1.dll
0x00007fff6f2a0000 - 0x00007fff6f32e000 	C:\Program Files\Java\jdk-20\bin\msvcp140.dll
0x00007fff44c70000 - 0x00007fff45908000 	C:\Program Files\Java\jdk-20\bin\server\jvm.dll
0x00007fffb2a80000 - 0x00007fffb2a89000 	C:\Windows\SYSTEM32\WSOCK32.dll
0x00007fffba220000 - 0x00007fffba247000 	C:\Windows\SYSTEM32\WINMM.dll
0x00007fffcefb0000 - 0x00007fffcf01b000 	C:\Windows\System32\WS2_32.dll
0x00007fffcc7f0000 - 0x00007fffcc802000 	C:\Windows\SYSTEM32\kernel.appcore.dll
0x00007fff8c790000 - 0x00007fff8c79a000 	C:\Program Files\Java\jdk-20\bin\jimage.dll
0x00007fffcbd20000 - 0x00007fffcbf04000 	C:\Windows\SYSTEM32\DBGHELP.DLL
0x00007fffaff00000 - 0x00007fffaff34000 	C:\Windows\SYSTEM32\dbgcore.DLL
0x00007fffce0b0000 - 0x00007fffce132000 	C:\Windows\System32\bcryptPrimitives.dll
0x00007fffc5a60000 - 0x00007fffc5a9c000 	C:\Program Files\Java\jdk-20\bin\jdwp.dll
0x00007fffc6d10000 - 0x00007fffc6d1e000 	C:\Program Files\Java\jdk-20\bin\instrument.dll
0x00007fff79710000 - 0x00007fff79736000 	C:\Program Files\Java\jdk-20\bin\java.dll
0x00007fff79590000 - 0x00007fff795a8000 	C:\Program Files\Java\jdk-20\bin\zip.dll
0x00007fff6dcf0000 - 0x00007fff6ddc7000 	C:\Program Files\Java\jdk-20\bin\jsvml.dll
0x00007fffcfb20000 - 0x00007fffd0265000 	C:\Windows\System32\SHELL32.dll
0x00007fffcbf10000 - 0x00007fffcc6ab000 	C:\Windows\SYSTEM32\windows.storage.dll
0x00007fffcec50000 - 0x00007fffcefa4000 	C:\Windows\System32\combase.dll
0x00007fffcd990000 - 0x00007fffcd9bd000 	C:\Windows\SYSTEM32\Wldp.dll
0x00007fffcf220000 - 0x00007fffcf2cd000 	C:\Windows\System32\SHCORE.dll
0x00007fffcf1c0000 - 0x00007fffcf215000 	C:\Windows\System32\shlwapi.dll
0x00007fffcde80000 - 0x00007fffcdea5000 	C:\Windows\SYSTEM32\profapi.dll
0x00007fffc6cf0000 - 0x00007fffc6cfc000 	C:\Program Files\Java\jdk-20\bin\dt_socket.dll
0x00007fffcd390000 - 0x00007fffcd3cb000 	C:\Windows\SYSTEM32\IPHLPAPI.DLL
0x00007fffcd6f0000 - 0x00007fffcd75a000 	C:\Windows\system32\mswsock.dll
0x00007fff7e200000 - 0x00007fff7e213000 	C:\Program Files\Java\jdk-20\bin\net.dll
0x00007fffc29a0000 - 0x00007fffc2aaa000 	C:\Windows\SYSTEM32\WINHTTP.dll
0x00007fff7bf80000 - 0x00007fff7bf96000 	C:\Program Files\Java\jdk-20\bin\nio.dll
0x00007fffc6dd0000 - 0x00007fffc6dda000 	C:\Program Files\Java\jdk-20\bin\management.dll
0x00007fffc6d50000 - 0x00007fffc6d5b000 	C:\Program Files\Java\jdk-20\bin\management_ext.dll
0x00007fffcec40000 - 0x00007fffcec48000 	C:\Windows\System32\PSAPI.DLL
0x00007fffcd8e0000 - 0x00007fffcd8f8000 	C:\Windows\SYSTEM32\CRYPTSP.dll
0x00007fffccfb0000 - 0x00007fffccfe4000 	C:\Windows\system32\rsaenh.dll
0x00007fffce000000 - 0x00007fffce027000 	C:\Windows\System32\bcrypt.dll
0x00007fffcde40000 - 0x00007fffcde6e000 	C:\Windows\SYSTEM32\USERENV.dll
0x00007fffcd900000 - 0x00007fffcd90c000 	C:\Windows\SYSTEM32\CRYPTBASE.dll
0x00007fffce970000 - 0x00007fffce978000 	C:\Windows\System32\NSI.dll
0x00007fffc30e0000 - 0x00007fffc30f7000 	C:\Windows\SYSTEM32\dhcpcsvc6.DLL
0x00007fffc32b0000 - 0x00007fffc32cd000 	C:\Windows\SYSTEM32\dhcpcsvc.DLL
0x00007fffcd3e0000 - 0x00007fffcd4aa000 	C:\Windows\SYSTEM32\DNSAPI.dll
0x00007fffc6d30000 - 0x00007fffc6d3e000 	C:\Program Files\Java\jdk-20\bin\sunmscapi.dll
0x00007fffce650000 - 0x00007fffce7ad000 	C:\Windows\System32\CRYPT32.dll
0x00007fffcda00000 - 0x00007fffcda27000 	C:\Windows\SYSTEM32\ncrypt.dll
0x00007fffcd9c0000 - 0x00007fffcd9fb000 	C:\Windows\SYSTEM32\NTASN1.dll
0x00007fff85e30000 - 0x00007fff85e40000 	C:\Program Files\Java\jdk-20\bin\verify.dll
0x00007fffb3670000 - 0x00007fffb367a000 	C:\Windows\System32\rasadhlp.dll
0x00007fffb4610000 - 0x00007fffb4690000 	C:\Windows\System32\fwpuclnt.dll
0x00007fff8c090000 - 0x00007fff8c097000 	C:\Program Files\Java\jdk-20\bin\extnet.dll
0x00007fff8de20000 - 0x00007fff8de27000 	C:\Windows\system32\wshunix.dll

dbghelp: loaded successfully - version: 4.0.5 - missing functions: none
symbol engine: initialized successfully - sym options: 0x614 - pdb path: .;C:\Program Files\Java\jdk-20\bin;C:\Windows\SYSTEM32;C:\Windows\WinSxS\amd64_microsoft.windows.common-controls_6595b64144ccf1df_6.0.19041.3636_none_60b6a03d71f818d5;C:\Program Files\Java\jdk-20\bin\server

VM Arguments:
jvm_args: -agentlib:jdwp=transport=dt_socket,address=127.0.0.1:52755,suspend=y,server=n -javaagent:C:\Users\ADMIN\AppData\Local\JetBrains\IdeaIC2022.3\captureAgent\debugger-agent.jar -Dfile.encoding=UTF-8 -Dsun.stdout.encoding=UTF-8 -Dsun.stderr.encoding=UTF-8 
java_command: com.example.service.ServiceApplication
java_class_path (initial): C:\Users\ADMIN\Desktop\lol\service\target\classes;C:\Users\ADMIN\.m2\repository\org\springframework\boot\spring-boot-starter-data-jpa\3.1.4\spring-boot-starter-data-jpa-3.1.4.jar;C:\Users\ADMIN\.m2\repository\org\springframework\boot\spring-boot-starter-aop\3.1.4\spring-boot-starter-aop-3.1.4.jar;C:\Users\ADMIN\.m2\repository\org\aspectj\aspectjweaver\1.9.20\aspectjweaver-1.9.20.jar;C:\Users\ADMIN\.m2\repository\org\springframework\boot\spring-boot-starter-jdbc\3.1.4\spring-boot-starter-jdbc-3.1.4.jar;C:\Users\ADMIN\.m2\repository\com\zaxxer\HikariCP\5.0.1\HikariCP-5.0.1.jar;C:\Users\ADMIN\.m2\repository\org\springframework\spring-jdbc\6.0.12\spring-jdbc-6.0.12.jar;C:\Users\ADMIN\.m2\repository\org\hibernate\orm\hibernate-core\6.2.9.Final\hibernate-core-6.2.9.Final.jar;C:\Users\ADMIN\.m2\repository\jakarta\persistence\jakarta.persistence-api\3.1.0\jakarta.persistence-api-3.1.0.jar;C:\Users\ADMIN\.m2\repository\jakarta\transaction\jakarta.transaction-api\2.0.1\jakarta.transaction-api-2.0.1.jar;C:\Users\ADMIN\.m2\repository\org\jboss\logging\jboss-logging\3.5.3.Final\jboss-logging-3.5.3.Final.jar;C:\Users\ADMIN\.m2\repository\org\hibernate\common\hibernate-commons-annotations\6.0.6.Final\hibernate-commons-annotations-6.0.6.Final.jar;C:\Users\ADMIN\.m2\repository\io\smallrye\jandex\3.0.5\jandex-3.0.5.jar;C:\Users\ADMIN\.m2\repository\com\fasterxml\classmate\1.5.1\classmate-1.5.1.jar;C:\Users\ADMIN\.m2\repository\net\bytebuddy\byte-buddy\1.14.8\byte-buddy-1.14.8.jar;C:\Users\ADMIN\.m2\repository\org\glassfish\jaxb\jaxb-runtime\4.0.3\jaxb-runtime-4.0.3.jar;C:\Users\ADMIN\.m2\repository\org\glassfish\jaxb\jaxb-core\4.0.3\jaxb-core-4.0.3.jar;C:\Users\ADMIN\.m2\repository\org\eclipse\angus\angus-activation\2.0.1\angus-activation-2.0.1.jar;C:\Users\ADMIN\.m2\repository\org\glassfish\jaxb\txw2\4.0.3\txw2-4.0.3.jar;C:\Users\ADMIN\.m2\repository\com\sun\istack\istack-commons-runtime\4.1.2\istack-commons-runtime-4.1.2.jar;C:\Users\ADMIN\.m2\repository\jakarta\inject\jakarta.inject-api\2.0.1\jakarta.inject-api-2.0.1.jar;C:\Users\ADMIN\.m2\repository\org\antlr\antlr4-runtime\4.10.1\antlr4-runtime-4.10.1.jar;C:\Users\ADMIN\.m2\repository\org\springframework\data\spring-data-jpa\3.1.4\spring-data-jpa-3.1.4.jar;C:\Users\ADMIN\.m2\repository\org\springframework\data\spring-data-commons\3.1.4\spring-data-commons-3.1.4.jar;C:\Users\ADMIN\.m2\repository\org\springframework\spring-orm\6.0.12\spring-orm-6.0.12.jar;C:\Users\ADMIN\.m2\repository\org\springframework\spring-context\6.0.12\spring-context-6.0.12.jar;C:\Users\ADMIN\.m2\repository\org\springframework\spring-tx\6.0.12\spring-tx-6.0.12.jar;C:\Users\ADMIN\.m2\repository\org\springframework\spring-beans\6.0.12\spring-beans-6.0.12.jar;C:\Users\ADMIN\.m2\repository\jakarta\annotation\jakarta.annotation-api\2.1.1\jakarta.annotation-api-2.1.1.jar;C:\Users\ADMIN\.m2\repository\org\slf4j\slf4j-api\2.0.9\slf4j-api-2.0.9.jar;C:\Users\ADMIN\.m2\repository\org\springframework\spring-aspects\6.0.12\spring-aspects-6.0.12.jar;C:\Users\ADMIN\.m2\repository\org\springframework\boot\spring-boot-starter-security\3.1.4\spring-boot-starter-security-3.1.4.jar;C:\Users\ADMIN\.m2\repository\org\springframework\boot\spring-boot-starter\3.1.4\spring-boot-starter-3.1.4.jar;C:\Users\ADMIN\.m2\repository\org\springframework\boot\spring-boot-starter-logging\3.1.4\spring-boot-starter-logging-3.1.4.jar;C:\Users\ADMIN\.m2\repository\ch\qos\logback\logback-classic\1.4.11\logback-classic-1.4.11.jar;C:\Users\ADMIN\.m2\repository\ch\qos\logback\logback-core\1.4.11\logback-core-1.4.11.jar;C:\Users\ADMIN\.m2\repository\org\apache\logging\log4j\log4j-to-slf4j\2.20.0\log4j-to-slf4j-2.20.0.jar;C:\Users\ADMIN\.m2\repository\org\apache\logging\log4j\log4j-api\2.20.0\log4j-api-2.20.0.jar;C:\Users\ADMIN\.m2\repository\org\slf4j\jul-to-slf4j\2.0.9\jul-to-slf4j-2.0.9.jar;C:\Users\ADMIN\.m2\repository\org\yaml\snakeyaml\1.33\snakeyaml-1.33.jar;C:\Users\ADMIN\.m2\repository\org\springframework\spring-aop\6.0.12\spring-aop-6.0.12.jar;C:\Users\ADMIN\.m2\repository\org\springframework\security\spring-security-config\6.1.4\spring-security-config-6.1.4.jar;C:\Users\ADMIN\.m2\repository\org\springframework\security\spring-security-web\6.1.4\spring-security-web-6.1.4.jar;C:\Users\ADMIN\.m2\repository\org\springframework\spring-expression\6.0.12\spring-expression-6.0.12.jar;C:\Users\ADMIN\.m2\repository\org\springframework\boot\spring-boot-starter-validation\3.1.4\spring-boot-starter-validation-3.1.4.jar;C:\Users\ADMIN\.m2\repository\org\apache\tomcat\embed\tomcat-embed-el\10.1.13\tomcat-embed-el-10.1.13.jar;C:\Users\ADMIN\.m2\repository\org\hibernate\validator\hibernate-validator\8.0.1.Final\hibernate-validator-8.0.1.Final.jar;C:\Users\ADMIN\.m2\repository\jakarta\validation\jakarta.validation-api\3.0.2\jakarta.validation-api-3.0.2.jar;C:\Users\ADMIN\.m2\repository\org\springframework\boot\spring-boot-starter-web\3.1.4\spring-boot-starter-web-3.1.4.jar;C:\Users\ADMIN\.m2\repository\org\springframework\boot\spring-boot-starter-json\3.1.4\spring-boot-starter-json-3.1.4.jar;C:\Users\ADMIN\.m2\repository\com\fasterxml\jackson\datatype\jackson-datatype-jdk8\2.15.2\jackson-datatype-jdk8-2.15.2.jar;C:\Users\ADMIN\.m2\repository\com\fasterxml\jackson\datatype\jackson-datatype-jsr310\2.15.2\jackson-datatype-jsr310-2.15.2.jar;C:\Users\ADMIN\.m2\repository\com\fasterxml\jackson\module\jackson-module-parameter-names\2.15.2\jackson-module-parameter-names-2.15.2.jar;C:\Users\ADMIN\.m2\repository\org\springframework\boot\spring-boot-starter-tomcat\3.1.4\spring-boot-starter-tomcat-3.1.4.jar;C:\Users\ADMIN\.m2\repository\org\apache\tomcat\embed\tomcat-embed-core\10.1.13\tomcat-embed-core-10.1.13.jar;C:\Users\ADMIN\.m2\repository\org\apache\tomcat\embed\tomcat-embed-websocket\10.1.13\tomcat-embed-websocket-10.1.13.jar;C:\Users\ADMIN\.m2\repository\org\springframework\spring-web\6.0.12\spring-web-6.0.12.jar;C:\Users\ADMIN\.m2\repository\io\micrometer\micrometer-observation\1.11.4\micrometer-observation-1.11.4.jar;C:\Users\ADMIN\.m2\repository\io\micrometer\micrometer-commons\1.11.4\micrometer-commons-1.11.4.jar;C:\Users\ADMIN\.m2\repository\org\springframework\spring-webmvc\6.0.12\spring-webmvc-6.0.12.jar;C:\Users\ADMIN\.m2\repository\org\springframework\boot\spring-boot-devtools\3.1.4\spring-boot-devtools-3.1.4.jar;C:\Users\ADMIN\.m2\repository\org\springframework\boot\spring-boot\3.1.4\spring-boot-3.1.4.jar;C:\Users\ADMIN\.m2\repository\org\springframework\boot\spring-boot-autoconfigure\3.1.4\spring-boot-autoconfigure-3.1.4.jar;C:\Users\ADMIN\.m2\repository\com\mysql\mysql-connector-j\8.0.33\mysql-connector-j-8.0.33.jar;C:\Users\ADMIN\.m2\repository\jakarta\xml\bind\jakarta.xml.bind-api\4.0.1\jakarta.xml.bind-api-4.0.1.jar;C:\Users\ADMIN\.m2\repository\jakarta\activation\jakarta.activation-api\2.1.2\jakarta.activation-api-2.1.2.jar;C:\Users\ADMIN\.m2\repository\org\springframework\spring-core\6.0.12\spring-core-6.0.12.jar;C:\Users\ADMIN\.m2\repository\org\springframework\spring-jcl\6.0.12\spring-jcl-6.0.12.jar;C:\Users\ADMIN\.m2\repository\org\springframework\security\spring-security-core\6.1.4\spring-security-core-6.1.4.jar;C:\Users\ADMIN\.m2\repository\org\springframework\security\spring-security-crypto\6.1.4\spring-security-crypto-6.1.4.jar;C:\Users\ADMIN\.m2\repository\io\jsonwebtoken\jjwt-api\0.11.1\jjwt-api-0.11.1.jar;C:\Users\ADMIN\.m2\repository\io\jsonwebtoken\jjwt-impl\0.11.1\jjwt-impl-0.11.1.jar;C:\Users\ADMIN\.m2\repository\io\jsonwebtoken\jjwt-jackson\0.11.1\jjwt-jackson-0.11.1.jar;C:\Users\ADMIN\.m2\repository\com\fasterxml\jackson\core\jackson-databind\2.15.2\jackson-databind-2.15.2.jar;C:\Users\ADMIN\.m2\repository\com\fasterxml\jackson\core\jackson-annotations\2.15.2\jackson-annotations-2.15.2.jar;C:\Users\ADMIN\.m2\repository\com\fasterxml\jackson\core\jackson-core\2.15.2\jackson-core-2.15.2.jar;C:\Users\ADMIN\.m2\repository\org\modelmapper\modelmapper\3.1.1\modelmapper-3.1.1.jar;C:\Users\ADMIN\.m2\repository\org\mapstruct\mapstruct\1.5.5.Final\mapstruct-1.5.5.Final.jar;C:\Program Files\JetBrains\IntelliJ IDEA Community Edition 2022.3.1\lib\idea_rt.jar
Launcher Type: SUN_STANDARD

[Global flags]
     intx CICompilerCount                          = 4                                         {product} {ergonomic}
     uint ConcGCThreads                            = 3                                         {product} {ergonomic}
     uint G1ConcRefinementThreads                  = 10                                        {product} {ergonomic}
   size_t G1HeapRegionSize                         = 1048576                                   {product} {ergonomic}
    uintx GCDrainStackTargetSize                   = 64                                        {product} {ergonomic}
   size_t InitialHeapSize                          = 130023424                                 {product} {ergonomic}
   size_t MarkStackSize                            = 4194304                                   {product} {ergonomic}
   size_t MaxHeapSize                              = 2069889024                                {product} {ergonomic}
   size_t MaxNewSize                               = 1241513984                                {product} {ergonomic}
   size_t MinHeapDeltaBytes                        = 1048576                                   {product} {ergonomic}
   size_t MinHeapSize                              = 8388608                                   {product} {ergonomic}
    uintx NonNMethodCodeHeapSize                   = 5839372                                {pd product} {ergonomic}
    uintx NonProfiledCodeHeapSize                  = 122909434                              {pd product} {ergonomic}
    uintx ProfiledCodeHeapSize                     = 122909434                              {pd product} {ergonomic}
    uintx ReservedCodeCacheSize                    = 251658240                              {pd product} {ergonomic}
     bool SegmentedCodeCache                       = true                                      {product} {ergonomic}
   size_t SoftMaxHeapSize                          = 2069889024                             {manageable} {ergonomic}
     bool UseCompressedClassPointers               = true                           {product lp64_product} {ergonomic}
     bool UseCompressedOops                        = true                           {product lp64_product} {ergonomic}
     bool UseG1GC                                  = true                                      {product} {ergonomic}
     bool UseLargePagesIndividualAllocation        = false                                  {pd product} {ergonomic}

Logging:
Log output configuration:
 #0: stdout all=warning uptime,level,tags foldmultilines=false
 #1: stderr all=off uptime,level,tags foldmultilines=false

Environment Variables:
JAVA_HOME=C:\Program Files\Java\jdk-18.0.1
PATH=C:\Program Files\Common Files\Oracle\Java\javapath;C:\Windows\system32;C:\Windows;C:\Windows\System32\Wbem;C:\Windows\System32\WindowsPowerShell\v1.0\;C:\Windows\System32\OpenSSH\;C:\Program Files (x86)\NVIDIA Corporation\PhysX\Common;C:\Program Files\NVIDIA Corporation\NVIDIA NvDLISR;C:\Program Files\nodejs\;C:\Program Files\Microsoft SQL Server\Client SDK\ODBC\170\Tools\Binn\;C:\Program Files (x86)\Microsoft SQL Server\150\Tools\Binn\;C:\Program Files\Microsoft SQL Server\150\Tools\Binn\;C:\Program Files\Microsoft SQL Server\150\DTS\Binn\;C:\CMS\php;C:\composer;C:\Program Files\apache-maven-3.8.6\bin;%JAVA_HOME%\bin;C:\Users\ADMIN\AppData\Local\Microsoft\WindowsApps;C:\Users\ADMIN\AppData\Local\Programs\Microsoft VS Code\bin;C:\Users\ADMIN\AppData\Roaming\npm;C:\Users\ADMIN\AppData\Local\GitHubDesktop\bin;C:\Users\ADMIN\AppData\Roaming\Composer\vendor\bin
USERNAME=ADMIN
OS=Windows_NT
PROCESSOR_IDENTIFIER=Intel64 Family 6 Model 141 Stepping 1, GenuineIntel
TMP=C:\Users\ADMIN\AppData\Local\Temp
TEMP=C:\Users\ADMIN\AppData\Local\Temp




---------------  S Y S T E M  ---------------

OS:
 Windows 10 , 64 bit Build 19041 (10.0.19041.3636)
OS uptime: 1 days 15:02 hours

CPU: total 12 (initial active 12) (6 cores per cpu, 2 threads per core) family 6 model 141 stepping 1 microcode 0x26, cx8, cmov, fxsr, ht, mmx, 3dnowpref, sse, sse2, sse3, ssse3, sse4.1, sse4.2, popcnt, lzcnt, tsc, tscinvbit, avx, avx2, aes, erms, clmul, bmi1, bmi2, adx, avx512f, avx512dq, avx512cd, avx512bw, avx512vl, sha, fma, vzeroupper, avx512_vpopcntdq, avx512_vpclmulqdq, avx512_vaes, avx512_vnni, clflush, clflushopt, clwb, avx512_vbmi2, avx512_vbmi, rdtscp, rdpid, fsrm, gfni, avx512_bitalg, f16c, pku, cet_ibt, cet_ss, avx512_ifma

Memory: 4k page, system-wide physical 7893M (247M free)
TotalPageFile size 32469M (AvailPageFile size 0M)
current process WorkingSet (physical memory assigned to process): 290M, peak: 396M
current process commit charge ("private bytes"): 389M, peak: 439M

vm_info: Java HotSpot(TM) 64-Bit Server VM (20.0.2+9-78) for windows-amd64 JRE (20.0.2+9-78), built on 2023-06-14T10:08:48Z by "mach5one" with MS VC++ 17.1 (VS2022)

END.
