#
# There is insufficient memory for the Java Runtime Environment to continue.
# Native memory allocation (malloc) failed to allocate 362752 bytes for Chunk::new
# Possible reasons:
#   The system is out of physical RAM or swap space
#   The process is running with CompressedOops enabled, and the Java Heap may be blocking the growth of the native heap
# Possible solutions:
#   Reduce memory load on the system
#   Increase physical memory or swap space
#   Check if swap backing store is full
#   Decrease Java heap size (-Xmx/-Xms)
#   Decrease number of Java threads
#   Decrease Java thread stack sizes (-Xss)
#   Set larger code cache with -XX:ReservedCodeCacheSize=
#   JVM is running with Unscaled Compressed Oops mode in which the Java heap is
#     placed in the first 4GB address space. The Java Heap base address is the
#     maximum limit for the native heap growth. Please use -XX:HeapBaseMinAddress
#     to set the Java Heap base and to place the Java Heap above 4GB virtual address.
# This output file may be truncated or incomplete.
#
#  Out of Memory Error (arena.cpp:184), pid=23816, tid=13952
#
# JRE version: Java(TM) SE Runtime Environment (20.0.2+9) (build 20.0.2+9-78)
# Java VM: Java HotSpot(TM) 64-Bit Server VM (20.0.2+9-78, mixed mode, sharing, tiered, compressed oops, compressed class ptrs, g1 gc, windows-amd64)
# No core dump will be written. Minidumps are not enabled by default on client versions of Windows
#

---------------  S U M M A R Y ------------

Command Line: -agentlib:jdwp=transport=dt_socket,address=127.0.0.1:53243,suspend=y,server=n -javaagent:C:\Users\ADMIN\AppData\Local\JetBrains\IdeaIC2022.3\captureAgent\debugger-agent.jar -Dfile.encoding=UTF-8 -Dsun.stdout.encoding=UTF-8 -Dsun.stderr.encoding=UTF-8 com.example.service.ServiceApplication

Host: 11th Gen Intel(R) Core(TM) i5-11400H @ 2.70GHz, 12 cores, 7G,  Windows 10 , 64 bit Build 19041 (10.0.19041.3636)
Time: Thu Jan 11 11:29:24 2024 SE Asia Standard Time elapsed time: 1.048695 seconds (0d 0h 0m 1s)

---------------  T H R E A D  ---------------

Current thread (0x000001b622f30090):  JavaThread "C2 CompilerThread1" daemon [_thread_in_native, id=13952, stack(0x0000005514800000,0x0000005514900000)]


Current CompileTask:
C2:   1048 1307       4       jdk.internal.loader.URLClassPath::getResource (74 bytes)

Stack: [0x0000005514800000,0x0000005514900000]
Native frames: (J=compiled Java code, j=interpreted, Vv=VM code, C=native code)
V  [jvm.dll+0x6bc25a]
V  [jvm.dll+0x84971a]
V  [jvm.dll+0x84b315]
V  [jvm.dll+0x84ba13]
V  [jvm.dll+0x280e4f]
V  [jvm.dll+0xc2ab1]
V  [jvm.dll+0xc2dd5]
V  [jvm.dll+0x3bb64c]
V  [jvm.dll+0x385b75]
V  [jvm.dll+0x384fea]
V  [jvm.dll+0x24b529]
V  [jvm.dll+0x24a921]
V  [jvm.dll+0x1ce761]
V  [jvm.dll+0x25a0eb]
V  [jvm.dll+0x2587c0]
V  [jvm.dll+0x3f2dd5]
V  [jvm.dll+0x7f5c76]
V  [jvm.dll+0x6baecb]
C  [ucrtbase.dll+0x21bb2]
C  [KERNEL32.DLL+0x17344]
C  [ntdll.dll+0x526b1]


---------------  P R O C E S S  ---------------

Threads class SMR info:
_java_thread_list=0x000001b62388e550, length=17, elements={
0x000001b5beb3b030, 0x000001b5dd7b77d0, 0x000001b5dd7b83d0, 0x000001b5dd7be7c0,
0x000001b5dd7c0110, 0x000001b5dd7c1600, 0x000001b5dd7c2cf0, 0x000001b5dd7cf470,
0x000001b5dd7d0590, 0x000001b5dd782c10, 0x000001b622d8ca20, 0x000001b622ea5ec0,
0x000001b622ea7100, 0x000001b622deaa20, 0x000001b622f30090, 0x000001b623376a50,
0x000001b62339cd30
}

Java Threads: ( => current thread )
  0x000001b5beb3b030 JavaThread "main" [_thread_blocked, id=20216, stack(0x0000005513300000,0x0000005513400000)]
  0x000001b5dd7b77d0 JavaThread "Reference Handler" daemon [_thread_blocked, id=10552, stack(0x0000005513a00000,0x0000005513b00000)]
  0x000001b5dd7b83d0 JavaThread "Finalizer" daemon [_thread_blocked, id=24392, stack(0x0000005513b00000,0x0000005513c00000)]
  0x000001b5dd7be7c0 JavaThread "Signal Dispatcher" daemon [_thread_blocked, id=8400, stack(0x0000005513c00000,0x0000005513d00000)]
  0x000001b5dd7c0110 JavaThread "Attach Listener" daemon [_thread_blocked, id=7636, stack(0x0000005513d00000,0x0000005513e00000)]
  0x000001b5dd7c1600 JavaThread "Service Thread" daemon [_thread_blocked, id=20428, stack(0x0000005513e00000,0x0000005513f00000)]
  0x000001b5dd7c2cf0 JavaThread "Monitor Deflation Thread" daemon [_thread_blocked, id=2816, stack(0x0000005513f00000,0x0000005514000000)]
  0x000001b5dd7cf470 JavaThread "C2 CompilerThread0" daemon [_thread_in_native, id=2988, stack(0x0000005514000000,0x0000005514100000)]
  0x000001b5dd7d0590 JavaThread "C1 CompilerThread0" daemon [_thread_blocked, id=7380, stack(0x0000005514100000,0x0000005514200000)]
  0x000001b5dd782c10 JavaThread "Common-Cleaner" daemon [_thread_blocked, id=22424, stack(0x0000005514200000,0x0000005514300000)]
  0x000001b622d8ca20 JavaThread "JDWP Transport Listener: dt_socket" daemon [_thread_blocked, id=21816, stack(0x0000005514300000,0x0000005514400000)]
  0x000001b622ea5ec0 JavaThread "JDWP Event Helper Thread" daemon [_thread_blocked, id=7808, stack(0x0000005514400000,0x0000005514500000)]
  0x000001b622ea7100 JavaThread "JDWP Command Reader" daemon [_thread_in_native, id=6216, stack(0x0000005514500000,0x0000005514600000)]
  0x000001b622deaa20 JavaThread "Notification Thread" daemon [_thread_blocked, id=20196, stack(0x0000005514600000,0x0000005514700000)]
=>0x000001b622f30090 JavaThread "C2 CompilerThread1" daemon [_thread_in_native, id=13952, stack(0x0000005514800000,0x0000005514900000)]
  0x000001b623376a50 JavaThread "Thread-0" [_thread_blocked, id=23776, stack(0x0000005515200000,0x0000005515300000)]
  0x000001b62339cd30 JavaThread "restartedMain" [_thread_in_vm, id=13176, stack(0x0000005515300000,0x0000005515400000)]

Other Threads:
  0x000001b5dd798340 VMThread "VM Thread" [stack: 0x0000005513900000,0x0000005513a00000] [id=22320]
  0x000001b622dcacc0 WatcherThread "VM Periodic Task Thread" [stack: 0x0000005514700000,0x0000005514800000] [id=11392]
  0x000001b5beb9be80 WorkerThread "GC Thread#0" [stack: 0x0000005513400000,0x0000005513500000] [id=15744]
  0x000001b6233b85b0 WorkerThread "GC Thread#1" [stack: 0x0000005514900000,0x0000005514a00000] [id=23180]
  0x000001b623459b70 WorkerThread "GC Thread#2" [stack: 0x0000005514a00000,0x0000005514b00000] [id=19820]
  0x000001b623459e40 WorkerThread "GC Thread#3" [stack: 0x0000005514b00000,0x0000005514c00000] [id=11764]
  0x000001b62345b850 WorkerThread "GC Thread#4" [stack: 0x0000005514c00000,0x0000005514d00000] [id=21008]
  0x000001b62345c0c0 WorkerThread "GC Thread#5" [stack: 0x0000005514d00000,0x0000005514e00000] [id=16564]
  0x000001b62345b2b0 WorkerThread "GC Thread#6" [stack: 0x0000005514e00000,0x0000005514f00000] [id=308]
  0x000001b62345aa40 WorkerThread "GC Thread#7" [stack: 0x0000005514f00000,0x0000005515000000] [id=5568]
  0x000001b62345a770 WorkerThread "GC Thread#8" [stack: 0x0000005515000000,0x0000005515100000] [id=19852]
  0x000001b62345bb20 WorkerThread "GC Thread#9" [stack: 0x0000005515100000,0x0000005515200000] [id=11012]
  0x000001b5bebad270 ConcurrentGCThread "G1 Main Marker" [stack: 0x0000005513500000,0x0000005513600000] [id=20424]
  0x000001b5bebadab0 WorkerThread "G1 Conc#0" [stack: 0x0000005513600000,0x0000005513700000] [id=21488]
  0x000001b5bebfe580 ConcurrentGCThread "G1 Refine#0" [stack: 0x0000005513700000,0x0000005513800000] [id=22792]
  0x000001b5dd65a110 ConcurrentGCThread "G1 Service" [stack: 0x0000005513800000,0x0000005513900000] [id=12872]

Threads with active compile tasks:
C2 CompilerThread0     1056 1323       4       java.lang.AbstractStringBuilder::append (55 bytes)
C2 CompilerThread1     1056 1307       4       jdk.internal.loader.URLClassPath::getResource (74 bytes)

VM state: not at safepoint (normal execution)

VM Mutex/Monitor currently owned by a thread:  ([mutex/lock_event])
[0x000001b5beb3a5d0] SystemDictionary_lock - owner thread: 0x000001b62339cd30

Heap address: 0x0000000084a00000, size: 1974 MB, Compressed Oops mode: 32-bit

CDS archive(s) mapped at: [0x000001b5ddc00000-0x000001b5de860000-0x000001b5de860000), size 12976128, SharedBaseAddress: 0x000001b5ddc00000, ArchiveRelocationMode: 1.
Compressed class space mapped at: 0x000001b5dec00000-0x000001b61ec00000, reserved size: 1073741824
Narrow klass base: 0x000001b5ddc00000, Narrow klass shift: 0, Narrow klass range: 0x100000000

GC Precious Log:
 CardTable entry size: 512
 Card Set container configuration: InlinePtr #cards 5 size 8 Array Of Cards #cards 12 size 40 Howl #buckets 4 coarsen threshold 1843 Howl Bitmap #cards 512 size 80 coarsen threshold 460 Card regions per heap region 1 cards per card region 2048
 CPUs: 12 total, 12 available
 Memory: 7893M
 Large Page Support: Disabled
 NUMA Support: Disabled
 Compressed Oops: Enabled (32-bit)
 Heap Region Size: 1M
 Heap Min Capacity: 8M
 Heap Initial Capacity: 124M
 Heap Max Capacity: 1974M
 Pre-touch: Disabled
 Parallel Workers: 10
 Concurrent Workers: 3
 Concurrent Refinement Workers: 10
 Periodic GC: Disabled

Heap:
 garbage-first heap   total 126976K, used 18185K [0x0000000084a00000, 0x0000000100000000)
  region size 1024K, 15 young (15360K), 3 survivors (3072K)
 Metaspace       used 6966K, committed 7232K, reserved 1114112K
  class space    used 800K, committed 896K, reserved 1048576K

Heap Regions: E=young(eden), S=young(survivor), O=old, HS=humongous(starts), HC=humongous(continues), CS=collection set, F=free, OA=open archive, CA=closed archive, TAMS=top-at-mark-start, PB=parsable bottom
|   0|0x0000000084a00000, 0x0000000084b00000, 0x0000000084b00000|100%|HS|  |TAMS 0x0000000084a00000| PB 0x0000000084a00000| Complete 
|   1|0x0000000084b00000, 0x0000000084c00000, 0x0000000084c00000|100%| O|  |TAMS 0x0000000084b00000| PB 0x0000000084b00000| Untracked 
|   2|0x0000000084c00000, 0x0000000084d00000, 0x0000000084d00000|100%| O|  |TAMS 0x0000000084c00000| PB 0x0000000084c00000| Untracked 
|   3|0x0000000084d00000, 0x0000000084dc2600, 0x0000000084e00000| 75%| O|  |TAMS 0x0000000084d00000| PB 0x0000000084d00000| Untracked 
|   4|0x0000000084e00000, 0x0000000084e00000, 0x0000000084f00000|  0%| F|  |TAMS 0x0000000084e00000| PB 0x0000000084e00000| Untracked 
|   5|0x0000000084f00000, 0x0000000084f00000, 0x0000000085000000|  0%| F|  |TAMS 0x0000000084f00000| PB 0x0000000084f00000| Untracked 
|   6|0x0000000085000000, 0x0000000085000000, 0x0000000085100000|  0%| F|  |TAMS 0x0000000085000000| PB 0x0000000085000000| Untracked 
|   7|0x0000000085100000, 0x0000000085100000, 0x0000000085200000|  0%| F|  |TAMS 0x0000000085100000| PB 0x0000000085100000| Untracked 
|   8|0x0000000085200000, 0x0000000085200000, 0x0000000085300000|  0%| F|  |TAMS 0x0000000085200000| PB 0x0000000085200000| Untracked 
|   9|0x0000000085300000, 0x0000000085300000, 0x0000000085400000|  0%| F|  |TAMS 0x0000000085300000| PB 0x0000000085300000| Untracked 
|  10|0x0000000085400000, 0x0000000085400000, 0x0000000085500000|  0%| F|  |TAMS 0x0000000085400000| PB 0x0000000085400000| Untracked 
|  11|0x0000000085500000, 0x0000000085500000, 0x0000000085600000|  0%| F|  |TAMS 0x0000000085500000| PB 0x0000000085500000| Untracked 
|  12|0x0000000085600000, 0x0000000085600000, 0x0000000085700000|  0%| F|  |TAMS 0x0000000085600000| PB 0x0000000085600000| Untracked 
|  13|0x0000000085700000, 0x0000000085700000, 0x0000000085800000|  0%| F|  |TAMS 0x0000000085700000| PB 0x0000000085700000| Untracked 
|  14|0x0000000085800000, 0x0000000085800000, 0x0000000085900000|  0%| F|  |TAMS 0x0000000085800000| PB 0x0000000085800000| Untracked 
|  15|0x0000000085900000, 0x0000000085900000, 0x0000000085a00000|  0%| F|  |TAMS 0x0000000085900000| PB 0x0000000085900000| Untracked 
|  16|0x0000000085a00000, 0x0000000085a00000, 0x0000000085b00000|  0%| F|  |TAMS 0x0000000085a00000| PB 0x0000000085a00000| Untracked 
|  17|0x0000000085b00000, 0x0000000085b00000, 0x0000000085c00000|  0%| F|  |TAMS 0x0000000085b00000| PB 0x0000000085b00000| Untracked 
|  18|0x0000000085c00000, 0x0000000085c00000, 0x0000000085d00000|  0%| F|  |TAMS 0x0000000085c00000| PB 0x0000000085c00000| Untracked 
|  19|0x0000000085d00000, 0x0000000085d00000, 0x0000000085e00000|  0%| F|  |TAMS 0x0000000085d00000| PB 0x0000000085d00000| Untracked 
|  20|0x0000000085e00000, 0x0000000085e00000, 0x0000000085f00000|  0%| F|  |TAMS 0x0000000085e00000| PB 0x0000000085e00000| Untracked 
|  21|0x0000000085f00000, 0x0000000085f00000, 0x0000000086000000|  0%| F|  |TAMS 0x0000000085f00000| PB 0x0000000085f00000| Untracked 
|  22|0x0000000086000000, 0x0000000086000000, 0x0000000086100000|  0%| F|  |TAMS 0x0000000086000000| PB 0x0000000086000000| Untracked 
|  23|0x0000000086100000, 0x0000000086100000, 0x0000000086200000|  0%| F|  |TAMS 0x0000000086100000| PB 0x0000000086100000| Untracked 
|  24|0x0000000086200000, 0x0000000086200000, 0x0000000086300000|  0%| F|  |TAMS 0x0000000086200000| PB 0x0000000086200000| Untracked 
|  25|0x0000000086300000, 0x0000000086300000, 0x0000000086400000|  0%| F|  |TAMS 0x0000000086300000| PB 0x0000000086300000| Untracked 
|  26|0x0000000086400000, 0x0000000086400000, 0x0000000086500000|  0%| F|  |TAMS 0x0000000086400000| PB 0x0000000086400000| Untracked 
|  27|0x0000000086500000, 0x0000000086500000, 0x0000000086600000|  0%| F|  |TAMS 0x0000000086500000| PB 0x0000000086500000| Untracked 
|  28|0x0000000086600000, 0x0000000086600000, 0x0000000086700000|  0%| F|  |TAMS 0x0000000086600000| PB 0x0000000086600000| Untracked 
|  29|0x0000000086700000, 0x0000000086700000, 0x0000000086800000|  0%| F|  |TAMS 0x0000000086700000| PB 0x0000000086700000| Untracked 
|  30|0x0000000086800000, 0x0000000086800000, 0x0000000086900000|  0%| F|  |TAMS 0x0000000086800000| PB 0x0000000086800000| Untracked 
|  31|0x0000000086900000, 0x0000000086900000, 0x0000000086a00000|  0%| F|  |TAMS 0x0000000086900000| PB 0x0000000086900000| Untracked 
|  32|0x0000000086a00000, 0x0000000086a00000, 0x0000000086b00000|  0%| F|  |TAMS 0x0000000086a00000| PB 0x0000000086a00000| Untracked 
|  33|0x0000000086b00000, 0x0000000086b00000, 0x0000000086c00000|  0%| F|  |TAMS 0x0000000086b00000| PB 0x0000000086b00000| Untracked 
|  34|0x0000000086c00000, 0x0000000086c00000, 0x0000000086d00000|  0%| F|  |TAMS 0x0000000086c00000| PB 0x0000000086c00000| Untracked 
|  35|0x0000000086d00000, 0x0000000086d00000, 0x0000000086e00000|  0%| F|  |TAMS 0x0000000086d00000| PB 0x0000000086d00000| Untracked 
|  36|0x0000000086e00000, 0x0000000086e00000, 0x0000000086f00000|  0%| F|  |TAMS 0x0000000086e00000| PB 0x0000000086e00000| Untracked 
|  37|0x0000000086f00000, 0x0000000086f00000, 0x0000000087000000|  0%| F|  |TAMS 0x0000000086f00000| PB 0x0000000086f00000| Untracked 
|  38|0x0000000087000000, 0x0000000087000000, 0x0000000087100000|  0%| F|  |TAMS 0x0000000087000000| PB 0x0000000087000000| Untracked 
|  39|0x0000000087100000, 0x0000000087100000, 0x0000000087200000|  0%| F|  |TAMS 0x0000000087100000| PB 0x0000000087100000| Untracked 
|  40|0x0000000087200000, 0x0000000087200000, 0x0000000087300000|  0%| F|  |TAMS 0x0000000087200000| PB 0x0000000087200000| Untracked 
|  41|0x0000000087300000, 0x0000000087300000, 0x0000000087400000|  0%| F|  |TAMS 0x0000000087300000| PB 0x0000000087300000| Untracked 
|  42|0x0000000087400000, 0x0000000087400000, 0x0000000087500000|  0%| F|  |TAMS 0x0000000087400000| PB 0x0000000087400000| Untracked 
|  43|0x0000000087500000, 0x0000000087500000, 0x0000000087600000|  0%| F|  |TAMS 0x0000000087500000| PB 0x0000000087500000| Untracked 
|  44|0x0000000087600000, 0x0000000087600000, 0x0000000087700000|  0%| F|  |TAMS 0x0000000087600000| PB 0x0000000087600000| Untracked 
|  45|0x0000000087700000, 0x0000000087700000, 0x0000000087800000|  0%| F|  |TAMS 0x0000000087700000| PB 0x0000000087700000| Untracked 
|  46|0x0000000087800000, 0x0000000087800000, 0x0000000087900000|  0%| F|  |TAMS 0x0000000087800000| PB 0x0000000087800000| Untracked 
|  47|0x0000000087900000, 0x0000000087900000, 0x0000000087a00000|  0%| F|  |TAMS 0x0000000087900000| PB 0x0000000087900000| Untracked 
|  48|0x0000000087a00000, 0x0000000087a00000, 0x0000000087b00000|  0%| F|  |TAMS 0x0000000087a00000| PB 0x0000000087a00000| Untracked 
|  49|0x0000000087b00000, 0x0000000087b00000, 0x0000000087c00000|  0%| F|  |TAMS 0x0000000087b00000| PB 0x0000000087b00000| Untracked 
|  50|0x0000000087c00000, 0x0000000087c00000, 0x0000000087d00000|  0%| F|  |TAMS 0x0000000087c00000| PB 0x0000000087c00000| Untracked 
|  51|0x0000000087d00000, 0x0000000087d00000, 0x0000000087e00000|  0%| F|  |TAMS 0x0000000087d00000| PB 0x0000000087d00000| Untracked 
|  52|0x0000000087e00000, 0x0000000087e00000, 0x0000000087f00000|  0%| F|  |TAMS 0x0000000087e00000| PB 0x0000000087e00000| Untracked 
|  53|0x0000000087f00000, 0x0000000087f00000, 0x0000000088000000|  0%| F|  |TAMS 0x0000000087f00000| PB 0x0000000087f00000| Untracked 
|  54|0x0000000088000000, 0x0000000088000000, 0x0000000088100000|  0%| F|  |TAMS 0x0000000088000000| PB 0x0000000088000000| Untracked 
|  55|0x0000000088100000, 0x0000000088100000, 0x0000000088200000|  0%| F|  |TAMS 0x0000000088100000| PB 0x0000000088100000| Untracked 
|  56|0x0000000088200000, 0x0000000088200000, 0x0000000088300000|  0%| F|  |TAMS 0x0000000088200000| PB 0x0000000088200000| Untracked 
|  57|0x0000000088300000, 0x0000000088300000, 0x0000000088400000|  0%| F|  |TAMS 0x0000000088300000| PB 0x0000000088300000| Untracked 
|  58|0x0000000088400000, 0x0000000088400000, 0x0000000088500000|  0%| F|  |TAMS 0x0000000088400000| PB 0x0000000088400000| Untracked 
|  59|0x0000000088500000, 0x0000000088500000, 0x0000000088600000|  0%| F|  |TAMS 0x0000000088500000| PB 0x0000000088500000| Untracked 
|  60|0x0000000088600000, 0x0000000088600000, 0x0000000088700000|  0%| F|  |TAMS 0x0000000088600000| PB 0x0000000088600000| Untracked 
|  61|0x0000000088700000, 0x0000000088700000, 0x0000000088800000|  0%| F|  |TAMS 0x0000000088700000| PB 0x0000000088700000| Untracked 
|  62|0x0000000088800000, 0x0000000088800000, 0x0000000088900000|  0%| F|  |TAMS 0x0000000088800000| PB 0x0000000088800000| Untracked 
|  63|0x0000000088900000, 0x0000000088900000, 0x0000000088a00000|  0%| F|  |TAMS 0x0000000088900000| PB 0x0000000088900000| Untracked 
|  64|0x0000000088a00000, 0x0000000088a00000, 0x0000000088b00000|  0%| F|  |TAMS 0x0000000088a00000| PB 0x0000000088a00000| Untracked 
|  65|0x0000000088b00000, 0x0000000088b00000, 0x0000000088c00000|  0%| F|  |TAMS 0x0000000088b00000| PB 0x0000000088b00000| Untracked 
|  66|0x0000000088c00000, 0x0000000088c00000, 0x0000000088d00000|  0%| F|  |TAMS 0x0000000088c00000| PB 0x0000000088c00000| Untracked 
|  67|0x0000000088d00000, 0x0000000088d00000, 0x0000000088e00000|  0%| F|  |TAMS 0x0000000088d00000| PB 0x0000000088d00000| Untracked 
|  68|0x0000000088e00000, 0x0000000088e00000, 0x0000000088f00000|  0%| F|  |TAMS 0x0000000088e00000| PB 0x0000000088e00000| Untracked 
|  69|0x0000000088f00000, 0x0000000088f00000, 0x0000000089000000|  0%| F|  |TAMS 0x0000000088f00000| PB 0x0000000088f00000| Untracked 
|  70|0x0000000089000000, 0x0000000089000000, 0x0000000089100000|  0%| F|  |TAMS 0x0000000089000000| PB 0x0000000089000000| Untracked 
|  71|0x0000000089100000, 0x0000000089100000, 0x0000000089200000|  0%| F|  |TAMS 0x0000000089100000| PB 0x0000000089100000| Untracked 
|  72|0x0000000089200000, 0x0000000089200000, 0x0000000089300000|  0%| F|  |TAMS 0x0000000089200000| PB 0x0000000089200000| Untracked 
|  73|0x0000000089300000, 0x0000000089300000, 0x0000000089400000|  0%| F|  |TAMS 0x0000000089300000| PB 0x0000000089300000| Untracked 
|  74|0x0000000089400000, 0x0000000089400000, 0x0000000089500000|  0%| F|  |TAMS 0x0000000089400000| PB 0x0000000089400000| Untracked 
|  75|0x0000000089500000, 0x0000000089500000, 0x0000000089600000|  0%| F|  |TAMS 0x0000000089500000| PB 0x0000000089500000| Untracked 
|  76|0x0000000089600000, 0x0000000089600000, 0x0000000089700000|  0%| F|  |TAMS 0x0000000089600000| PB 0x0000000089600000| Untracked 
|  77|0x0000000089700000, 0x0000000089700000, 0x0000000089800000|  0%| F|  |TAMS 0x0000000089700000| PB 0x0000000089700000| Untracked 
|  78|0x0000000089800000, 0x0000000089800000, 0x0000000089900000|  0%| F|  |TAMS 0x0000000089800000| PB 0x0000000089800000| Untracked 
|  79|0x0000000089900000, 0x0000000089900000, 0x0000000089a00000|  0%| F|  |TAMS 0x0000000089900000| PB 0x0000000089900000| Untracked 
|  80|0x0000000089a00000, 0x0000000089a00000, 0x0000000089b00000|  0%| F|  |TAMS 0x0000000089a00000| PB 0x0000000089a00000| Untracked 
|  81|0x0000000089b00000, 0x0000000089b00000, 0x0000000089c00000|  0%| F|  |TAMS 0x0000000089b00000| PB 0x0000000089b00000| Untracked 
|  82|0x0000000089c00000, 0x0000000089c00000, 0x0000000089d00000|  0%| F|  |TAMS 0x0000000089c00000| PB 0x0000000089c00000| Untracked 
|  83|0x0000000089d00000, 0x0000000089d00000, 0x0000000089e00000|  0%| F|  |TAMS 0x0000000089d00000| PB 0x0000000089d00000| Untracked 
|  84|0x0000000089e00000, 0x0000000089e00000, 0x0000000089f00000|  0%| F|  |TAMS 0x0000000089e00000| PB 0x0000000089e00000| Untracked 
|  85|0x0000000089f00000, 0x0000000089f00000, 0x000000008a000000|  0%| F|  |TAMS 0x0000000089f00000| PB 0x0000000089f00000| Untracked 
|  86|0x000000008a000000, 0x000000008a000000, 0x000000008a100000|  0%| F|  |TAMS 0x000000008a000000| PB 0x000000008a000000| Untracked 
|  87|0x000000008a100000, 0x000000008a100000, 0x000000008a200000|  0%| F|  |TAMS 0x000000008a100000| PB 0x000000008a100000| Untracked 
|  88|0x000000008a200000, 0x000000008a200000, 0x000000008a300000|  0%| F|  |TAMS 0x000000008a200000| PB 0x000000008a200000| Untracked 
|  89|0x000000008a300000, 0x000000008a300000, 0x000000008a400000|  0%| F|  |TAMS 0x000000008a300000| PB 0x000000008a300000| Untracked 
|  90|0x000000008a400000, 0x000000008a400000, 0x000000008a500000|  0%| F|  |TAMS 0x000000008a400000| PB 0x000000008a400000| Untracked 
|  91|0x000000008a500000, 0x000000008a500000, 0x000000008a600000|  0%| F|  |TAMS 0x000000008a500000| PB 0x000000008a500000| Untracked 
|  92|0x000000008a600000, 0x000000008a600000, 0x000000008a700000|  0%| F|  |TAMS 0x000000008a600000| PB 0x000000008a600000| Untracked 
|  93|0x000000008a700000, 0x000000008a700000, 0x000000008a800000|  0%| F|  |TAMS 0x000000008a700000| PB 0x000000008a700000| Untracked 
|  94|0x000000008a800000, 0x000000008a800000, 0x000000008a900000|  0%| F|  |TAMS 0x000000008a800000| PB 0x000000008a800000| Untracked 
|  95|0x000000008a900000, 0x000000008a900000, 0x000000008aa00000|  0%| F|  |TAMS 0x000000008a900000| PB 0x000000008a900000| Untracked 
|  96|0x000000008aa00000, 0x000000008aa00000, 0x000000008ab00000|  0%| F|  |TAMS 0x000000008aa00000| PB 0x000000008aa00000| Untracked 
|  97|0x000000008ab00000, 0x000000008ab00000, 0x000000008ac00000|  0%| F|  |TAMS 0x000000008ab00000| PB 0x000000008ab00000| Untracked 
|  98|0x000000008ac00000, 0x000000008ad00000, 0x000000008ad00000|100%| S|CS|TAMS 0x000000008ac00000| PB 0x000000008ac00000| Complete 
|  99|0x000000008ad00000, 0x000000008ae00000, 0x000000008ae00000|100%| S|CS|TAMS 0x000000008ad00000| PB 0x000000008ad00000| Complete 
| 100|0x000000008ae00000, 0x000000008af00000, 0x000000008af00000|100%| S|CS|TAMS 0x000000008ae00000| PB 0x000000008ae00000| Complete 
| 101|0x000000008af00000, 0x000000008af00000, 0x000000008b000000|  0%| F|  |TAMS 0x000000008af00000| PB 0x000000008af00000| Untracked 
| 102|0x000000008b000000, 0x000000008b000000, 0x000000008b100000|  0%| F|  |TAMS 0x000000008b000000| PB 0x000000008b000000| Untracked 
| 103|0x000000008b100000, 0x000000008b100000, 0x000000008b200000|  0%| F|  |TAMS 0x000000008b100000| PB 0x000000008b100000| Untracked 
| 104|0x000000008b200000, 0x000000008b200000, 0x000000008b300000|  0%| F|  |TAMS 0x000000008b200000| PB 0x000000008b200000| Untracked 
| 105|0x000000008b300000, 0x000000008b300000, 0x000000008b400000|  0%| F|  |TAMS 0x000000008b300000| PB 0x000000008b300000| Untracked 
| 106|0x000000008b400000, 0x000000008b400000, 0x000000008b500000|  0%| F|  |TAMS 0x000000008b400000| PB 0x000000008b400000| Untracked 
| 107|0x000000008b500000, 0x000000008b500000, 0x000000008b600000|  0%| F|  |TAMS 0x000000008b500000| PB 0x000000008b500000| Untracked 
| 108|0x000000008b600000, 0x000000008b600000, 0x000000008b700000|  0%| F|  |TAMS 0x000000008b600000| PB 0x000000008b600000| Untracked 
| 109|0x000000008b700000, 0x000000008b700000, 0x000000008b800000|  0%| F|  |TAMS 0x000000008b700000| PB 0x000000008b700000| Untracked 
| 110|0x000000008b800000, 0x000000008b800000, 0x000000008b900000|  0%| F|  |TAMS 0x000000008b800000| PB 0x000000008b800000| Untracked 
| 111|0x000000008b900000, 0x000000008b900000, 0x000000008ba00000|  0%| F|  |TAMS 0x000000008b900000| PB 0x000000008b900000| Untracked 
| 112|0x000000008ba00000, 0x000000008baee938, 0x000000008bb00000| 93%| E|  |TAMS 0x000000008ba00000| PB 0x000000008ba00000| Complete 
| 113|0x000000008bb00000, 0x000000008bc00000, 0x000000008bc00000|100%| E|CS|TAMS 0x000000008bb00000| PB 0x000000008bb00000| Complete 
| 114|0x000000008bc00000, 0x000000008bd00000, 0x000000008bd00000|100%| E|CS|TAMS 0x000000008bc00000| PB 0x000000008bc00000| Complete 
| 115|0x000000008bd00000, 0x000000008be00000, 0x000000008be00000|100%| E|CS|TAMS 0x000000008bd00000| PB 0x000000008bd00000| Complete 
| 116|0x000000008be00000, 0x000000008bf00000, 0x000000008bf00000|100%| E|CS|TAMS 0x000000008be00000| PB 0x000000008be00000| Complete 
| 117|0x000000008bf00000, 0x000000008c000000, 0x000000008c000000|100%| E|CS|TAMS 0x000000008bf00000| PB 0x000000008bf00000| Complete 
| 118|0x000000008c000000, 0x000000008c100000, 0x000000008c100000|100%| E|CS|TAMS 0x000000008c000000| PB 0x000000008c000000| Complete 
| 119|0x000000008c100000, 0x000000008c200000, 0x000000008c200000|100%| E|CS|TAMS 0x000000008c100000| PB 0x000000008c100000| Complete 
| 120|0x000000008c200000, 0x000000008c300000, 0x000000008c300000|100%| E|CS|TAMS 0x000000008c200000| PB 0x000000008c200000| Complete 
| 121|0x000000008c300000, 0x000000008c400000, 0x000000008c400000|100%| E|CS|TAMS 0x000000008c300000| PB 0x000000008c300000| Complete 
| 122|0x000000008c400000, 0x000000008c500000, 0x000000008c500000|100%| E|CS|TAMS 0x000000008c400000| PB 0x000000008c400000| Complete 
| 123|0x000000008c500000, 0x000000008c600000, 0x000000008c600000|100%| E|CS|TAMS 0x000000008c500000| PB 0x000000008c500000| Complete 

Card table byte_map: [0x000001b5d8450000,0x000001b5d8830000] _byte_map_base: 0x000001b5d802b000

Marking Bits: (CMBitMap*) 0x000001b5beb9d2d0
 Bits: [0x000001b5d8c10000, 0x000001b5daae8000)

Polling page: 0x000001b5c83c0000

Metaspace:

Usage:
  Non-class:      6.05 MB used.
      Class:    807.34 KB used.
       Both:      6.84 MB used.

Virtual space:
  Non-class space:       64.00 MB reserved,       6.19 MB ( 10%) committed,  1 nodes.
      Class space:        1.00 GB reserved,     896.00 KB ( <1%) committed,  1 nodes.
             Both:        1.06 GB reserved,       7.06 MB ( <1%) committed. 

Chunk freelists:
   Non-Class:  896.00 KB
       Class:  2.95 MB
        Both:  3.83 MB

MaxMetaspaceSize: unlimited
CompressedClassSpaceSize: 1.00 GB
Initial GC threshold: 21.00 MB
Current GC threshold: 21.00 MB
CDS: on
MetaspaceReclaimPolicy: balanced
 - commit_granule_bytes: 65536.
 - commit_granule_words: 8192.
 - virtual_space_node_default_size: 8388608.
 - enlarge_chunks_in_place: 1.
 - new_chunks_are_fully_committed: 0.
 - uncommit_free_chunks: 1.
 - use_allocation_guard: 0.


Internal statistics:

num_allocs_failed_limit: 0.
num_arena_births: 170.
num_arena_deaths: 0.
num_vsnodes_births: 2.
num_vsnodes_deaths: 0.
num_space_committed: 113.
num_space_uncommitted: 0.
num_chunks_returned_to_freelist: 0.
num_chunks_taken_from_freelist: 386.
num_chunk_merges: 0.
num_chunk_splits: 220.
num_chunks_enlarged: 129.
num_inconsistent_stats: 0.

CodeHeap 'non-profiled nmethods': size=120000Kb used=486Kb max_used=486Kb free=119513Kb
 bounds [0x000001b5cfeb0000, 0x000001b5d0120000, 0x000001b5d73e0000]
CodeHeap 'profiled nmethods': size=120000Kb used=2444Kb max_used=2444Kb free=117555Kb
 bounds [0x000001b5c83e0000, 0x000001b5c8650000, 0x000001b5cf910000]
CodeHeap 'non-nmethods': size=5760Kb used=1586Kb max_used=1608Kb free=4173Kb
 bounds [0x000001b5cf910000, 0x000001b5cfb80000, 0x000001b5cfeb0000]
 total_blobs=1796 nmethods=1336 adapters=371
 compilation: enabled
              stopped_count=0, restarted_count=0
 full_count=0

Compilation events (20 events):
Event: 1.032 Thread 0x000001b5dd7d0590 nmethod 1291 0x000001b5c8630e10 code [0x000001b5c8631120, 0x000001b5c8631fe0]
Event: 1.033 Thread 0x000001b5dd7d0590 1298       3       org.springframework.boot.context.properties.source.ConfigurationPropertyName::hashCode (127 bytes)
Event: 1.034 Thread 0x000001b5dd7d0590 nmethod 1298 0x000001b5c8632710 code [0x000001b5c8632940, 0x000001b5c8633300]
Event: 1.034 Thread 0x000001b5dd7d0590 1300       3       java.util.stream.StreamOpFlag::isKnown (19 bytes)
Event: 1.034 Thread 0x000001b5dd7d0590 nmethod 1300 0x000001b5c8633710 code [0x000001b5c86338a0, 0x000001b5c8633a10]
Event: 1.034 Thread 0x000001b5dd7d0590 1301       3       java.util.stream.StreamOpFlag::combineOpFlags (9 bytes)
Event: 1.034 Thread 0x000001b5dd7d0590 nmethod 1301 0x000001b5c8633a90 code [0x000001b5c8633c20, 0x000001b5c8633de0]
Event: 1.034 Thread 0x000001b5dd7d0590 1303       3       java.util.HashMap::computeIfAbsent (330 bytes)
Event: 1.035 Thread 0x000001b5dd7d0590 nmethod 1303 0x000001b5c8633e90 code [0x000001b5c86341a0, 0x000001b5c8635890]
Event: 1.035 Thread 0x000001b5dd7d0590 1299       3       java.lang.String::toLowerCase (29 bytes)
Event: 1.035 Thread 0x000001b5dd7d0590 nmethod 1299 0x000001b5c8636090 code [0x000001b5c8636240, 0x000001b5c8636518]
Event: 1.035 Thread 0x000001b5dd7d0590 1302       3       java.util.stream.StreamOpFlag::getMask (30 bytes)
Event: 1.035 Thread 0x000001b5dd7d0590 nmethod 1302 0x000001b5c8636610 code [0x000001b5c86367a0, 0x000001b5c8636920]
Event: 1.035 Thread 0x000001b5dd7cf470 1304       4       java.lang.String::replace (42 bytes)
Event: 1.038 Thread 0x000001b5dd7d0590 1305       3       java.lang.invoke.InnerClassLambdaMetafactory::getOpcodeOffset (38 bytes)
Event: 1.038 Thread 0x000001b5dd7d0590 nmethod 1305 0x000001b5c8636990 code [0x000001b5c8636b40, 0x000001b5c8636e20]
Event: 1.039 Thread 0x000001b5dd7d0590 1306       3       java.lang.CharacterDataLatin1::toUpperCaseEx (71 bytes)
Event: 1.039 Thread 0x000001b5dd7d0590 nmethod 1306 0x000001b5c8636f10 code [0x000001b5c86370a0, 0x000001b5c8637368]
Event: 1.041 Thread 0x000001b622f30090 1307       4       jdk.internal.loader.URLClassPath::getResource (74 bytes)
Event: 1.044 Thread 0x000001b5dd7cf470 nmethod 1304 0x000001b5cff25e90 code [0x000001b5cff26020, 0x000001b5cff26740]

GC Heap History (2 events):
Event: 0.827 GC heap before
{Heap before GC invocations=0 (full 0):
 garbage-first heap   total 126976K, used 23552K [0x0000000084a00000, 0x0000000100000000)
  region size 1024K, 23 young (23552K), 0 survivors (0K)
 Metaspace       used 4675K, committed 4928K, reserved 1114112K
  class space    used 512K, committed 640K, reserved 1048576K
}
Event: 0.833 GC heap after
{Heap after GC invocations=1 (full 0):
 garbage-first heap   total 126976K, used 6921K [0x0000000084a00000, 0x0000000100000000)
  region size 1024K, 3 young (3072K), 3 survivors (3072K)
 Metaspace       used 4675K, committed 4928K, reserved 1114112K
  class space    used 512K, committed 640K, reserved 1048576K
}

Dll operation events (10 events):
Event: 0.010 Loaded shared library C:\Program Files\Java\jdk-20\bin\java.dll
Event: 0.011 Loaded shared library C:\Program Files\Java\jdk-20\bin\zip.dll
Event: 0.037 Loaded shared library C:\Program Files\Java\jdk-20\bin\jsvml.dll
Event: 0.161 Loaded shared library C:\Program Files\Java\jdk-20\bin\instrument.dll
Event: 0.203 Loaded shared library C:\Program Files\Java\jdk-20\bin\net.dll
Event: 0.205 Loaded shared library C:\Program Files\Java\jdk-20\bin\nio.dll
Event: 0.220 Loaded shared library C:\Program Files\Java\jdk-20\bin\zip.dll
Event: 0.364 Loaded shared library C:\Program Files\Java\jdk-20\bin\jimage.dll
Event: 0.788 Loaded shared library C:\Program Files\Java\jdk-20\bin\management.dll
Event: 0.791 Loaded shared library C:\Program Files\Java\jdk-20\bin\management_ext.dll

Deoptimization events (20 events):
Event: 0.938 Thread 0x000001b62339cd30 Uncommon trap: trap_request=0xffffffc6 fr.pc=0x000001b5cff0bf74 relative=0x0000000000000e54
Event: 0.938 Thread 0x000001b62339cd30 Uncommon trap: reason=bimorphic_or_optimized_type_check action=maybe_recompile pc=0x000001b5cff0bf74 method=java.util.HashMap.putVal(ILjava/lang/Object;Ljava/lang/Object;ZZ)Ljava/lang/Object; @ 56 c2
Event: 0.938 Thread 0x000001b62339cd30 DEOPT PACKING pc=0x000001b5cff0bf74 sp=0x00000055153fdf10
Event: 0.938 Thread 0x000001b62339cd30 DEOPT UNPACKING pc=0x000001b5cf92d2a2 sp=0x00000055153fde70 mode 2
Event: 0.968 Thread 0x000001b62339cd30 DEOPT PACKING pc=0x000001b5c854e5c9 sp=0x00000055153fd780
Event: 0.968 Thread 0x000001b62339cd30 DEOPT UNPACKING pc=0x000001b5cf97e462 sp=0x00000055153fcbd8 mode 1
Event: 0.968 Thread 0x000001b62339cd30 DEOPT PACKING pc=0x000001b5c8507a44 sp=0x00000055153fd810
Event: 0.968 Thread 0x000001b62339cd30 DEOPT UNPACKING pc=0x000001b5cf97e462 sp=0x00000055153fccb8 mode 1
Event: 0.968 Thread 0x000001b62339cd30 DEOPT PACKING pc=0x000001b5c85c0674 sp=0x00000055153fe210
Event: 0.968 Thread 0x000001b62339cd30 DEOPT UNPACKING pc=0x000001b5cf97e462 sp=0x00000055153fd6d8 mode 1
Event: 0.968 Thread 0x000001b62339cd30 DEOPT PACKING pc=0x000001b5c85c016c sp=0x00000055153fe2a0
Event: 0.968 Thread 0x000001b62339cd30 DEOPT UNPACKING pc=0x000001b5cf97e462 sp=0x00000055153fd778 mode 1
Event: 0.968 Thread 0x000001b62339cd30 DEOPT PACKING pc=0x000001b5c854e5c9 sp=0x00000055153fd780
Event: 0.968 Thread 0x000001b62339cd30 DEOPT UNPACKING pc=0x000001b5cf97e462 sp=0x00000055153fcbd8 mode 1
Event: 0.968 Thread 0x000001b62339cd30 DEOPT PACKING pc=0x000001b5c8507a44 sp=0x00000055153fd810
Event: 0.968 Thread 0x000001b62339cd30 DEOPT UNPACKING pc=0x000001b5cf97e462 sp=0x00000055153fccb8 mode 1
Event: 0.968 Thread 0x000001b62339cd30 DEOPT PACKING pc=0x000001b5c85c0674 sp=0x00000055153fe210
Event: 0.968 Thread 0x000001b62339cd30 DEOPT UNPACKING pc=0x000001b5cf97e462 sp=0x00000055153fd6d8 mode 1
Event: 0.968 Thread 0x000001b62339cd30 DEOPT PACKING pc=0x000001b5c85c016c sp=0x00000055153fe2a0
Event: 0.968 Thread 0x000001b62339cd30 DEOPT UNPACKING pc=0x000001b5cf97e462 sp=0x00000055153fd778 mode 1

Classes loaded (20 events):
Event: 1.045 Loading class org/springframework/util/PropertyPlaceholderHelper
Event: 1.045 Loading class org/springframework/util/PropertyPlaceholderHelper done
Event: 1.046 Loading class org/springframework/boot/context/properties/bind/BindConverter
Event: 1.046 Loading class org/springframework/boot/context/properties/bind/BindConverter done
Event: 1.046 Loading class org/springframework/boot/context/properties/bind/BindConverter$ResolvableTypeDescriptor
Event: 1.046 Loading class org/springframework/boot/context/properties/bind/BindConverter$ResolvableTypeDescriptor done
Event: 1.046 Loading class org/springframework/boot/context/properties/bind/BindConverter$TypeConverterConversionService
Event: 1.046 Loading class org/springframework/boot/context/properties/bind/BindConverter$TypeConverterConversionService done
Event: 1.046 Loading class org/springframework/boot/context/properties/bind/BindConverter$TypeConverterConverter
Event: 1.046 Loading class org/springframework/boot/context/properties/bind/BindConverter$TypeConverterConverter done
Event: 1.047 Loading class org/springframework/beans/propertyeditors/CustomNumberEditor
Event: 1.047 Loading class org/springframework/beans/propertyeditors/CustomNumberEditor done
Event: 1.047 Loading class java/beans/PropertyEditorSupport
Event: 1.047 Loading class java/beans/PropertyEditor
Event: 1.047 Loading class java/beans/PropertyEditor done
Event: 1.047 Loading class java/beans/PropertyEditorSupport done
Event: 1.047 Loading class org/springframework/beans/propertyeditors/CustomBooleanEditor
Event: 1.047 Loading class org/springframework/beans/propertyeditors/CustomBooleanEditor done
Event: 1.047 Loading class org/springframework/beans/propertyeditors/FileEditor
Event: 1.047 Loading class org/springframework/beans/propertyeditors/FileEditor done

Classes unloaded (0 events):
No events

Classes redefined (0 events):
No events

Internal exceptions (20 events):
Event: 0.166 Thread 0x000001b5beb3b030 Exception <a 'java/lang/NoSuchMethodError'{0x000000008c36db90}: 'java.lang.Object java.lang.invoke.Invokers$Holder.invokeExact_MT(java.lang.Object, java.lang.Object, java.lang.Object, java.lang.Object, java.lang.Object)'> (0x000000008c36db90) 
thrown [s\open\src\hotspot\share\interpreter\linkResolver.cpp, line 773]
Event: 0.433 Thread 0x000001b5beb3b030 Exception <a 'java/lang/NoSuchMethodError'{0x000000008ba53548}: 'java.lang.Object java.lang.invoke.DirectMethodHandle$Holder.invokeSpecial(java.lang.Object, java.lang.Object, java.lang.Object, long, java.lang.Object)'> (0x000000008ba53548) 
thrown [s\open\src\hotspot\share\interpreter\linkResolver.cpp, line 773]
Event: 0.433 Thread 0x000001b5beb3b030 Exception <a 'java/lang/NoSuchMethodError'{0x000000008ba56ed0}: 'java.lang.Object java.lang.invoke.Invokers$Holder.linkToTargetMethod(java.lang.Object, long, java.lang.Object, java.lang.Object)'> (0x000000008ba56ed0) 
thrown [s\open\src\hotspot\share\interpreter\linkResolver.cpp, line 773]
Event: 0.464 Thread 0x000001b5beb3b030 Exception <a 'java/lang/ClassNotFoundException'{0x000000008baf4208}: javax/smartcardio/CardPermission> (0x000000008baf4208) 
thrown [s\open\src\hotspot\share\classfile\systemDictionary.cpp, line 305]
Event: 0.468 Thread 0x000001b5beb3b030 Exception <a 'java/io/FileNotFoundException'{0x000000008b905008}> (0x000000008b905008) 
thrown [s\open\src\hotspot\share\prims\jni.cpp, line 519]
Event: 0.602 Thread 0x000001b5beb3b030 Exception <a 'java/lang/NoSuchMethodError'{0x000000008b61d198}: 'void java.lang.invoke.DirectMethodHandle$Holder.invokeStatic(java.lang.Object, java.lang.Object, java.lang.Object, java.lang.Object)'> (0x000000008b61d198) 
thrown [s\open\src\hotspot\share\interpreter\linkResolver.cpp, line 773]
Event: 0.656 Thread 0x000001b5beb3b030 Exception <a 'java/lang/NoSuchMethodError'{0x000000008b575e88}: 'int java.lang.invoke.DirectMethodHandle$Holder.invokeStaticInit(java.lang.Object, java.lang.Object)'> (0x000000008b575e88) 
thrown [s\open\src\hotspot\share\interpreter\linkResolver.cpp, line 773]
Event: 0.668 Thread 0x000001b5beb3b030 Exception <a 'java/lang/NoSuchMethodError'{0x000000008b5c7ef0}: 'void java.lang.invoke.DirectMethodHandle$Holder.invokeInterface(java.lang.Object, java.lang.Object, java.lang.Object, java.lang.Object)'> (0x000000008b5c7ef0) 
thrown [s\open\src\hotspot\share\interpreter\linkResolver.cpp, line 773]
Event: 0.738 Thread 0x000001b5beb3b030 Exception <a 'java/lang/NoSuchMethodError'{0x000000008b210b40}: 'java.lang.Object java.lang.invoke.DirectMethodHandle$Holder.invokeInterface(java.lang.Object, java.lang.Object)'> (0x000000008b210b40) 
thrown [s\open\src\hotspot\share\interpreter\linkResolver.cpp, line 773]
Event: 0.749 Thread 0x000001b5beb3b030 Exception <a 'java/lang/NoSuchMethodError'{0x000000008b259500}: 'java.lang.Object java.lang.invoke.DirectMethodHandle$Holder.invokeSpecialIFC(java.lang.Object, java.lang.Object, java.lang.Object, java.lang.Object)'> (0x000000008b259500) 
thrown [s\open\src\hotspot\share\interpreter\linkResolver.cpp, line 773]
Event: 0.753 Thread 0x000001b5beb3b030 Exception <a 'java/lang/NoSuchMethodError'{0x000000008b279f98}: 'java.lang.Object java.lang.invoke.DirectMethodHandle$Holder.invokeInterface(java.lang.Object, java.lang.Object, java.lang.Object)'> (0x000000008b279f98) 
thrown [s\open\src\hotspot\share\interpreter\linkResolver.cpp, line 773]
Event: 0.799 Thread 0x000001b5beb3b030 Exception <a 'java/lang/NoSuchMethodError'{0x000000008b1fd0d0}: 'int java.lang.invoke.DirectMethodHandle$Holder.invokeSpecial(java.lang.Object, java.lang.Object, java.lang.Object)'> (0x000000008b1fd0d0) 
thrown [s\open\src\hotspot\share\interpreter\linkResolver.cpp, line 773]
Event: 0.858 Thread 0x000001b62339cd30 Exception <a 'java/lang/NoSuchMethodError'{0x000000008c4f1fc8}: 'void java.lang.invoke.DirectMethodHandle$Holder.invokeStatic(java.lang.Object, java.lang.Object)'> (0x000000008c4f1fc8) 
thrown [s\open\src\hotspot\share\interpreter\linkResolver.cpp, line 773]
Event: 0.859 Thread 0x000001b62339cd30 Exception <a 'java/lang/NoSuchMethodError'{0x000000008c4f5740}: 'void java.lang.invoke.DirectMethodHandle$Holder.invokeSpecial(java.lang.Object, java.lang.Object, java.lang.Object)'> (0x000000008c4f5740) 
thrown [s\open\src\hotspot\share\interpreter\linkResolver.cpp, line 773]
Event: 0.879 Thread 0x000001b62339cd30 Exception <a 'java/lang/NoSuchMethodError'{0x000000008c3f0650}: 'int java.lang.invoke.DirectMethodHandle$Holder.invokeStaticInit(java.lang.Object, java.lang.Object, java.lang.Object)'> (0x000000008c3f0650) 
thrown [s\open\src\hotspot\share\interpreter\linkResolver.cpp, line 773]
Event: 0.883 Thread 0x000001b62339cd30 Exception <a 'java/lang/NoSuchMethodError'{0x000000008c21dbe0}: 'java.lang.Object java.lang.invoke.DirectMethodHandle$Holder.invokeVirtual(java.lang.Object, java.lang.Object, java.lang.Object)'> (0x000000008c21dbe0) 
thrown [s\open\src\hotspot\share\interpreter\linkResolver.cpp, line 773]
Event: 0.888 Thread 0x000001b62339cd30 Exception <a 'java/lang/NoSuchMethodError'{0x000000008c256c38}: 'java.lang.Object java.lang.invoke.DirectMethodHandle$Holder.newInvokeSpecial(java.lang.Object, java.lang.Object, java.lang.Object, java.lang.Object, java.lang.Object)'> (0x000000008c256c38) 
thrown [s\open\src\hotspot\share\interpreter\linkResolver.cpp, line 773]
Event: 0.895 Thread 0x000001b62339cd30 Exception <a 'java/lang/NoSuchMethodError'{0x000000008c2b6450}: 'java.lang.Object java.lang.invoke.DirectMethodHandle$Holder.invokeStaticInit(java.lang.Object, java.lang.Object, java.lang.Object)'> (0x000000008c2b6450) 
thrown [s\open\src\hotspot\share\interpreter\linkResolver.cpp, line 773]
Event: 0.920 Thread 0x000001b62339cd30 Exception <a 'java/lang/IncompatibleClassChangeError'{0x000000008c178e50}: Found class java.lang.Object, but interface was expected> (0x000000008c178e50) 
thrown [s\open\src\hotspot\share\interpreter\linkResolver.cpp, line 840]
Event: 0.936 Thread 0x000001b62339cd30 Exception <a 'sun/nio/fs/WindowsException'{0x000000008c0104c0}> (0x000000008c0104c0) 
thrown [s\open\src\hotspot\share\prims\jni.cpp, line 519]

VM Operations (18 events):
Event: 0.126 Executing VM operation: HandshakeAllThreads
Event: 0.126 Executing VM operation: HandshakeAllThreads done
Event: 0.158 Executing VM operation: ChangeBreakpoints
Event: 0.159 Executing VM operation: ChangeBreakpoints done
Event: 0.159 Executing VM operation: ChangeBreakpoints
Event: 0.159 Executing VM operation: ChangeBreakpoints done
Event: 0.385 Executing VM operation: HandshakeAllThreads
Event: 0.385 Executing VM operation: HandshakeAllThreads done
Event: 0.548 Executing VM operation: HandshakeAllThreads
Event: 0.548 Executing VM operation: HandshakeAllThreads done
Event: 0.570 Executing VM operation: HandshakeAllThreads
Event: 0.570 Executing VM operation: HandshakeAllThreads done
Event: 0.733 Executing VM operation: HandshakeAllThreads
Event: 0.733 Executing VM operation: HandshakeAllThreads done
Event: 0.827 Executing VM operation: G1CollectForAllocation
Event: 0.833 Executing VM operation: G1CollectForAllocation done
Event: 0.937 Executing VM operation: HandshakeAllThreads
Event: 0.937 Executing VM operation: HandshakeAllThreads done

Events (17 events):
Event: 0.038 Thread 0x000001b5beb3b030 Thread added: 0x000001b5beb3b030
Event: 0.053 Thread 0x000001b5dd7b77d0 Thread added: 0x000001b5dd7b77d0
Event: 0.053 Thread 0x000001b5dd7b83d0 Thread added: 0x000001b5dd7b83d0
Event: 0.053 Thread 0x000001b5dd7be7c0 Thread added: 0x000001b5dd7be7c0
Event: 0.053 Thread 0x000001b5dd7c0110 Thread added: 0x000001b5dd7c0110
Event: 0.053 Thread 0x000001b5dd7c1600 Thread added: 0x000001b5dd7c1600
Event: 0.054 Thread 0x000001b5dd7c2cf0 Thread added: 0x000001b5dd7c2cf0
Event: 0.054 Thread 0x000001b5dd7cf470 Thread added: 0x000001b5dd7cf470
Event: 0.054 Thread 0x000001b5dd7d0590 Thread added: 0x000001b5dd7d0590
Event: 0.118 Thread 0x000001b5dd782c10 Thread added: 0x000001b5dd782c10
Event: 0.147 Thread 0x000001b622d8ca20 Thread added: 0x000001b622d8ca20
Event: 0.147 Thread 0x000001b622ea5ec0 Thread added: 0x000001b622ea5ec0
Event: 0.148 Thread 0x000001b622ea7100 Thread added: 0x000001b622ea7100
Event: 0.174 Thread 0x000001b622deaa20 Thread added: 0x000001b622deaa20
Event: 0.258 Thread 0x000001b622f30090 Thread added: 0x000001b622f30090
Event: 0.851 Thread 0x000001b623376a50 Thread added: 0x000001b623376a50
Event: 0.855 Thread 0x000001b62339cd30 Thread added: 0x000001b62339cd30


Dynamic libraries:
0x00007ff780d40000 - 0x00007ff780d50000 	C:\Program Files\Java\jdk-20\bin\java.exe
0x00007fffd0870000 - 0x00007fffd0a68000 	C:\Windows\SYSTEM32\ntdll.dll
0x00007fffcfa60000 - 0x00007fffcfb1d000 	C:\Windows\System32\KERNEL32.DLL
0x00007fffce1b0000 - 0x00007fffce4a6000 	C:\Windows\System32\KERNELBASE.dll
0x00007fffce550000 - 0x00007fffce650000 	C:\Windows\System32\ucrtbase.dll
0x00007fff86f90000 - 0x00007fff86fa9000 	C:\Program Files\Java\jdk-20\bin\jli.dll
0x00007fff87ae0000 - 0x00007fff87afb000 	C:\Program Files\Java\jdk-20\bin\VCRUNTIME140.dll
0x00007fffcf730000 - 0x00007fffcf7df000 	C:\Windows\System32\ADVAPI32.dll
0x00007fffce8d0000 - 0x00007fffce96e000 	C:\Windows\System32\msvcrt.dll
0x00007fffcf670000 - 0x00007fffcf70c000 	C:\Windows\System32\sechost.dll
0x00007fffceab0000 - 0x00007fffcebd6000 	C:\Windows\System32\RPCRT4.dll
0x00007fffcf020000 - 0x00007fffcf1be000 	C:\Windows\System32\USER32.dll
0x00007fffce030000 - 0x00007fffce052000 	C:\Windows\System32\win32u.dll
0x00007fffb2e30000 - 0x00007fffb30ca000 	C:\Windows\WinSxS\amd64_microsoft.windows.common-controls_6595b64144ccf1df_6.0.19041.3636_none_60b6a03d71f818d5\COMCTL32.dll
0x00007fffd0270000 - 0x00007fffd029c000 	C:\Windows\System32\GDI32.dll
0x00007fffce7b0000 - 0x00007fffce8ca000 	C:\Windows\System32\gdi32full.dll
0x00007fffce4b0000 - 0x00007fffce54d000 	C:\Windows\System32\msvcp_win.dll
0x00007fffc3a40000 - 0x00007fffc3a4a000 	C:\Windows\SYSTEM32\VERSION.dll
0x00007fffd02b0000 - 0x00007fffd02e0000 	C:\Windows\System32\IMM32.DLL
0x00007fff8dc80000 - 0x00007fff8dc8c000 	C:\Program Files\Java\jdk-20\bin\vcruntime140_1.dll
0x00007fff6f2a0000 - 0x00007fff6f32e000 	C:\Program Files\Java\jdk-20\bin\msvcp140.dll
0x00007fff44c70000 - 0x00007fff45908000 	C:\Program Files\Java\jdk-20\bin\server\jvm.dll
0x00007fffb2a80000 - 0x00007fffb2a89000 	C:\Windows\SYSTEM32\WSOCK32.dll
0x00007fffba220000 - 0x00007fffba247000 	C:\Windows\SYSTEM32\WINMM.dll
0x00007fffcefb0000 - 0x00007fffcf01b000 	C:\Windows\System32\WS2_32.dll
0x00007fffcc7f0000 - 0x00007fffcc802000 	C:\Windows\SYSTEM32\kernel.appcore.dll
0x00007fff8c790000 - 0x00007fff8c79a000 	C:\Program Files\Java\jdk-20\bin\jimage.dll
0x00007fffcbd20000 - 0x00007fffcbf04000 	C:\Windows\SYSTEM32\DBGHELP.DLL
0x00007fffaff00000 - 0x00007fffaff34000 	C:\Windows\SYSTEM32\dbgcore.DLL
0x00007fffce0b0000 - 0x00007fffce132000 	C:\Windows\System32\bcryptPrimitives.dll
0x00007fffc5a60000 - 0x00007fffc5a9c000 	C:\Program Files\Java\jdk-20\bin\jdwp.dll
0x00007fffc6d10000 - 0x00007fffc6d1e000 	C:\Program Files\Java\jdk-20\bin\instrument.dll
0x00007fff79710000 - 0x00007fff79736000 	C:\Program Files\Java\jdk-20\bin\java.dll
0x00007fff79590000 - 0x00007fff795a8000 	C:\Program Files\Java\jdk-20\bin\zip.dll
0x00007fff6dcf0000 - 0x00007fff6ddc7000 	C:\Program Files\Java\jdk-20\bin\jsvml.dll
0x00007fffcfb20000 - 0x00007fffd0265000 	C:\Windows\System32\SHELL32.dll
0x00007fffcbf10000 - 0x00007fffcc6ab000 	C:\Windows\SYSTEM32\windows.storage.dll
0x00007fffcec50000 - 0x00007fffcefa4000 	C:\Windows\System32\combase.dll
0x00007fffcd990000 - 0x00007fffcd9bd000 	C:\Windows\SYSTEM32\Wldp.dll
0x00007fffcf220000 - 0x00007fffcf2cd000 	C:\Windows\System32\SHCORE.dll
0x00007fffcf1c0000 - 0x00007fffcf215000 	C:\Windows\System32\shlwapi.dll
0x00007fffcde80000 - 0x00007fffcdea5000 	C:\Windows\SYSTEM32\profapi.dll
0x00007fffc6cf0000 - 0x00007fffc6cfc000 	C:\Program Files\Java\jdk-20\bin\dt_socket.dll
0x00007fffcd390000 - 0x00007fffcd3cb000 	C:\Windows\SYSTEM32\IPHLPAPI.DLL
0x00007fffcd6f0000 - 0x00007fffcd75a000 	C:\Windows\system32\mswsock.dll
0x00007fff7e200000 - 0x00007fff7e213000 	C:\Program Files\Java\jdk-20\bin\net.dll
0x00007fffc29a0000 - 0x00007fffc2aaa000 	C:\Windows\SYSTEM32\WINHTTP.dll
0x00007fff7bf80000 - 0x00007fff7bf96000 	C:\Program Files\Java\jdk-20\bin\nio.dll
0x00007fffc6dd0000 - 0x00007fffc6dda000 	C:\Program Files\Java\jdk-20\bin\management.dll
0x00007fffc6d50000 - 0x00007fffc6d5b000 	C:\Program Files\Java\jdk-20\bin\management_ext.dll
0x00007fffcec40000 - 0x00007fffcec48000 	C:\Windows\System32\PSAPI.DLL

dbghelp: loaded successfully - version: 4.0.5 - missing functions: none
symbol engine: initialized successfully - sym options: 0x614 - pdb path: .;C:\Program Files\Java\jdk-20\bin;C:\Windows\SYSTEM32;C:\Windows\WinSxS\amd64_microsoft.windows.common-controls_6595b64144ccf1df_6.0.19041.3636_none_60b6a03d71f818d5;C:\Program Files\Java\jdk-20\bin\server

VM Arguments:
jvm_args: -agentlib:jdwp=transport=dt_socket,address=127.0.0.1:53243,suspend=y,server=n -javaagent:C:\Users\ADMIN\AppData\Local\JetBrains\IdeaIC2022.3\captureAgent\debugger-agent.jar -Dfile.encoding=UTF-8 -Dsun.stdout.encoding=UTF-8 -Dsun.stderr.encoding=UTF-8 
java_command: com.example.service.ServiceApplication
java_class_path (initial): C:\Users\ADMIN\Desktop\lol\service\target\classes;C:\Users\ADMIN\.m2\repository\org\springframework\boot\spring-boot-starter-data-jpa\3.1.4\spring-boot-starter-data-jpa-3.1.4.jar;C:\Users\ADMIN\.m2\repository\org\springframework\boot\spring-boot-starter-aop\3.1.4\spring-boot-starter-aop-3.1.4.jar;C:\Users\ADMIN\.m2\repository\org\aspectj\aspectjweaver\1.9.20\aspectjweaver-1.9.20.jar;C:\Users\ADMIN\.m2\repository\org\springframework\boot\spring-boot-starter-jdbc\3.1.4\spring-boot-starter-jdbc-3.1.4.jar;C:\Users\ADMIN\.m2\repository\com\zaxxer\HikariCP\5.0.1\HikariCP-5.0.1.jar;C:\Users\ADMIN\.m2\repository\org\springframework\spring-jdbc\6.0.12\spring-jdbc-6.0.12.jar;C:\Users\ADMIN\.m2\repository\org\hibernate\orm\hibernate-core\6.2.9.Final\hibernate-core-6.2.9.Final.jar;C:\Users\ADMIN\.m2\repository\jakarta\persistence\jakarta.persistence-api\3.1.0\jakarta.persistence-api-3.1.0.jar;C:\Users\ADMIN\.m2\repository\jakarta\transaction\jakarta.transaction-api\2.0.1\jakarta.transaction-api-2.0.1.jar;C:\Users\ADMIN\.m2\repository\org\jboss\logging\jboss-logging\3.5.3.Final\jboss-logging-3.5.3.Final.jar;C:\Users\ADMIN\.m2\repository\org\hibernate\common\hibernate-commons-annotations\6.0.6.Final\hibernate-commons-annotations-6.0.6.Final.jar;C:\Users\ADMIN\.m2\repository\io\smallrye\jandex\3.0.5\jandex-3.0.5.jar;C:\Users\ADMIN\.m2\repository\com\fasterxml\classmate\1.5.1\classmate-1.5.1.jar;C:\Users\ADMIN\.m2\repository\net\bytebuddy\byte-buddy\1.14.8\byte-buddy-1.14.8.jar;C:\Users\ADMIN\.m2\repository\org\glassfish\jaxb\jaxb-runtime\4.0.3\jaxb-runtime-4.0.3.jar;C:\Users\ADMIN\.m2\repository\org\glassfish\jaxb\jaxb-core\4.0.3\jaxb-core-4.0.3.jar;C:\Users\ADMIN\.m2\repository\org\eclipse\angus\angus-activation\2.0.1\angus-activation-2.0.1.jar;C:\Users\ADMIN\.m2\repository\org\glassfish\jaxb\txw2\4.0.3\txw2-4.0.3.jar;C:\Users\ADMIN\.m2\repository\com\sun\istack\istack-commons-runtime\4.1.2\istack-commons-runtime-4.1.2.jar;C:\Users\ADMIN\.m2\repository\jakarta\inject\jakarta.inject-api\2.0.1\jakarta.inject-api-2.0.1.jar;C:\Users\ADMIN\.m2\repository\org\antlr\antlr4-runtime\4.10.1\antlr4-runtime-4.10.1.jar;C:\Users\ADMIN\.m2\repository\org\springframework\data\spring-data-jpa\3.1.4\spring-data-jpa-3.1.4.jar;C:\Users\ADMIN\.m2\repository\org\springframework\data\spring-data-commons\3.1.4\spring-data-commons-3.1.4.jar;C:\Users\ADMIN\.m2\repository\org\springframework\spring-orm\6.0.12\spring-orm-6.0.12.jar;C:\Users\ADMIN\.m2\repository\org\springframework\spring-context\6.0.12\spring-context-6.0.12.jar;C:\Users\ADMIN\.m2\repository\org\springframework\spring-tx\6.0.12\spring-tx-6.0.12.jar;C:\Users\ADMIN\.m2\repository\org\springframework\spring-beans\6.0.12\spring-beans-6.0.12.jar;C:\Users\ADMIN\.m2\repository\jakarta\annotation\jakarta.annotation-api\2.1.1\jakarta.annotation-api-2.1.1.jar;C:\Users\ADMIN\.m2\repository\org\slf4j\slf4j-api\2.0.9\slf4j-api-2.0.9.jar;C:\Users\ADMIN\.m2\repository\org\springframework\spring-aspects\6.0.12\spring-aspects-6.0.12.jar;C:\Users\ADMIN\.m2\repository\org\springframework\boot\spring-boot-starter-security\3.1.4\spring-boot-starter-security-3.1.4.jar;C:\Users\ADMIN\.m2\repository\org\springframework\boot\spring-boot-starter\3.1.4\spring-boot-starter-3.1.4.jar;C:\Users\ADMIN\.m2\repository\org\springframework\boot\spring-boot-starter-logging\3.1.4\spring-boot-starter-logging-3.1.4.jar;C:\Users\ADMIN\.m2\repository\ch\qos\logback\logback-classic\1.4.11\logback-classic-1.4.11.jar;C:\Users\ADMIN\.m2\repository\ch\qos\logback\logback-core\1.4.11\logback-core-1.4.11.jar;C:\Users\ADMIN\.m2\repository\org\apache\logging\log4j\log4j-to-slf4j\2.20.0\log4j-to-slf4j-2.20.0.jar;C:\Users\ADMIN\.m2\repository\org\apache\logging\log4j\log4j-api\2.20.0\log4j-api-2.20.0.jar;C:\Users\ADMIN\.m2\repository\org\slf4j\jul-to-slf4j\2.0.9\jul-to-slf4j-2.0.9.jar;C:\Users\ADMIN\.m2\repository\org\yaml\snakeyaml\1.33\snakeyaml-1.33.jar;C:\Users\ADMIN\.m2\repository\org\springframework\spring-aop\6.0.12\spring-aop-6.0.12.jar;C:\Users\ADMIN\.m2\repository\org\springframework\security\spring-security-config\6.1.4\spring-security-config-6.1.4.jar;C:\Users\ADMIN\.m2\repository\org\springframework\security\spring-security-web\6.1.4\spring-security-web-6.1.4.jar;C:\Users\ADMIN\.m2\repository\org\springframework\spring-expression\6.0.12\spring-expression-6.0.12.jar;C:\Users\ADMIN\.m2\repository\org\springframework\boot\spring-boot-starter-validation\3.1.4\spring-boot-starter-validation-3.1.4.jar;C:\Users\ADMIN\.m2\repository\org\apache\tomcat\embed\tomcat-embed-el\10.1.13\tomcat-embed-el-10.1.13.jar;C:\Users\ADMIN\.m2\repository\org\hibernate\validator\hibernate-validator\8.0.1.Final\hibernate-validator-8.0.1.Final.jar;C:\Users\ADMIN\.m2\repository\jakarta\validation\jakarta.validation-api\3.0.2\jakarta.validation-api-3.0.2.jar;C:\Users\ADMIN\.m2\repository\org\springframework\boot\spring-boot-starter-web\3.1.4\spring-boot-starter-web-3.1.4.jar;C:\Users\ADMIN\.m2\repository\org\springframework\boot\spring-boot-starter-json\3.1.4\spring-boot-starter-json-3.1.4.jar;C:\Users\ADMIN\.m2\repository\com\fasterxml\jackson\datatype\jackson-datatype-jdk8\2.15.2\jackson-datatype-jdk8-2.15.2.jar;C:\Users\ADMIN\.m2\repository\com\fasterxml\jackson\datatype\jackson-datatype-jsr310\2.15.2\jackson-datatype-jsr310-2.15.2.jar;C:\Users\ADMIN\.m2\repository\com\fasterxml\jackson\module\jackson-module-parameter-names\2.15.2\jackson-module-parameter-names-2.15.2.jar;C:\Users\ADMIN\.m2\repository\org\springframework\boot\spring-boot-starter-tomcat\3.1.4\spring-boot-starter-tomcat-3.1.4.jar;C:\Users\ADMIN\.m2\repository\org\apache\tomcat\embed\tomcat-embed-core\10.1.13\tomcat-embed-core-10.1.13.jar;C:\Users\ADMIN\.m2\repository\org\apache\tomcat\embed\tomcat-embed-websocket\10.1.13\tomcat-embed-websocket-10.1.13.jar;C:\Users\ADMIN\.m2\repository\org\springframework\spring-web\6.0.12\spring-web-6.0.12.jar;C:\Users\ADMIN\.m2\repository\io\micrometer\micrometer-observation\1.11.4\micrometer-observation-1.11.4.jar;C:\Users\ADMIN\.m2\repository\io\micrometer\micrometer-commons\1.11.4\micrometer-commons-1.11.4.jar;C:\Users\ADMIN\.m2\repository\org\springframework\spring-webmvc\6.0.12\spring-webmvc-6.0.12.jar;C:\Users\ADMIN\.m2\repository\org\springframework\boot\spring-boot-devtools\3.1.4\spring-boot-devtools-3.1.4.jar;C:\Users\ADMIN\.m2\repository\org\springframework\boot\spring-boot\3.1.4\spring-boot-3.1.4.jar;C:\Users\ADMIN\.m2\repository\org\springframework\boot\spring-boot-autoconfigure\3.1.4\spring-boot-autoconfigure-3.1.4.jar;C:\Users\ADMIN\.m2\repository\com\mysql\mysql-connector-j\8.0.33\mysql-connector-j-8.0.33.jar;C:\Users\ADMIN\.m2\repository\jakarta\xml\bind\jakarta.xml.bind-api\4.0.1\jakarta.xml.bind-api-4.0.1.jar;C:\Users\ADMIN\.m2\repository\jakarta\activation\jakarta.activation-api\2.1.2\jakarta.activation-api-2.1.2.jar;C:\Users\ADMIN\.m2\repository\org\springframework\spring-core\6.0.12\spring-core-6.0.12.jar;C:\Users\ADMIN\.m2\repository\org\springframework\spring-jcl\6.0.12\spring-jcl-6.0.12.jar;C:\Users\ADMIN\.m2\repository\org\springframework\security\spring-security-core\6.1.4\spring-security-core-6.1.4.jar;C:\Users\ADMIN\.m2\repository\org\springframework\security\spring-security-crypto\6.1.4\spring-security-crypto-6.1.4.jar;C:\Users\ADMIN\.m2\repository\io\jsonwebtoken\jjwt-api\0.11.1\jjwt-api-0.11.1.jar;C:\Users\ADMIN\.m2\repository\io\jsonwebtoken\jjwt-impl\0.11.1\jjwt-impl-0.11.1.jar;C:\Users\ADMIN\.m2\repository\io\jsonwebtoken\jjwt-jackson\0.11.1\jjwt-jackson-0.11.1.jar;C:\Users\ADMIN\.m2\repository\com\fasterxml\jackson\core\jackson-databind\2.15.2\jackson-databind-2.15.2.jar;C:\Users\ADMIN\.m2\repository\com\fasterxml\jackson\core\jackson-annotations\2.15.2\jackson-annotations-2.15.2.jar;C:\Users\ADMIN\.m2\repository\com\fasterxml\jackson\core\jackson-core\2.15.2\jackson-core-2.15.2.jar;C:\Users\ADMIN\.m2\repository\org\modelmapper\modelmapper\3.1.1\modelmapper-3.1.1.jar;C:\Users\ADMIN\.m2\repository\org\mapstruct\mapstruct\1.5.5.Final\mapstruct-1.5.5.Final.jar;C:\Program Files\JetBrains\IntelliJ IDEA Community Edition 2022.3.1\lib\idea_rt.jar
Launcher Type: SUN_STANDARD

[Global flags]
     intx CICompilerCount                          = 4                                         {product} {ergonomic}
     uint ConcGCThreads                            = 3                                         {product} {ergonomic}
     uint G1ConcRefinementThreads                  = 10                                        {product} {ergonomic}
   size_t G1HeapRegionSize                         = 1048576                                   {product} {ergonomic}
    uintx GCDrainStackTargetSize                   = 64                                        {product} {ergonomic}
   size_t InitialHeapSize                          = 130023424                                 {product} {ergonomic}
   size_t MarkStackSize                            = 4194304                                   {product} {ergonomic}
   size_t MaxHeapSize                              = 2069889024                                {product} {ergonomic}
   size_t MaxNewSize                               = 1241513984                                {product} {ergonomic}
   size_t MinHeapDeltaBytes                        = 1048576                                   {product} {ergonomic}
   size_t MinHeapSize                              = 8388608                                   {product} {ergonomic}
    uintx NonNMethodCodeHeapSize                   = 5839372                                {pd product} {ergonomic}
    uintx NonProfiledCodeHeapSize                  = 122909434                              {pd product} {ergonomic}
    uintx ProfiledCodeHeapSize                     = 122909434                              {pd product} {ergonomic}
    uintx ReservedCodeCacheSize                    = 251658240                              {pd product} {ergonomic}
     bool SegmentedCodeCache                       = true                                      {product} {ergonomic}
   size_t SoftMaxHeapSize                          = 2069889024                             {manageable} {ergonomic}
     bool UseCompressedClassPointers               = true                           {product lp64_product} {ergonomic}
     bool UseCompressedOops                        = true                           {product lp64_product} {ergonomic}
     bool UseG1GC                                  = true                                      {product} {ergonomic}
     bool UseLargePagesIndividualAllocation        = false                                  {pd product} {ergonomic}

Logging:
Log output configuration:
 #0: stdout all=warning uptime,level,tags foldmultilines=false
 #1: stderr all=off uptime,level,tags foldmultilines=false

Environment Variables:
JAVA_HOME=C:\Program Files\Java\jdk-18.0.1
PATH=C:\Program Files\Common Files\Oracle\Java\javapath;C:\Windows\system32;C:\Windows;C:\Windows\System32\Wbem;C:\Windows\System32\WindowsPowerShell\v1.0\;C:\Windows\System32\OpenSSH\;C:\Program Files (x86)\NVIDIA Corporation\PhysX\Common;C:\Program Files\NVIDIA Corporation\NVIDIA NvDLISR;C:\Program Files\nodejs\;C:\Program Files\Microsoft SQL Server\Client SDK\ODBC\170\Tools\Binn\;C:\Program Files (x86)\Microsoft SQL Server\150\Tools\Binn\;C:\Program Files\Microsoft SQL Server\150\Tools\Binn\;C:\Program Files\Microsoft SQL Server\150\DTS\Binn\;C:\CMS\php;C:\composer;C:\Program Files\apache-maven-3.8.6\bin;%JAVA_HOME%\bin;C:\Users\ADMIN\AppData\Local\Microsoft\WindowsApps;C:\Users\ADMIN\AppData\Local\Programs\Microsoft VS Code\bin;C:\Users\ADMIN\AppData\Roaming\npm;C:\Users\ADMIN\AppData\Local\GitHubDesktop\bin;C:\Users\ADMIN\AppData\Roaming\Composer\vendor\bin
USERNAME=ADMIN
OS=Windows_NT
PROCESSOR_IDENTIFIER=Intel64 Family 6 Model 141 Stepping 1, GenuineIntel
TMP=C:\Users\ADMIN\AppData\Local\Temp
TEMP=C:\Users\ADMIN\AppData\Local\Temp




---------------  S Y S T E M  ---------------

OS:
 Windows 10 , 64 bit Build 19041 (10.0.19041.3636)
OS uptime: 1 days 15:04 hours

CPU: total 12 (initial active 12) (6 cores per cpu, 2 threads per core) family 6 model 141 stepping 1 microcode 0x26, cx8, cmov, fxsr, ht, mmx, 3dnowpref, sse, sse2, sse3, ssse3, sse4.1, sse4.2, popcnt, lzcnt, tsc, tscinvbit, avx, avx2, aes, erms, clmul, bmi1, bmi2, adx, avx512f, avx512dq, avx512cd, avx512bw, avx512vl, sha, fma, vzeroupper, avx512_vpopcntdq, avx512_vpclmulqdq, avx512_vaes, avx512_vnni, clflush, clflushopt, clwb, avx512_vbmi2, avx512_vbmi, rdtscp, rdpid, fsrm, gfni, avx512_bitalg, f16c, pku, cet_ibt, cet_ss, avx512_ifma

Memory: 4k page, system-wide physical 7893M (480M free)
TotalPageFile size 32469M (AvailPageFile size 4M)
current process WorkingSet (physical memory assigned to process): 88M, peak: 88M
current process commit charge ("private bytes"): 230M, peak: 230M

vm_info: Java HotSpot(TM) 64-Bit Server VM (20.0.2+9-78) for windows-amd64 JRE (20.0.2+9-78), built on 2023-06-14T10:08:48Z by "mach5one" with MS VC++ 17.1 (VS2022)

END.
